2023-01-12 22:54:43.324 | INFO     |  4425 | __main__:create_enclosure:55 | Creating generic enclosure, platform='None'
2023-01-12 22:54:43.346 | INFO     |  4425 | mycroft.messagebus.load_config:load_message_bus_config:33 | Loading message bus configs
2023-01-12 22:54:43.350 | INFO     |  4425 | mycroft.client.enclosure.base:create_gui_service:473 | Starting message bus for GUI...
2023-01-12 22:54:43.355 | INFO     |  4425 | mycroft.client.enclosure.base:create_gui_service:483 | GUI Message bus started!
2023-01-12 22:54:43.355 | INFO     |  4425 | mycroft.enclosure.display_manager:init_display_manager_bus_connection:152 | Connecting display manager to messagebus
2023-01-12 22:54:43.356 | INFO     |  4425 | mycroft.messagebus.load_config:load_message_bus_config:33 | Loading message bus configs
2023-01-12 22:54:43.358 | INFO     |  4425 | mycroft_bus_client.client.client | Connected
2023-01-12 22:54:43.460 | INFO     |  4425 | mycroft_bus_client.client.client | Connected
2023-01-12 22:54:43.470 | INFO     |  4425 | mycroft.util.process_utils:start_message_bus_client:155 | Connected to messagebus
2023-01-12 22:54:43.470 | INFO     |  4425 | __main__:on_ready:26 | Enclosure started!
2023-01-12 22:56:48.992 | ERROR    |  4425 | concurrent.futures | exception calling callback for <Future at 0x7fae3013a2d0 state=finished raised Exception>
Traceback (most recent call last):
  File "/opt/hostedtoolcache/Python/3.7.15/x64/lib/python3.7/concurrent/futures/_base.py", line 324, in _invoke_callbacks
    callback(self)
  File "/opt/mycroft-core/.venv/lib/python3.7/site-packages/pyee/_executor.py", line 56, in _callback
    self.emit('error', exc)
  File "/opt/mycroft-core/.venv/lib/python3.7/site-packages/pyee/_base.py", line 116, in emit
    self._emit_handle_potential_error(event, args[0] if args else None)
  File "/opt/mycroft-core/.venv/lib/python3.7/site-packages/pyee/_base.py", line 86, in _emit_handle_potential_error
    raise error
  File "/opt/hostedtoolcache/Python/3.7.15/x64/lib/python3.7/concurrent/futures/thread.py", line 57, in run
    result = self.fn(*self.args, **self.kwargs)
  File "/opt/mycroft-core/mycroft/client/enclosure/generic/__init__.py", line 72, in is_device_ready
    raise Exception('Timeout waiting for services start.')
Exception: Timeout waiting for services start.
2023-01-12 23:02:24.039 | INFO     |  4425 | __main__:on_stopping:30 | Enclosure is shutting down...
