2022-12-28 23:02:38.185 | INFO     |  4543 | mycroft.messagebus.load_config:load_message_bus_config:33 | Loading message bus configs
2022-12-28 23:02:38.188 | ERROR    |  4543 | mycroft_bus_client.client.client | === ConnectionRefusedError(111, 'Connection refused') ===
Traceback (most recent call last):
  File "/opt/mycroft-core/.venv/lib/python3.7/site-packages/websocket/_app.py", line 318, in run_forever
    proxy_type=proxy_type)
  File "/opt/mycroft-core/.venv/lib/python3.7/site-packages/websocket/_core.py", line 250, in connect
    options.pop('socket', None))
  File "/opt/mycroft-core/.venv/lib/python3.7/site-packages/websocket/_http.py", line 130, in connect
    sock = _open_socket(addrinfo_list, options.sockopt, options.timeout)
  File "/opt/mycroft-core/.venv/lib/python3.7/site-packages/websocket/_http.py", line 208, in _open_socket
    raise err
  File "/opt/mycroft-core/.venv/lib/python3.7/site-packages/websocket/_http.py", line 185, in _open_socket
    sock.connect(address)
ConnectionRefusedError: [Errno 111] Connection refused
2022-12-28 23:02:38.188 | ERROR    |  4543 | mycroft_bus_client.client.client | Exception closing websocket: ConnectionRefusedError(111, 'Connection refused')
2022-12-28 23:02:38.188 | WARNING  |  4543 | mycroft_bus_client.client.client | Message Bus Client will reconnect in 5.0 seconds.
2022-12-28 23:02:43.196 | INFO     |  4543 | mycroft_bus_client.client.client | Connected
2022-12-28 23:02:43.200 | INFO     |  4543 | mycroft.util.process_utils:start_message_bus_client:155 | Connected to messagebus
2022-12-28 23:02:43.209 | INFO     |  4543 | mycroft.skills.msm_wrapper:create_msm:96 | Acquiring lock to instantiate MSM
2022-12-28 23:02:43.210 | INFO     |  4543 | msm.mycroft_skills_manager | building SkillEntry objects for all skills
2022-12-28 23:02:43.608 | INFO     |  4543 | mycroft.skills.msm_wrapper:create_msm:112 | Releasing MSM instantiation lock.
2022-12-28 23:02:43.608 | INFO     |  4543 | mycroft.skills.skill_updater:_log_next_download_time:267 | Next scheduled skill update: 2022-12-28 23:02:42.608281
2022-12-28 23:02:43.609 | INFO     |  4543 | msm.skill_entry | Downloading skill: https://github.com/mycroftai/skill-pairing
2022-12-28 23:02:43.862 | INFO     |  4543 | msm.skill_entry | Installing system requirements...
2022-12-28 23:02:43.873 | INFO     |  4543 | msm.skill_entry | Successfully installed mycroft-pairing
2022-12-28 23:02:43.873 | INFO     |  4543 | msm.mycroft_skills_manager | invalidating skills cache
2022-12-28 23:02:43.874 | INFO     |  4543 | mycroft.skills.skill_loader:load:185 | ATTEMPTING TO LOAD SKILL: mycroft-pairing.mycroftai
2022-12-28 23:02:43.882 | INFO     |  4543 | mycroft.skills.settings:get_local_settings:83 | /opt/mycroft/skills/mycroft-pairing.mycroftai/settings.json
2022-12-28 23:02:43.890 | INFO     |  4543 | mycroft.skills.skill_loader:_check_for_first_run:324 | First run of mycroft-pairing.mycroftai
2022-12-28 23:02:43.891 | INFO     |  4543 | mycroft.skills.settings:save_settings:116 | Skill settings successfully saved to /home/runner/.config/mycroft/skills/mycroft-pairing.mycroftai/settings.json
2022-12-28 23:02:43.891 | INFO     |  4543 | mycroft.skills.skill_loader:_communicate_load_status:344 | Skill mycroft-pairing.mycroftai loaded successfully
2022-12-28 23:02:43.891 | INFO     |  4543 | msm.skill_entry | Downloading skill: https://github.com/mycroftai/skill-volume
2022-12-28 23:02:44.177 | INFO     |  4543 | msm.skill_entry | Installing system requirements...
2022-12-28 23:02:44.189 | INFO     |  4543 | msm.skill_entry | Installing requirements.txt for mycroft-volume
2022-12-28 23:02:45.014 | INFO     |  4543 | msm.skill_entry | Successfully installed mycroft-volume
2022-12-28 23:02:45.015 | INFO     |  4543 | msm.mycroft_skills_manager | invalidating skills cache
2022-12-28 23:02:45.016 | INFO     |  4543 | mycroft.skills.skill_loader:load:185 | ATTEMPTING TO LOAD SKILL: mycroft-volume.mycroftai
2022-12-28 23:02:45.024 | INFO     |  4543 | mycroft.skills.settings:get_local_settings:83 | /opt/mycroft/skills/mycroft-volume.mycroftai/settings.json
ALSA lib confmisc.c:855:(parse_card) cannot find card '0'
ALSA lib conf.c:5178:(_snd_config_evaluate) function snd_func_card_inum returned error: No such file or directory
ALSA lib confmisc.c:422:(snd_func_concat) error evaluating strings
ALSA lib conf.c:5178:(_snd_config_evaluate) function snd_func_concat returned error: No such file or directory
ALSA lib confmisc.c:1334:(snd_func_refer) error evaluating name
ALSA lib conf.c:5178:(_snd_config_evaluate) function snd_func_refer returned error: No such file or directory
ALSA lib conf.c:5701:(snd_config_expand) Evaluate error: No such file or directory
ALSA lib control.c:1528:(snd_ctl_open_noupdate) Invalid CTL default
ALSA lib confmisc.c:855:(parse_card) cannot find card '0'
ALSA lib conf.c:5178:(_snd_config_evaluate) function snd_func_card_inum returned error: No such file or directory
ALSA lib confmisc.c:422:(snd_func_concat) error evaluating strings
ALSA lib conf.c:5178:(_snd_config_evaluate) function snd_func_concat returned error: No such file or directory
ALSA lib confmisc.c:1334:(snd_func_refer) error evaluating name
ALSA lib conf.c:5178:(_snd_config_evaluate) function snd_func_refer returned error: No such file or directory
ALSA lib conf.c:5701:(snd_config_expand) Evaluate error: No such file or directory
ALSA lib control.c:1528:(snd_ctl_open_noupdate) Invalid CTL default
2022-12-28 23:02:45.118 | ERROR    |  4543 | VolumeSkill | Couldn't allocate mixer, ALSAAudioError('No such file or directory [default]')
2022-12-28 23:02:48.122 | INFO     |  4543 | mycroft.skills.skill_loader:_check_for_first_run:324 | First run of mycroft-volume.mycroftai
2022-12-28 23:02:48.123 | INFO     |  4543 | mycroft.skills.settings:save_settings:116 | Skill settings successfully saved to /home/runner/.config/mycroft/skills/mycroft-volume.mycroftai/settings.json
2022-12-28 23:02:48.127 | INFO     |  4543 | mycroft.skills.skill_loader:_communicate_load_status:344 | Skill mycroft-volume.mycroftai loaded successfully
2022-12-28 23:02:48.127 | INFO     |  4543 | __main__:on_started:177 | Skills service is starting up.
2022-12-28 23:02:48.196 | INFO     |  4543 | __main__:_update_system:154 | Attempting system update...
2022-12-28 23:02:51.206 | INFO     |  4543 | mycroft.enclosure.display_manager:_write_data:70 | Display Manager is creating /tmp/mycroft/ipc/managers/disp_info
2022-12-28 23:02:51.207 | INFO     |  4543 | __main__:_ensure_device_is_paired:133 | Device not paired, invoking the pairing skill
2022-12-28 23:02:51.216 | INFO     |  4543 | __main__:on_alive:181 | Skills service is alive.
2022-12-28 23:02:51.229 | INFO     |  4543 | msm.mycroft_skills_manager | building SkillEntry objects for all skills
2022-12-28 23:02:51.427 | INFO     |  4543 | PairingSkill | Communicating account URL to user
2022-12-28 23:02:52.124 | WARNING  |  4543 | msm.mycroft_skills_manager | No such default skill: mycroft-pandora
2022-12-28 23:02:52.125 | INFO     |  4543 | mycroft.skills.skill_manager:run:234 | Not all default skills are installed, performing skill update...
2022-12-28 23:02:52.125 | INFO     |  4543 | mycroft.skills.skill_updater:update_skills:149 | Beginning skill update...
2022-12-28 23:02:52.193 | INFO     |  4543 | msm.mycroft_skills_manager | building SkillEntry objects for all skills
2022-12-28 23:02:52.447 | INFO     |  4543 | msm.mycroft_skills_manager | invalidating skills cache
2022-12-28 23:02:52.466 | INFO     |  4543 | msm.skill_entry | Downloading skill: https://github.com/mycroftai/fallback-unknown
2022-12-28 23:02:52.471 | INFO     |  4543 | msm.skill_entry | Downloading skill: https://github.com/mycroftai/fallback-wolfram-alpha
2022-12-28 23:02:52.473 | INFO     |  4543 | msm.skill_entry | Downloading skill: https://github.com/mycroftai/skill-alarm
2022-12-28 23:02:52.477 | INFO     |  4543 | msm.skill_entry | Downloading skill: https://github.com/mycroftai/skill-audio-record
2022-12-28 23:02:52.482 | INFO     |  4543 | msm.skill_entry | Downloading skill: https://github.com/mycroftai/skill-configuration
2022-12-28 23:02:52.497 | INFO     |  4543 | msm.skill_entry | Downloading skill: https://github.com/mycroftai/skill-date-time
2022-12-28 23:02:52.502 | INFO     |  4543 | msm.skill_entry | Downloading skill: https://github.com/mycroftai/fallback-duckduckgo
2022-12-28 23:02:52.506 | INFO     |  4543 | msm.skill_entry | Downloading skill: https://github.com/mycroftai/skill-hello-world
2022-12-28 23:02:52.509 | INFO     |  4543 | msm.skill_entry | Downloading skill: https://github.com/mycroftai/skill-installer
2022-12-28 23:02:52.512 | INFO     |  4543 | msm.skill_entry | Downloading skill: https://github.com/mycroftai/skill-ip
2022-12-28 23:02:52.517 | INFO     |  4543 | msm.skill_entry | Downloading skill: https://github.com/mycroftai/skill-joke
2022-12-28 23:02:52.531 | INFO     |  4543 | msm.skill_entry | Downloading skill: https://github.com/mycroftai/skill-naptime
2022-12-28 23:02:52.533 | INFO     |  4543 | msm.skill_entry | Downloading skill: https://github.com/mycroftai/skill-npr-news
2022-12-28 23:02:52.537 | INFO     |  4543 | msm.skill_entry | Downloading skill: https://github.com/mycroftai/skill-personal
2022-12-28 23:02:52.565 | INFO     |  4543 | msm.skill_entry | Downloading skill: https://github.com/mycroftai/skill-playback-control
2022-12-28 23:02:52.585 | INFO     |  4543 | msm.skill_entry | Downloading skill: https://github.com/mycroftai/skill-reminder
2022-12-28 23:02:52.587 | INFO     |  4543 | msm.skill_entry | Downloading skill: https://github.com/mycroftai/skill-singing
2022-12-28 23:02:53.897 | INFO     |  4543 | msm.skill_entry | Installing system requirements...
2022-12-28 23:02:54.090 | INFO     |  4543 | msm.skill_entry | Installing system requirements...
2022-12-28 23:02:54.153 | INFO     |  4543 | msm.skill_entry | Installing system requirements...
2022-12-28 23:02:54.171 | INFO     |  4543 | msm.skill_entry | Installing system requirements...
2022-12-28 23:02:54.180 | INFO     |  4543 | msm.skill_entry | Installing system requirements...
2022-12-28 23:02:54.183 | INFO     |  4543 | msm.skill_entry | Installing system requirements...
2022-12-28 23:02:54.216 | INFO     |  4543 | msm.skill_entry | Installing system requirements...
2022-12-28 23:02:54.224 | INFO     |  4543 | msm.skill_entry | Installing requirements.txt for mycroft-joke
2022-12-28 23:02:54.372 | INFO     |  4543 | msm.skill_entry | Installing system requirements...
2022-12-28 23:02:54.381 | INFO     |  4543 | msm.skill_entry | Installing system requirements...
2022-12-28 23:02:54.386 | ERROR    |  4543 | msm.mycroft_skills_manager | Error running install_or_update on homeassistant.mycroftai: MergeConflict
2022-12-28 23:02:54.423 | INFO     |  4543 | msm.skill_entry | Downloading skill: https://github.com/mycroftai/skill-speak
2022-12-28 23:02:54.425 | INFO     |  4543 | msm.skill_entry | Successfully installed mycroft-hello-world
2022-12-28 23:02:54.425 | INFO     |  4543 | msm.mycroft_skills_manager | invalidating skills cache
2022-12-28 23:02:54.426 | INFO     |  4543 | msm.skill_entry | Downloading skill: https://github.com/mycroftai/skill-spelling
2022-12-28 23:02:54.455 | INFO     |  4543 | msm.skill_entry | Installing requirements.txt for mycroft-ip
2022-12-28 23:02:54.465 | INFO     |  4543 | msm.skill_entry | Successfully installed mycroft-personal
2022-12-28 23:02:54.466 | INFO     |  4543 | msm.mycroft_skills_manager | invalidating skills cache
2022-12-28 23:02:54.467 | INFO     |  4543 | msm.skill_entry | Downloading skill: https://github.com/mycroftai/skill-stop
2022-12-28 23:02:54.481 | INFO     |  4543 | msm.skill_entry | Successfully installed mycroft-naptime
2022-12-28 23:02:54.482 | INFO     |  4543 | msm.mycroft_skills_manager | invalidating skills cache
2022-12-28 23:02:54.489 | INFO     |  4543 | msm.skill_entry | Installing requirements.txt for fallback-wolfram-alpha
2022-12-28 23:02:54.490 | INFO     |  4543 | msm.skill_entry | Installing requirements.txt for mycroft-audio-record
2022-12-28 23:02:54.490 | INFO     |  4543 | msm.skill_entry | Successfully installed fallback-unknown
2022-12-28 23:02:54.491 | INFO     |  4543 | msm.mycroft_skills_manager | invalidating skills cache
2022-12-28 23:02:54.492 | INFO     |  4543 | msm.skill_entry | Downloading skill: https://github.com/mycroftai/mycroft-timer
2022-12-28 23:02:54.503 | INFO     |  4543 | msm.skill_entry | Downloading skill: https://github.com/mycroftai/skill-support
2022-12-28 23:02:54.522 | INFO     |  4543 | msm.skill_entry | Installing requirements.txt for mycroft-fallback-duck-duck-go
2022-12-28 23:02:54.537 | INFO     |  4543 | msm.skill_entry | Installing system requirements...
2022-12-28 23:02:54.552 | INFO     |  4543 | msm.skill_entry | Nothing new for mycroft-pairing
2022-12-28 23:02:54.557 | INFO     |  4543 | msm.skill_entry | Successfully installed mycroft-playback-control
2022-12-28 23:02:54.563 | INFO     |  4543 | msm.mycroft_skills_manager | invalidating skills cache
2022-12-28 23:02:54.565 | INFO     |  4543 | msm.skill_entry | Downloading skill: https://github.com/mycroftai/skill-weather
2022-12-28 23:02:54.609 | INFO     |  4543 | msm.skill_entry | Installing system requirements...
2022-12-28 23:02:54.726 | INFO     |  4543 | msm.skill_entry | Downloading skill: https://github.com/mycroftai/skill-version-checker
2022-12-28 23:02:54.802 | INFO     |  4543 | msm.skill_entry | Installing system requirements...
2022-12-28 23:02:54.821 | INFO     |  4543 | msm.skill_entry | Installing system requirements...
2022-12-28 23:02:54.829 | INFO     |  4543 | msm.skill_entry | Installing system requirements...
2022-12-28 23:02:54.872 | INFO     |  4543 | msm.skill_entry | Installing requirements.txt for mycroft-configuration
2022-12-28 23:02:54.879 | INFO     |  4543 | msm.skill_entry | Successfully installed mycroft-reminder
2022-12-28 23:02:54.879 | INFO     |  4543 | msm.mycroft_skills_manager | invalidating skills cache
2022-12-28 23:02:54.880 | INFO     |  4543 | msm.skill_entry | Downloading skill: https://github.com/mycroftai/skill-wiki
2022-12-28 23:02:54.890 | INFO     |  4543 | msm.skill_entry | Installing requirements.txt for mycroft-installer
2022-12-28 23:02:55.027 | INFO     |  4543 | msm.skill_entry | Nothing new for mycroft-volume
2022-12-28 23:02:55.061 | INFO     |  4543 | msm.skill_entry | Installing system requirements...
2022-12-28 23:02:55.130 | INFO     |  4543 | msm.skill_entry | Installing requirements.txt for mycroft-volume
2022-12-28 23:02:55.410 | INFO     |  4543 | msm.skill_entry | Installing system requirements...
2022-12-28 23:02:55.457 | INFO     |  4543 | msm.skill_entry | Installing requirements.txt for mycroft-npr-news
2022-12-28 23:02:55.653 | INFO     |  4543 | msm.skill_entry | Installing system requirements...
2022-12-28 23:02:55.703 | INFO     |  4543 | msm.skill_entry | Installing requirements.txt for mycroft-date-time
2022-12-28 23:02:55.757 | INFO     |  4543 | msm.skill_entry | Installing system requirements...
2022-12-28 23:02:55.772 | INFO     |  4543 | msm.skill_entry | Installing requirements.txt for mycroft-alarm
2022-12-28 23:02:56.441 | INFO     |  4543 | msm.skill_entry | Installing system requirements...
2022-12-28 23:02:56.513 | INFO     |  4543 | msm.skill_entry | Installing system requirements...
2022-12-28 23:02:56.545 | INFO     |  4543 | msm.skill_entry | Successfully installed mycroft-version-checker
2022-12-28 23:02:56.546 | INFO     |  4543 | msm.mycroft_skills_manager | invalidating skills cache
2022-12-28 23:02:56.547 | INFO     |  4543 | msm.skill_entry | Downloading skill: https://github.com/MycroftAI/skill-query
2022-12-28 23:02:56.557 | INFO     |  4543 | msm.skill_entry | Installing system requirements...
2022-12-28 23:02:56.562 | INFO     |  4543 | msm.skill_entry | Installing system requirements...
2022-12-28 23:02:56.567 | INFO     |  4543 | msm.skill_entry | Installing system requirements...
2022-12-28 23:02:56.587 | INFO     |  4543 | msm.skill_entry | Successfully installed mycroft-stop
2022-12-28 23:02:56.587 | INFO     |  4543 | msm.mycroft_skills_manager | invalidating skills cache
2022-12-28 23:02:56.602 | INFO     |  4543 | msm.skill_entry | Installing system requirements...
2022-12-28 23:02:56.607 | INFO     |  4543 | msm.skill_entry | Installing system requirements...
2022-12-28 23:02:56.635 | INFO     |  4543 | msm.skill_entry | Successfully installed mycroft-spelling
2022-12-28 23:02:56.635 | INFO     |  4543 | msm.mycroft_skills_manager | invalidating skills cache
2022-12-28 23:02:56.640 | INFO     |  4543 | msm.skill_entry | Installing requirements.txt for mycroft-wiki
2022-12-28 23:02:56.652 | INFO     |  4543 | msm.skill_entry | Successfully installed mycroft-speak
2022-12-28 23:02:56.652 | INFO     |  4543 | msm.mycroft_skills_manager | invalidating skills cache
2022-12-28 23:02:56.663 | INFO     |  4543 | msm.skill_entry | Installing requirements.txt for mycroft-support-helper
2022-12-28 23:02:56.666 | INFO     |  4543 | msm.skill_entry | Successfully installed mycroft-timer
2022-12-28 23:02:56.666 | INFO     |  4543 | msm.mycroft_skills_manager | invalidating skills cache
2022-12-28 23:02:56.803 | ERROR    |  4543 | msm.mycroft_skills_manager | Error running install_or_update on homeassistant: MergeConflict
2022-12-28 23:02:56.857 | INFO     |  4543 | msm.skill_entry | Installing system requirements...
2022-12-28 23:02:56.874 | INFO     |  4543 | msm.skill_entry | Installing requirements.txt for mycroft-weather
2022-12-28 23:02:56.905 | INFO     |  4543 | msm.skill_entry | Installing system requirements...
2022-12-28 23:02:56.918 | INFO     |  4543 | msm.skill_entry | Successfully installed mycroft-singing
2022-12-28 23:02:56.918 | INFO     |  4543 | msm.mycroft_skills_manager | invalidating skills cache
2022-12-28 23:02:57.015 | INFO     |  4543 | msm.skill_entry | Successfully installed mycroft-joke
2022-12-28 23:02:57.015 | INFO     |  4543 | msm.mycroft_skills_manager | invalidating skills cache
2022-12-28 23:02:57.132 | INFO     |  4543 | msm.skill_entry | Installing system requirements...
2022-12-28 23:02:57.143 | INFO     |  4543 | msm.skill_entry | Successfully installed fallback-query
2022-12-28 23:02:57.143 | INFO     |  4543 | msm.mycroft_skills_manager | invalidating skills cache
2022-12-28 23:02:57.908 | INFO     |  4543 | msm.skill_entry | Successfully installed mycroft-ip
2022-12-28 23:02:57.908 | INFO     |  4543 | msm.mycroft_skills_manager | invalidating skills cache
2022-12-28 23:03:00.907 | INFO     |  4543 | msm.skill_entry | Successfully installed fallback-wolfram-alpha
2022-12-28 23:03:00.907 | INFO     |  4543 | msm.mycroft_skills_manager | invalidating skills cache
2022-12-28 23:03:01.792 | INFO     |  4543 | msm.skill_entry | Successfully installed mycroft-audio-record
2022-12-28 23:03:01.792 | INFO     |  4543 | msm.mycroft_skills_manager | invalidating skills cache
2022-12-28 23:03:02.974 | INFO     |  4543 | msm.skill_entry | Successfully installed mycroft-fallback-duck-duck-go
2022-12-28 23:03:02.974 | INFO     |  4543 | msm.mycroft_skills_manager | invalidating skills cache
2022-12-28 23:03:05.831 | INFO     |  4543 | msm.skill_entry | Successfully installed mycroft-configuration
2022-12-28 23:03:05.832 | INFO     |  4543 | msm.mycroft_skills_manager | invalidating skills cache
2022-12-28 23:03:06.728 | INFO     |  4543 | msm.skill_entry | Successfully installed mycroft-installer
2022-12-28 23:03:06.729 | INFO     |  4543 | msm.mycroft_skills_manager | invalidating skills cache
2022-12-28 23:03:11.501 | INFO     |  4543 | msm.skill_entry | Successfully installed mycroft-npr-news
2022-12-28 23:03:11.501 | INFO     |  4543 | msm.mycroft_skills_manager | invalidating skills cache
2022-12-28 23:03:21.764 | INFO     |  4543 | PairingSkill | Initiating device pairing sequence...
2022-12-28 23:03:21.764 | INFO     |  4543 | PairingSkill | Retrieving pairing code from device API...
2022-12-28 23:03:21.922 | INFO     |  4543 | PairingSkill | Pairing code obtained: F3NVWC
2022-12-28 23:03:21.922 | INFO     |  4543 | PairingSkill | Communicating pairing URL to user
2022-12-28 23:03:30.132 | INFO     |  4543 | msm.skill_entry | Successfully installed mycroft-date-time
2022-12-28 23:03:30.132 | INFO     |  4543 | msm.mycroft_skills_manager | invalidating skills cache
2022-12-28 23:03:31.035 | INFO     |  4543 | msm.skill_entry | Successfully installed mycroft-alarm
2022-12-28 23:03:31.035 | INFO     |  4543 | msm.mycroft_skills_manager | invalidating skills cache
2022-12-28 23:03:33.122 | INFO     |  4543 | msm.skill_entry | Successfully installed mycroft-wiki
2022-12-28 23:03:33.122 | INFO     |  4543 | msm.mycroft_skills_manager | invalidating skills cache
2022-12-28 23:03:35.566 | INFO     |  4543 | msm.skill_entry | Successfully installed mycroft-support-helper
2022-12-28 23:03:35.566 | INFO     |  4543 | msm.mycroft_skills_manager | invalidating skills cache
2022-12-28 23:03:37.944 | INFO     |  4543 | msm.skill_entry | Successfully installed mycroft-weather
2022-12-28 23:03:37.945 | INFO     |  4543 | msm.mycroft_skills_manager | invalidating skills cache
2022-12-28 23:03:38.011 | INFO     |  4543 | mycroft.skills.skill_updater:_log_next_download_time:267 | Next scheduled skill update: 2022-12-29 00:03:38.010766
2022-12-28 23:03:38.011 | INFO     |  4543 | mycroft.skills.skill_updater:update_skills:170 | Skill update complete
2022-12-28 23:03:38.011 | INFO     |  4543 | mycroft.skills.skill_manager:_load_on_startup:273 | Loading installed skills...
2022-12-28 23:03:38.013 | INFO     |  4543 | mycroft.skills.skill_loader:load:185 | ATTEMPTING TO LOAD SKILL: mycroft-installer.mycroftai
2022-12-28 23:03:38.027 | INFO     |  4543 | mycroft.skills.settings:get_local_settings:83 | /opt/mycroft/skills/mycroft-installer.mycroftai/settings.json
2022-12-28 23:03:38.055 | INFO     |  4543 | mycroft.skills.skill_loader:_check_for_first_run:324 | First run of mycroft-installer.mycroftai
2022-12-28 23:03:38.064 | INFO     |  4543 | mycroft.skills.settings:save_settings:116 | Skill settings successfully saved to /home/runner/.config/mycroft/skills/mycroft-installer.mycroftai/settings.json
2022-12-28 23:03:38.067 | INFO     |  4543 | mycroft.skills.skill_loader:_communicate_load_status:344 | Skill mycroft-installer.mycroftai loaded successfully
2022-12-28 23:03:38.068 | INFO     |  4543 | mycroft.skills.skill_loader:load:185 | ATTEMPTING TO LOAD SKILL: mycroft-version-checker.mycroftai
2022-12-28 23:03:38.073 | INFO     |  4543 | mycroft.skills.settings:get_local_settings:83 | /opt/mycroft/skills/mycroft-version-checker.mycroftai/settings.json
2022-12-28 23:03:38.117 | INFO     |  4543 | mycroft.skills.skill_loader:_check_for_first_run:324 | First run of mycroft-version-checker.mycroftai
2022-12-28 23:03:38.118 | INFO     |  4543 | mycroft.skills.settings:save_settings:116 | Skill settings successfully saved to /home/runner/.config/mycroft/skills/mycroft-version-checker.mycroftai/settings.json
2022-12-28 23:03:38.126 | INFO     |  4543 | mycroft.skills.skill_loader:_communicate_load_status:344 | Skill mycroft-version-checker.mycroftai loaded successfully
2022-12-28 23:03:38.126 | INFO     |  4543 | mycroft.skills.skill_loader:load:185 | ATTEMPTING TO LOAD SKILL: mycroft-singing.mycroftai
2022-12-28 23:03:38.140 | INFO     |  4543 | mycroft.skills.settings:get_local_settings:83 | /opt/mycroft/skills/mycroft-singing.mycroftai/settings.json
2022-12-28 23:03:38.163 | INFO     |  4543 | mycroft.skills.skill_loader:_check_for_first_run:324 | First run of mycroft-singing.mycroftai
2022-12-28 23:03:38.164 | INFO     |  4543 | mycroft.skills.settings:save_settings:116 | Skill settings successfully saved to /home/runner/.config/mycroft/skills/mycroft-singing.mycroftai/settings.json
2022-12-28 23:03:38.169 | INFO     |  4543 | mycroft.skills.skill_loader:_communicate_load_status:344 | Skill mycroft-singing.mycroftai loaded successfully
2022-12-28 23:03:38.170 | INFO     |  4543 | mycroft.skills.skill_loader:load:185 | ATTEMPTING TO LOAD SKILL: mycroft-timer.mycroftai
2022-12-28 23:03:38.190 | INFO     |  4543 | mycroft.skills.settings:get_local_settings:83 | /opt/mycroft/skills/mycroft-timer.mycroftai/settings.json
2022-12-28 23:03:38.290 | INFO     |  4543 | mycroft.skills.skill_loader:_check_for_first_run:324 | First run of mycroft-timer.mycroftai
2022-12-28 23:03:38.291 | INFO     |  4543 | mycroft.skills.settings:save_settings:116 | Skill settings successfully saved to /home/runner/.config/mycroft/skills/mycroft-timer.mycroftai/settings.json
2022-12-28 23:03:38.302 | INFO     |  4543 | mycroft.skills.skill_loader:_communicate_load_status:344 | Skill mycroft-timer.mycroftai loaded successfully
2022-12-28 23:03:38.303 | INFO     |  4543 | mycroft.skills.skill_loader:load:185 | ATTEMPTING TO LOAD SKILL: mycroft-audio-record.mycroftai
2022-12-28 23:03:38.307 | INFO     |  4543 | mycroft.skills.settings:get_local_settings:83 | /opt/mycroft/skills/mycroft-audio-record.mycroftai/settings.json
2022-12-28 23:03:38.357 | INFO     |  4543 | mycroft.skills.skill_loader:_check_for_first_run:324 | First run of mycroft-audio-record.mycroftai
2022-12-28 23:03:38.358 | INFO     |  4543 | mycroft.skills.settings:save_settings:116 | Skill settings successfully saved to /home/runner/.config/mycroft/skills/mycroft-audio-record.mycroftai/settings.json
2022-12-28 23:03:38.362 | INFO     |  4543 | mycroft.skills.skill_loader:_communicate_load_status:344 | Skill mycroft-audio-record.mycroftai loaded successfully
2022-12-28 23:03:38.363 | INFO     |  4543 | mycroft.skills.skill_loader:load:185 | ATTEMPTING TO LOAD SKILL: mycroft-spelling.mycroftai
2022-12-28 23:03:38.366 | INFO     |  4543 | mycroft.skills.settings:get_local_settings:83 | /opt/mycroft/skills/mycroft-spelling.mycroftai/settings.json
2022-12-28 23:03:38.409 | INFO     |  4543 | mycroft.skills.skill_loader:_check_for_first_run:324 | First run of mycroft-spelling.mycroftai
2022-12-28 23:03:38.409 | INFO     |  4543 | mycroft.skills.settings:save_settings:116 | Skill settings successfully saved to /home/runner/.config/mycroft/skills/mycroft-spelling.mycroftai/settings.json
2022-12-28 23:03:38.419 | INFO     |  4543 | mycroft.skills.skill_loader:_communicate_load_status:344 | Skill mycroft-spelling.mycroftai loaded successfully
2022-12-28 23:03:38.419 | INFO     |  4543 | mycroft.skills.skill_loader:load:185 | ATTEMPTING TO LOAD SKILL: mycroft-naptime.mycroftai
2022-12-28 23:03:38.427 | INFO     |  4543 | mycroft.skills.settings:get_local_settings:83 | /opt/mycroft/skills/mycroft-naptime.mycroftai/settings.json
2022-12-28 23:03:38.457 | INFO     |  4543 | mycroft.skills.skill_loader:_check_for_first_run:324 | First run of mycroft-naptime.mycroftai
2022-12-28 23:03:38.457 | INFO     |  4543 | mycroft.skills.settings:save_settings:116 | Skill settings successfully saved to /home/runner/.config/mycroft/skills/mycroft-naptime.mycroftai/settings.json
2022-12-28 23:03:38.458 | INFO     |  4543 | mycroft.skills.skill_loader:_communicate_load_status:344 | Skill mycroft-naptime.mycroftai loaded successfully
2022-12-28 23:03:38.458 | INFO     |  4543 | mycroft.skills.skill_loader:load:185 | ATTEMPTING TO LOAD SKILL: mycroft-alarm.mycroftai
2022-12-28 23:03:38.520 | INFO     |  4543 | mycroft.skills.settings:get_local_settings:83 | /opt/mycroft/skills/mycroft-alarm.mycroftai/settings.json
ALSA lib confmisc.c:855:(parse_card) cannot find card '0'
ALSA lib conf.c:5178:(_snd_config_evaluate) function snd_func_card_inum returned error: No such file or directory
ALSA lib confmisc.c:422:(snd_func_concat) error evaluating strings
ALSA lib conf.c:5178:(_snd_config_evaluate) function snd_func_concat returned error: No such file or directory
ALSA lib confmisc.c:1334:(snd_func_refer) error evaluating name
ALSA lib conf.c:5178:(_snd_config_evaluate) function snd_func_refer returned error: No such file or directory
ALSA lib conf.c:5701:(snd_config_expand) Evaluate error: No such file or directory
ALSA lib control.c:1528:(snd_ctl_open_noupdate) Invalid CTL default
ALSA lib confmisc.c:855:(parse_card) cannot find card '0'
ALSA lib conf.c:5178:(_snd_config_evaluate) function snd_func_card_inum returned error: No such file or directory
ALSA lib confmisc.c:422:(snd_func_concat) error evaluating strings
ALSA lib conf.c:5178:(_snd_config_evaluate) function snd_func_concat returned error: No such file or directory
ALSA lib confmisc.c:1334:(snd_func_refer) error evaluating name
ALSA lib conf.c:5178:(_snd_config_evaluate) function snd_func_refer returned error: No such file or directory
ALSA lib conf.c:5701:(snd_config_expand) Evaluate error: No such file or directory
ALSA lib control.c:1528:(snd_ctl_open_noupdate) Invalid CTL default
2022-12-28 23:03:38.533 | ERROR    |  4543 | AlarmSkill | Couldn't allocate mixer, ALSAAudioError('No such file or directory [default]')
2022-12-28 23:03:38.634 | INFO     |  4543 | mycroft.skills.skill_loader:_check_for_first_run:324 | First run of mycroft-alarm.mycroftai
2022-12-28 23:03:38.635 | INFO     |  4543 | mycroft.skills.settings:save_settings:116 | Skill settings successfully saved to /home/runner/.config/mycroft/skills/mycroft-alarm.mycroftai/settings.json
2022-12-28 23:03:38.636 | INFO     |  4543 | mycroft.skills.skill_loader:_communicate_load_status:344 | Skill mycroft-alarm.mycroftai loaded successfully
2022-12-28 23:03:38.645 | INFO     |  4543 | mycroft.skills.skill_loader:load:185 | ATTEMPTING TO LOAD SKILL: fallback-query.mycroftai
2022-12-28 23:03:38.666 | INFO     |  4543 | mycroft.skills.settings:get_local_settings:83 | /opt/mycroft/skills/fallback-query.mycroftai/settings.json
2022-12-28 23:03:38.691 | INFO     |  4543 | mycroft.skills.skill_loader:_check_for_first_run:324 | First run of fallback-query.mycroftai
2022-12-28 23:03:38.691 | INFO     |  4543 | mycroft.skills.settings:save_settings:116 | Skill settings successfully saved to /home/runner/.config/mycroft/skills/fallback-query.mycroftai/settings.json
2022-12-28 23:03:38.709 | INFO     |  4543 | mycroft.skills.skill_loader:_communicate_load_status:344 | Skill fallback-query.mycroftai loaded successfully
2022-12-28 23:03:38.710 | INFO     |  4543 | mycroft.skills.skill_loader:load:185 | ATTEMPTING TO LOAD SKILL: mycroft-configuration.mycroftai
2022-12-28 23:03:38.727 | INFO     |  4543 | mycroft.skills.settings:get_local_settings:83 | /opt/mycroft/skills/mycroft-configuration.mycroftai/settings.json
2022-12-28 23:03:38.806 | INFO     |  4543 | mycroft.skills.skill_loader:_check_for_first_run:324 | First run of mycroft-configuration.mycroftai
2022-12-28 23:03:38.807 | INFO     |  4543 | mycroft.skills.settings:save_settings:116 | Skill settings successfully saved to /home/runner/.config/mycroft/skills/mycroft-configuration.mycroftai/settings.json
2022-12-28 23:03:38.812 | INFO     |  4543 | mycroft.skills.skill_loader:_communicate_load_status:344 | Skill mycroft-configuration.mycroftai loaded successfully
2022-12-28 23:03:38.812 | INFO     |  4543 | mycroft.skills.skill_loader:load:185 | ATTEMPTING TO LOAD SKILL: mycroft-reminder.mycroftai
2022-12-28 23:03:38.857 | INFO     |  4543 | mycroft.skills.settings:get_local_settings:83 | /opt/mycroft/skills/mycroft-reminder.mycroftai/settings.json
2022-12-28 23:03:38.923 | INFO     |  4543 | mycroft.skills.skill_loader:_check_for_first_run:324 | First run of mycroft-reminder.mycroftai
2022-12-28 23:03:38.924 | INFO     |  4543 | mycroft.skills.settings:save_settings:116 | Skill settings successfully saved to /home/runner/.config/mycroft/skills/mycroft-reminder.mycroftai/settings.json
2022-12-28 23:03:38.933 | INFO     |  4543 | mycroft.skills.skill_loader:_communicate_load_status:344 | Skill mycroft-reminder.mycroftai loaded successfully
2022-12-28 23:03:38.933 | INFO     |  4543 | mycroft.skills.skill_loader:load:185 | ATTEMPTING TO LOAD SKILL: mycroft-date-time.mycroftai
2022-12-28 23:03:39.620 | INFO     |  4543 | mycroft.skills.settings:get_local_settings:83 | /opt/mycroft/skills/mycroft-date-time.mycroftai/settings.json
2022-12-28 23:03:39.686 | INFO     |  4543 | TimeSkill | Registering resting screen <bound method TimeSkill.handle_idle of <mycroft-date-time_mycroftai.TimeSkill object at 0x7f264ca3bad0>> for Time and Date.
2022-12-28 23:03:39.687 | INFO     |  4543 | TimeSkill | Registering resting screen
2022-12-28 23:03:39.690 | INFO     |  4543 | mycroft.skills.skill_loader:_check_for_first_run:324 | First run of mycroft-date-time.mycroftai
2022-12-28 23:03:39.690 | INFO     |  4543 | mycroft.skills.settings:save_settings:116 | Skill settings successfully saved to /home/runner/.config/mycroft/skills/mycroft-date-time.mycroftai/settings.json
2022-12-28 23:03:39.710 | INFO     |  4543 | mycroft.skills.skill_loader:_communicate_load_status:344 | Skill mycroft-date-time.mycroftai loaded successfully
2022-12-28 23:03:39.711 | INFO     |  4543 | mycroft.skills.skill_loader:load:185 | ATTEMPTING TO LOAD SKILL: mycroft-speak.mycroftai
2022-12-28 23:03:39.714 | INFO     |  4543 | mycroft.skills.settings:get_local_settings:83 | /opt/mycroft/skills/mycroft-speak.mycroftai/settings.json
2022-12-28 23:03:39.758 | INFO     |  4543 | mycroft.skills.skill_loader:_check_for_first_run:324 | First run of mycroft-speak.mycroftai
2022-12-28 23:03:39.759 | INFO     |  4543 | mycroft.skills.settings:save_settings:116 | Skill settings successfully saved to /home/runner/.config/mycroft/skills/mycroft-speak.mycroftai/settings.json
2022-12-28 23:03:39.767 | INFO     |  4543 | mycroft.skills.skill_loader:_communicate_load_status:344 | Skill mycroft-speak.mycroftai loaded successfully
2022-12-28 23:03:39.768 | INFO     |  4543 | mycroft.skills.skill_loader:load:185 | ATTEMPTING TO LOAD SKILL: homeassistant.mycroftai
2022-12-28 23:03:40.256 | INFO     |  4543 | mycroft.skills.settings:get_local_settings:83 | /opt/mycroft/skills/homeassistant.mycroftai/settings.json
2022-12-28 23:03:40.257 | INFO     |  4543 | mycroft.skills.settings:get_local_settings:83 | /opt/mycroft/skills/homeassistant.mycroftai/settings.json
2022-12-28 23:03:40.371 | INFO     |  4543 | mycroft.skills.skill_loader:_communicate_load_status:344 | Skill homeassistant.mycroftai loaded successfully
2022-12-28 23:03:40.372 | INFO     |  4543 | mycroft.skills.skill_loader:load:185 | ATTEMPTING TO LOAD SKILL: mycroft-hello-world.mycroftai
2022-12-28 23:03:40.376 | INFO     |  4543 | mycroft.skills.settings:get_local_settings:83 | /opt/mycroft/skills/mycroft-hello-world.mycroftai/settings.json
2022-12-28 23:03:40.415 | INFO     |  4543 | mycroft.skills.skill_loader:_check_for_first_run:324 | First run of mycroft-hello-world.mycroftai
2022-12-28 23:03:40.415 | INFO     |  4543 | mycroft.skills.settings:save_settings:116 | Skill settings successfully saved to /home/runner/.config/mycroft/skills/mycroft-hello-world.mycroftai/settings.json
2022-12-28 23:03:40.422 | INFO     |  4543 | mycroft.skills.skill_loader:_communicate_load_status:344 | Skill mycroft-hello-world.mycroftai loaded successfully
2022-12-28 23:03:40.423 | INFO     |  4543 | mycroft.skills.skill_loader:load:185 | ATTEMPTING TO LOAD SKILL: mycroft-fallback-duck-duck-go.mycroftai
2022-12-28 23:03:40.449 | INFO     |  4543 | mycroft.skills.settings:get_local_settings:83 | /opt/mycroft/skills/mycroft-fallback-duck-duck-go.mycroftai/settings.json
2022-12-28 23:03:40.477 | INFO     |  4543 | mycroft.skills.skill_loader:_check_for_first_run:324 | First run of mycroft-fallback-duck-duck-go.mycroftai
2022-12-28 23:03:40.478 | INFO     |  4543 | mycroft.skills.settings:save_settings:116 | Skill settings successfully saved to /home/runner/.config/mycroft/skills/mycroft-fallback-duck-duck-go.mycroftai/settings.json
2022-12-28 23:03:40.484 | INFO     |  4543 | mycroft.skills.skill_loader:_communicate_load_status:344 | Skill mycroft-fallback-duck-duck-go.mycroftai loaded successfully
2022-12-28 23:03:40.485 | INFO     |  4543 | mycroft.skills.skill_loader:load:185 | ATTEMPTING TO LOAD SKILL: mycroft-stop.mycroftai
2022-12-28 23:03:40.503 | INFO     |  4543 | mycroft.skills.settings:get_local_settings:83 | /opt/mycroft/skills/mycroft-stop.mycroftai/settings.json
2022-12-28 23:03:40.524 | INFO     |  4543 | mycroft.skills.skill_loader:_check_for_first_run:324 | First run of mycroft-stop.mycroftai
2022-12-28 23:03:40.525 | INFO     |  4543 | mycroft.skills.settings:save_settings:116 | Skill settings successfully saved to /home/runner/.config/mycroft/skills/mycroft-stop.mycroftai/settings.json
2022-12-28 23:03:40.543 | INFO     |  4543 | mycroft.skills.skill_loader:_communicate_load_status:344 | Skill mycroft-stop.mycroftai loaded successfully
2022-12-28 23:03:40.544 | INFO     |  4543 | mycroft.skills.skill_loader:load:185 | ATTEMPTING TO LOAD SKILL: mycroft-personal.mycroftai
2022-12-28 23:03:40.551 | INFO     |  4543 | mycroft.skills.settings:get_local_settings:83 | /opt/mycroft/skills/mycroft-personal.mycroftai/settings.json
2022-12-28 23:03:40.603 | INFO     |  4543 | mycroft.skills.skill_loader:_check_for_first_run:324 | First run of mycroft-personal.mycroftai
2022-12-28 23:03:40.604 | INFO     |  4543 | mycroft.skills.settings:save_settings:116 | Skill settings successfully saved to /home/runner/.config/mycroft/skills/mycroft-personal.mycroftai/settings.json
2022-12-28 23:03:40.610 | INFO     |  4543 | mycroft.skills.skill_loader:_communicate_load_status:344 | Skill mycroft-personal.mycroftai loaded successfully
2022-12-28 23:03:40.610 | INFO     |  4543 | mycroft.skills.skill_loader:load:185 | ATTEMPTING TO LOAD SKILL: mycroft-support-helper.mycroftai
2022-12-28 23:03:40.625 | INFO     |  4543 | mycroft.skills.settings:get_local_settings:83 | /opt/mycroft/skills/mycroft-support-helper.mycroftai/settings.json
2022-12-28 23:03:40.640 | INFO     |  4543 | mycroft.skills.skill_loader:_check_for_first_run:324 | First run of mycroft-support-helper.mycroftai
2022-12-28 23:03:40.640 | INFO     |  4543 | mycroft.skills.settings:save_settings:116 | Skill settings successfully saved to /home/runner/.config/mycroft/skills/mycroft-support-helper.mycroftai/settings.json
2022-12-28 23:03:40.644 | INFO     |  4543 | mycroft.skills.skill_loader:_communicate_load_status:344 | Skill mycroft-support-helper.mycroftai loaded successfully
2022-12-28 23:03:40.645 | INFO     |  4543 | mycroft.skills.skill_loader:load:185 | ATTEMPTING TO LOAD SKILL: mycroft-wiki.mycroftai
2022-12-28 23:03:40.653 | INFO     |  4543 | mycroft.skills.settings:get_local_settings:83 | /opt/mycroft/skills/mycroft-wiki.mycroftai/settings.json
2022-12-28 23:03:40.690 | INFO     |  4543 | mycroft.skills.skill_loader:_check_for_first_run:324 | First run of mycroft-wiki.mycroftai
2022-12-28 23:03:40.691 | INFO     |  4543 | mycroft.skills.settings:save_settings:116 | Skill settings successfully saved to /home/runner/.config/mycroft/skills/mycroft-wiki.mycroftai/settings.json
2022-12-28 23:03:40.698 | INFO     |  4543 | mycroft.skills.skill_loader:_communicate_load_status:344 | Skill mycroft-wiki.mycroftai loaded successfully
2022-12-28 23:03:40.699 | INFO     |  4543 | mycroft.skills.skill_loader:load:185 | ATTEMPTING TO LOAD SKILL: mycroft-weather.mycroftai
2022-12-28 23:03:40.741 | INFO     |  4543 | mycroft.skills.settings:get_local_settings:83 | /opt/mycroft/skills/mycroft-weather.mycroftai/settings.json
2022-12-28 23:03:40.878 | INFO     |  4543 | mycroft.skills.skill_loader:_check_for_first_run:324 | First run of mycroft-weather.mycroftai
2022-12-28 23:03:40.879 | INFO     |  4543 | mycroft.skills.settings:save_settings:116 | Skill settings successfully saved to /home/runner/.config/mycroft/skills/mycroft-weather.mycroftai/settings.json
2022-12-28 23:03:40.879 | INFO     |  4543 | mycroft.skills.skill_loader:_communicate_load_status:344 | Skill mycroft-weather.mycroftai loaded successfully
2022-12-28 23:03:40.900 | INFO     |  4543 | mycroft.skills.skill_loader:load:185 | ATTEMPTING TO LOAD SKILL: fallback-unknown.mycroftai
2022-12-28 23:03:40.904 | INFO     |  4543 | mycroft.skills.settings:get_local_settings:83 | /opt/mycroft/skills/fallback-unknown.mycroftai/settings.json
2022-12-28 23:03:40.941 | INFO     |  4543 | mycroft.skills.skill_loader:_check_for_first_run:324 | First run of fallback-unknown.mycroftai
2022-12-28 23:03:40.941 | INFO     |  4543 | mycroft.skills.settings:save_settings:116 | Skill settings successfully saved to /home/runner/.config/mycroft/skills/fallback-unknown.mycroftai/settings.json
2022-12-28 23:03:40.946 | INFO     |  4543 | mycroft.skills.skill_loader:_communicate_load_status:344 | Skill fallback-unknown.mycroftai loaded successfully
2022-12-28 23:03:40.947 | INFO     |  4543 | mycroft.skills.skill_loader:load:185 | ATTEMPTING TO LOAD SKILL: fallback-wolfram-alpha.mycroftai
2022-12-28 23:03:40.991 | INFO     |  4543 | mycroft.skills.settings:get_local_settings:83 | /opt/mycroft/skills/fallback-wolfram-alpha.mycroftai/settings.json
2022-12-28 23:03:41.025 | INFO     |  4543 | mycroft.skills.skill_loader:_check_for_first_run:324 | First run of fallback-wolfram-alpha.mycroftai
2022-12-28 23:03:41.026 | INFO     |  4543 | mycroft.skills.settings:save_settings:116 | Skill settings successfully saved to /home/runner/.config/mycroft/skills/fallback-wolfram-alpha.mycroftai/settings.json
2022-12-28 23:03:41.026 | INFO     |  4543 | mycroft.skills.skill_loader:_communicate_load_status:344 | Skill fallback-wolfram-alpha.mycroftai loaded successfully
2022-12-28 23:03:41.044 | INFO     |  4543 | mycroft.skills.skill_loader:load:185 | ATTEMPTING TO LOAD SKILL: mycroft-joke.mycroftai
2022-12-28 23:03:41.066 | INFO     |  4543 | mycroft.skills.settings:get_local_settings:83 | /opt/mycroft/skills/mycroft-joke.mycroftai/settings.json
2022-12-28 23:03:41.087 | INFO     |  4543 | mycroft.skills.skill_loader:_check_for_first_run:324 | First run of mycroft-joke.mycroftai
2022-12-28 23:03:41.104 | INFO     |  4543 | mycroft.skills.settings:save_settings:116 | Skill settings successfully saved to /home/runner/.config/mycroft/skills/mycroft-joke.mycroftai/settings.json
2022-12-28 23:03:41.106 | INFO     |  4543 | mycroft.skills.skill_loader:_communicate_load_status:344 | Skill mycroft-joke.mycroftai loaded successfully
2022-12-28 23:03:41.107 | INFO     |  4543 | mycroft.skills.skill_loader:load:185 | ATTEMPTING TO LOAD SKILL: mycroft-npr-news.mycroftai
2022-12-28 23:03:41.257 | INFO     |  4543 | mycroft.skills.settings:get_local_settings:83 | /opt/mycroft/skills/mycroft-npr-news.mycroftai/settings.json
2022-12-28 23:03:42.278 | INFO     |  4543 | mycroft.skills.skill_loader:_check_for_first_run:324 | First run of mycroft-npr-news.mycroftai
2022-12-28 23:03:42.280 | INFO     |  4543 | mycroft.skills.settings:save_settings:116 | Skill settings successfully saved to /home/runner/.config/mycroft/skills/mycroft-npr-news.mycroftai/settings.json
2022-12-28 23:03:42.280 | INFO     |  4543 | mycroft.skills.skill_loader:_communicate_load_status:344 | Skill mycroft-npr-news.mycroftai loaded successfully
2022-12-28 23:03:42.281 | INFO     |  4543 | mycroft.skills.skill_loader:load:185 | ATTEMPTING TO LOAD SKILL: mycroft-playback-control.mycroftai
2022-12-28 23:03:42.288 | INFO     |  4543 | mycroft.skills.settings:get_local_settings:83 | /opt/mycroft/skills/mycroft-playback-control.mycroftai/settings.json
2022-12-28 23:03:42.327 | INFO     |  4543 | mycroft.skills.skill_loader:_check_for_first_run:324 | First run of mycroft-playback-control.mycroftai
2022-12-28 23:03:42.327 | INFO     |  4543 | mycroft.skills.settings:save_settings:116 | Skill settings successfully saved to /home/runner/.config/mycroft/skills/mycroft-playback-control.mycroftai/settings.json
2022-12-28 23:03:42.328 | INFO     |  4543 | mycroft.skills.skill_loader:_communicate_load_status:344 | Skill mycroft-playback-control.mycroftai loaded successfully
2022-12-28 23:03:42.328 | INFO     |  4543 | mycroft.skills.skill_loader:load:185 | ATTEMPTING TO LOAD SKILL: mycroft-ip.mycroftai
2022-12-28 23:03:42.366 | INFO     |  4543 | mycroft.skills.settings:get_local_settings:83 | /opt/mycroft/skills/mycroft-ip.mycroftai/settings.json
2022-12-28 23:03:42.391 | INFO     |  4543 | mycroft.skills.skill_loader:_check_for_first_run:324 | First run of mycroft-ip.mycroftai
2022-12-28 23:03:42.391 | INFO     |  4543 | mycroft.skills.settings:save_settings:116 | Skill settings successfully saved to /home/runner/.config/mycroft/skills/mycroft-ip.mycroftai/settings.json
2022-12-28 23:03:42.396 | INFO     |  4543 | mycroft.skills.skill_loader:_communicate_load_status:344 | Skill mycroft-ip.mycroftai loaded successfully
2022-12-28 23:03:42.398 | INFO     |  4543 | mycroft.skills.skill_manager:_load_on_startup:275 | Skills all loaded!
2022-12-28 23:03:42.441 | INFO     |  4543 | mycroft.skills.intent_services.padatious_service:train:151 | Training... (single_thread=False)
2022-12-28 23:03:42.488 | INFO     |  4543 | __main__:on_ready:185 | Skills service is ready.
Regenerated mycroft-alarm.mycroftai:{daytype}.
Regenerated mycroft-audio-record.mycroftai:PlayRecording.intent.
Regenerated mycroft-audio-record.mycroftai:StartRecording.intent.
Regenerated mycroft-naptime.mycroftai:wake-up.intent.
Regenerated mycroft-alarm.mycroftai:snooze.intent.
Regenerated mycroft-alarm.mycroftai:change.alarm.sound.intent.
Regenerated mycroft-configuration.mycroftai:EnablePreciseDev.intent.
Regenerated mycroft-configuration.mycroftai:WhereAreYou.intent.
Regenerated mycroft-configuration.mycroftai:DisablePreciseDev.intent.
Regenerated mycroft-reminder.mycroftai:GetRemindersForDay.intent.
Regenerated mycroft-reminder.mycroftai:DeleteReminderForDay.intent.
Regenerated mycroft-reminder.mycroftai:Reminder.intent.
Regenerated mycroft-reminder.mycroftai:ReminderAt.intent.
Regenerated mycroft-reminder.mycroftai:SnoozeReminder.intent.
Regenerated mycroft-reminder.mycroftai:UnspecifiedReminderAt.intent.
Regenerated mycroft-reminder.mycroftai:GetNextReminders.intent.
Regenerated mycroft-reminder.mycroftai:CancelActiveReminder.intent.
Regenerated homeassistant.mycroftai:automation.intent.
Regenerated homeassistant.mycroftai:show.camera.image.intent.
Regenerated homeassistant.mycroftai:increase.light.brightness.intent.
Regenerated homeassistant.mycroftai:turn.on.intent.
Regenerated homeassistant.mycroftai:set.light.brightness.intent.
Regenerated homeassistant.mycroftai:set.climate.intent.
Regenerated homeassistant.mycroftai:turn.off.intent.
Regenerated homeassistant.mycroftai:decrease.light.brightness.intent.
Regenerated mycroft-stop.mycroftai:reboot.intent.
Regenerated mycroft-stop.mycroftai:shutdown.intent.
Regenerated mycroft-personal.mycroftai:DoYouDream.intent.
Regenerated mycroft-personal.mycroftai:WhereWereYouBorn.intent.
Regenerated mycroft-personal.mycroftai:WhatAreYou.intent.
Regenerated mycroft-personal.mycroftai:DoYouRhyme.intent.
Regenerated mycroft-personal.mycroftai:WhoAreYou.intent.
Regenerated mycroft-personal.mycroftai:WhenWereYouBorn.intent.
Regenerated mycroft-personal.mycroftai:WhoMadeYou.intent.
Regenerated mycroft-support-helper.mycroftai:contact.support.intent.
Regenerated mycroft-wiki.mycroftai:Random.intent.
Regenerated mycroft-weather.mycroftai:do-i-need-an-umbrella.intent.
Regenerated mycroft-npr-news.mycroftai:PlayTheNews.intent.
Regenerated mycroft-installer.mycroftai:install.intent.
Regenerated mycroft-installer.mycroftai:install.beta.intent.
Regenerated mycroft-installer.mycroftai:remove.intent.
Regenerated mycroft-installer.mycroftai:list.skills.intent.
Regenerated mycroft-installer.mycroftai:is.installed.intent.
Regenerated mycroft-installer.mycroftai:install.custom.intent.
Regenerated mycroft-timer.mycroftai:start.timer.intent.
Regenerated mycroft-timer.mycroftai:timer.status.intent.
Regenerated mycroft-reminder.mycroftai:ClearReminders.intent.
Regenerated mycroft-date-time.mycroftai:what.time.is.it.intent.
Regenerated mycroft-date-time.mycroftai:what.time.will.it.be.intent.
Regenerated mycroft-date-time.mycroftai:date.last.weekend.intent.
Regenerated mycroft-date-time.mycroftai:date.future.weekend.intent.
Regenerated homeassistant.mycroftai:add.item.shopping.list.intent.
Regenerated homeassistant.mycroftai:stop.intent.
Regenerated homeassistant.mycroftai:close.intent.
Regenerated homeassistant.mycroftai:tracker.intent.
Regenerated homeassistant.mycroftai:toggle.intent.
Regenerated homeassistant.mycroftai:open.intent.
Regenerated homeassistant.mycroftai:sensor.intent.
Regenerated mycroft-hello-world.mycroftai:HowAreYou.intent.
Regenerated mycroft-stop.mycroftai:ssh.enable.intent.
Regenerated mycroft-stop.mycroftai:ssh.disable.intent.
Regenerated mycroft-stop.mycroftai:wifi.setup.intent.
2022-12-28 23:03:45.237 | INFO     |  4543 | mycroft.skills.intent_services.padatious_service:train:153 | Training complete.
2022-12-28 23:03:52.268 | INFO     |  4543 | mycroft.skills.settings:save_settings:116 | Skill settings successfully saved to /home/runner/.config/mycroft/skills/mycroft-pairing.mycroftai/settings.json
2022-12-28 23:03:52.314 | INFO     |  4543 | mycroft.skills.settings:save_settings:116 | Skill settings successfully saved to /home/runner/.config/mycroft/skills/mycroft-timer.mycroftai/settings.json
2022-12-28 23:03:55.009 | ERROR    |  4543 | mycroft.skills.mycroft_skill.mycroft_skill:on_error:923 | An error occurred while processing a request in Home Assistant Skill
Traceback (most recent call last):
  File "/opt/mycroft-core/mycroft/skills/mycroft_skill/event_container.py", line 73, in wrapper
    handler(message)
  File "/opt/mycroft/skills/homeassistant.mycroftai/__init__.py", line 229, in handle_turn_on_intent
    self._handle_turn_actions(message)
  File "/opt/mycroft/skills/homeassistant.mycroftai/__init__.py", line 420, in _handle_turn_actions
    data=normalize_entity(ha_entity))
  File "/opt/mycroft/skills/homeassistant.mycroftai/ha_client.py", line 87, in normalize_entity
    entity = entity.replace("|", ":")
AttributeError: 'dict' object has no attribute 'replace'
2022-12-28 23:04:05.313 | ERROR    |  4543 | mycroft.skills.mycroft_skill.mycroft_skill:on_error:923 | An error occurred while processing a request in Home Assistant Skill
Traceback (most recent call last):
  File "/opt/mycroft-core/mycroft/skills/mycroft_skill/event_container.py", line 73, in wrapper
    handler(message)
  File "/opt/mycroft/skills/homeassistant.mycroftai/__init__.py", line 229, in handle_turn_on_intent
    self._handle_turn_actions(message)
  File "/opt/mycroft/skills/homeassistant.mycroftai/__init__.py", line 420, in _handle_turn_actions
    data=normalize_entity(ha_entity))
  File "/opt/mycroft/skills/homeassistant.mycroftai/ha_client.py", line 87, in normalize_entity
    entity = entity.replace("|", ":")
AttributeError: 'dict' object has no attribute 'replace'
2022-12-28 23:04:15.622 | ERROR    |  4543 | mycroft.skills.mycroft_skill.mycroft_skill:on_error:923 | An error occurred while processing a request in Home Assistant Skill
Traceback (most recent call last):
  File "/opt/mycroft-core/mycroft/skills/mycroft_skill/event_container.py", line 73, in wrapper
    handler(message)
  File "/opt/mycroft/skills/homeassistant.mycroftai/__init__.py", line 266, in handle_toggle_intent
    self._handle_turn_actions(message)
  File "/opt/mycroft/skills/homeassistant.mycroftai/__init__.py", line 417, in _handle_turn_actions
    data=normalize_entity(ha_entity))
  File "/opt/mycroft/skills/homeassistant.mycroftai/ha_client.py", line 87, in normalize_entity
    entity = entity.replace("|", ":")
AttributeError: 'dict' object has no attribute 'replace'
2022-12-28 23:04:25.921 | ERROR    |  4543 | mycroft.skills.mycroft_skill.mycroft_skill:on_error:923 | An error occurred while processing a request in Home Assistant Skill
Traceback (most recent call last):
  File "/opt/mycroft-core/mycroft/skills/mycroft_skill/event_container.py", line 73, in wrapper
    handler(message)
  File "/opt/mycroft/skills/homeassistant.mycroftai/__init__.py", line 266, in handle_toggle_intent
    self._handle_turn_actions(message)
  File "/opt/mycroft/skills/homeassistant.mycroftai/__init__.py", line 417, in _handle_turn_actions
    data=normalize_entity(ha_entity))
  File "/opt/mycroft/skills/homeassistant.mycroftai/ha_client.py", line 87, in normalize_entity
    entity = entity.replace("|", ":")
AttributeError: 'dict' object has no attribute 'replace'
2022-12-28 23:04:36.224 | ERROR    |  4543 | mycroft.skills.mycroft_skill.mycroft_skill:on_error:923 | An error occurred while processing a request in Home Assistant Skill
Traceback (most recent call last):
  File "/opt/mycroft-core/mycroft/skills/mycroft_skill/event_container.py", line 73, in wrapper
    handler(message)
  File "/opt/mycroft/skills/homeassistant.mycroftai/__init__.py", line 266, in handle_toggle_intent
    self._handle_turn_actions(message)
  File "/opt/mycroft/skills/homeassistant.mycroftai/__init__.py", line 417, in _handle_turn_actions
    data=normalize_entity(ha_entity))
  File "/opt/mycroft/skills/homeassistant.mycroftai/ha_client.py", line 87, in normalize_entity
    entity = entity.replace("|", ":")
AttributeError: 'dict' object has no attribute 'replace'
2022-12-28 23:04:38.379 | WARNING  |  4543 | ConfigurationSkill | Impossible to update configuration because device isn't paired
2022-12-28 23:04:46.530 | ERROR    |  4543 | mycroft.skills.mycroft_skill.mycroft_skill:on_error:923 | An error occurred while processing a request in Home Assistant Skill
Traceback (most recent call last):
  File "/opt/mycroft-core/mycroft/skills/mycroft_skill/event_container.py", line 73, in wrapper
    handler(message)
  File "/opt/mycroft/skills/homeassistant.mycroftai/__init__.py", line 266, in handle_toggle_intent
    self._handle_turn_actions(message)
  File "/opt/mycroft/skills/homeassistant.mycroftai/__init__.py", line 417, in _handle_turn_actions
    data=normalize_entity(ha_entity))
  File "/opt/mycroft/skills/homeassistant.mycroftai/ha_client.py", line 87, in normalize_entity
    entity = entity.replace("|", ":")
AttributeError: 'dict' object has no attribute 'replace'
2022-12-28 23:04:56.831 | ERROR    |  4543 | mycroft.skills.mycroft_skill.mycroft_skill:on_error:923 | An error occurred while processing a request in Home Assistant Skill
Traceback (most recent call last):
  File "/opt/mycroft-core/mycroft/skills/mycroft_skill/event_container.py", line 73, in wrapper
    handler(message)
  File "/opt/mycroft/skills/homeassistant.mycroftai/__init__.py", line 237, in handle_turn_off_intent
    self._handle_turn_actions(message)
  File "/opt/mycroft/skills/homeassistant.mycroftai/__init__.py", line 420, in _handle_turn_actions
    data=normalize_entity(ha_entity))
  File "/opt/mycroft/skills/homeassistant.mycroftai/ha_client.py", line 87, in normalize_entity
    entity = entity.replace("|", ":")
AttributeError: 'dict' object has no attribute 'replace'
2022-12-28 23:05:07.135 | ERROR    |  4543 | mycroft.skills.mycroft_skill.mycroft_skill:on_error:923 | An error occurred while processing a request in Home Assistant Skill
Traceback (most recent call last):
  File "/opt/mycroft-core/mycroft/skills/mycroft_skill/event_container.py", line 73, in wrapper
    handler(message)
  File "/opt/mycroft/skills/homeassistant.mycroftai/__init__.py", line 237, in handle_turn_off_intent
    self._handle_turn_actions(message)
  File "/opt/mycroft/skills/homeassistant.mycroftai/__init__.py", line 420, in _handle_turn_actions
    data=normalize_entity(ha_entity))
  File "/opt/mycroft/skills/homeassistant.mycroftai/ha_client.py", line 87, in normalize_entity
    entity = entity.replace("|", ":")
AttributeError: 'dict' object has no attribute 'replace'
2022-12-28 23:05:17.443 | ERROR    |  4543 | mycroft.skills.mycroft_skill.mycroft_skill:on_error:923 | An error occurred while processing a request in Home Assistant Skill
Traceback (most recent call last):
  File "/opt/mycroft-core/mycroft/skills/mycroft_skill/event_container.py", line 73, in wrapper
    handler(message)
  File "/opt/mycroft/skills/homeassistant.mycroftai/__init__.py", line 229, in handle_turn_on_intent
    self._handle_turn_actions(message)
  File "/opt/mycroft/skills/homeassistant.mycroftai/__init__.py", line 420, in _handle_turn_actions
    data=normalize_entity(ha_entity))
  File "/opt/mycroft/skills/homeassistant.mycroftai/ha_client.py", line 87, in normalize_entity
    entity = entity.replace("|", ":")
AttributeError: 'dict' object has no attribute 'replace'
2022-12-28 23:05:27.749 | ERROR    |  4543 | mycroft.skills.mycroft_skill.mycroft_skill:on_error:923 | An error occurred while processing a request in Home Assistant Skill
Traceback (most recent call last):
  File "/opt/mycroft-core/mycroft/skills/mycroft_skill/event_container.py", line 73, in wrapper
    handler(message)
  File "/opt/mycroft/skills/homeassistant.mycroftai/__init__.py", line 229, in handle_turn_on_intent
    self._handle_turn_actions(message)
  File "/opt/mycroft/skills/homeassistant.mycroftai/__init__.py", line 420, in _handle_turn_actions
    data=normalize_entity(ha_entity))
  File "/opt/mycroft/skills/homeassistant.mycroftai/ha_client.py", line 87, in normalize_entity
    entity = entity.replace("|", ":")
AttributeError: 'dict' object has no attribute 'replace'
2022-12-28 23:05:38.534 | WARNING  |  4543 | ConfigurationSkill | Impossible to update configuration because device isn't paired
2022-12-28 23:05:39.085 | ERROR    |  4543 | mycroft.skills.mycroft_skill.mycroft_skill:on_error:923 | An error occurred while processing a request in Home Assistant Skill
Traceback (most recent call last):
  File "/opt/mycroft-core/mycroft/skills/mycroft_skill/event_container.py", line 73, in wrapper
    handler(message)
  File "/opt/mycroft/skills/homeassistant.mycroftai/__init__.py", line 237, in handle_turn_off_intent
    self._handle_turn_actions(message)
  File "/opt/mycroft/skills/homeassistant.mycroftai/__init__.py", line 420, in _handle_turn_actions
    data=normalize_entity(ha_entity))
  File "/opt/mycroft/skills/homeassistant.mycroftai/ha_client.py", line 87, in normalize_entity
    entity = entity.replace("|", ":")
AttributeError: 'dict' object has no attribute 'replace'
2022-12-28 23:05:49.385 | ERROR    |  4543 | mycroft.skills.mycroft_skill.mycroft_skill:on_error:923 | An error occurred while processing a request in Home Assistant Skill
Traceback (most recent call last):
  File "/opt/mycroft-core/mycroft/skills/mycroft_skill/event_container.py", line 73, in wrapper
    handler(message)
  File "/opt/mycroft/skills/homeassistant.mycroftai/__init__.py", line 237, in handle_turn_off_intent
    self._handle_turn_actions(message)
  File "/opt/mycroft/skills/homeassistant.mycroftai/__init__.py", line 420, in _handle_turn_actions
    data=normalize_entity(ha_entity))
  File "/opt/mycroft/skills/homeassistant.mycroftai/ha_client.py", line 87, in normalize_entity
    entity = entity.replace("|", ":")
AttributeError: 'dict' object has no attribute 'replace'
2022-12-28 23:06:32.092 | ERROR    |  4543 | WeatherSkill | Weather API failure
Traceback (most recent call last):
  File "/opt/mycroft/skills/mycroft-weather.mycroftai/__init__.py", line 1133, in _get_weather
    self.config_core.get("system_unit"), latitude, longitude, self.lang
  File "/opt/mycroft/skills/mycroft-weather.mycroftai/skill/api.py", line 127, in get_weather_for_coordinates
    response = self.request(api_request)
  File "/opt/mycroft-core/mycroft/api/__init__.py", line 64, in request
    return self.send(params)
  File "/opt/mycroft-core/mycroft/api/__init__.py", line 147, in send
    return self.get_response(response, no_refresh)
  File "/opt/mycroft-core/mycroft/api/__init__.py", line 170, in get_response
    raise HTTPError(data, response=response)
requests.exceptions.HTTPError: {'error': 'device not authorized'}
2022-12-28 23:06:32.094 | INFO     |  4543 | mycroft.skills.settings:save_settings:116 | Skill settings successfully saved to /home/runner/.config/mycroft/skills/mycroft-weather.mycroftai/settings.json
2022-12-28 23:06:32.098 | ERROR    |  4543 | mycroft.skills.mycroft_skill.mycroft_skill:on_error:923 | An error occurred while processing a request in Pairing Skill
Traceback (most recent call last):
  File "/opt/mycroft-core/mycroft/skills/mycroft_skill/event_container.py", line 73, in wrapper
    handler(message)
  File "/opt/mycroft/skills/mycroft-pairing.mycroftai/__init__.py", line 108, in not_paired
    self.handle_pairing()
TypeError: handle_pairing() missing 1 required positional argument: '_'
2022-12-28 23:06:38.450 | WARNING  |  4543 | ConfigurationSkill | Impossible to update configuration because device isn't paired
2022-12-28 23:06:53.674 | INFO     |  4543 | __main__:on_stopping:193 | Skills service is shutting down...
2022-12-28 23:06:53.675 | INFO     |  4543 | __main__:shutdown:284 | Shutting down Skills service
ALSA lib confmisc.c:855:(parse_card) cannot find card '0'
ALSA lib conf.c:5178:(_snd_config_evaluate) function snd_func_card_inum returned error: No such file or directory
ALSA lib confmisc.c:422:(snd_func_concat) error evaluating strings
ALSA lib conf.c:5178:(_snd_config_evaluate) function snd_func_concat returned error: No such file or directory
ALSA lib confmisc.c:1334:(snd_func_refer) error evaluating name
ALSA lib conf.c:5178:(_snd_config_evaluate) function snd_func_refer returned error: No such file or directory
ALSA lib conf.c:5701:(snd_config_expand) Evaluate error: No such file or directory
ALSA lib control.c:1528:(snd_ctl_open_noupdate) Invalid CTL default
ALSA lib confmisc.c:855:(parse_card) cannot find card '0'
ALSA lib conf.c:5178:(_snd_config_evaluate) function snd_func_card_inum returned error: No such file or directory
ALSA lib confmisc.c:422:(snd_func_concat) error evaluating strings
ALSA lib conf.c:5178:(_snd_config_evaluate) function snd_func_concat returned error: No such file or directory
ALSA lib confmisc.c:1334:(snd_func_refer) error evaluating name
ALSA lib conf.c:5178:(_snd_config_evaluate) function snd_func_refer returned error: No such file or directory
ALSA lib conf.c:5701:(snd_config_expand) Evaluate error: No such file or directory
ALSA lib control.c:1528:(snd_ctl_open_noupdate) Invalid CTL default
2022-12-28 23:06:53.846 | ERROR    |  4543 | VolumeSkill | Couldn't allocate mixer, ALSAAudioError('No such file or directory [default]')
2022-12-28 23:06:53.847 | INFO     |  4543 | mycroft.skills.settings:save_settings:116 | Skill settings successfully saved to /home/runner/.config/mycroft/skills/mycroft-volume.mycroftai/settings.json
2022-12-28 23:06:53.848 | INFO     |  4543 | mycroft.skills.settings:save_settings:116 | Skill settings successfully saved to /home/runner/.config/mycroft/skills/mycroft-installer.mycroftai/settings.json
2022-12-28 23:06:53.849 | INFO     |  4543 | mycroft.skills.settings:save_settings:116 | Skill settings successfully saved to /home/runner/.config/mycroft/skills/mycroft-version-checker.mycroftai/settings.json
2022-12-28 23:06:53.851 | INFO     |  4543 | mycroft.skills.settings:save_settings:116 | Skill settings successfully saved to /home/runner/.config/mycroft/skills/mycroft-singing.mycroftai/settings.json
2022-12-28 23:06:53.866 | INFO     |  4543 | mycroft.skills.settings:save_settings:116 | Skill settings successfully saved to /home/runner/.config/mycroft/skills/mycroft-audio-record.mycroftai/settings.json
2022-12-28 23:06:53.877 | INFO     |  4543 | mycroft.skills.settings:save_settings:116 | Skill settings successfully saved to /home/runner/.config/mycroft/skills/mycroft-spelling.mycroftai/settings.json
2022-12-28 23:06:53.894 | INFO     |  4543 | mycroft.skills.settings:save_settings:116 | Skill settings successfully saved to /home/runner/.config/mycroft/skills/mycroft-naptime.mycroftai/settings.json
2022-12-28 23:06:53.894 | INFO     |  4543 | mycroft.skills.settings:save_settings:116 | Skill settings successfully saved to /home/runner/.config/mycroft/skills/mycroft-alarm.mycroftai/settings.json
2022-12-28 23:06:53.895 | INFO     |  4543 | QuestionsAnswersSkill | Removing all handlers...
2022-12-28 23:06:53.896 | INFO     |  4543 | mycroft.skills.settings:save_settings:116 | Skill settings successfully saved to /home/runner/.config/mycroft/skills/fallback-query.mycroftai/settings.json
2022-12-28 23:06:53.897 | INFO     |  4543 | mycroft.skills.settings:save_settings:116 | Skill settings successfully saved to /home/runner/.config/mycroft/skills/mycroft-configuration.mycroftai/settings.json
2022-12-28 23:06:53.899 | INFO     |  4543 | mycroft.skills.settings:save_settings:116 | Skill settings successfully saved to /home/runner/.config/mycroft/skills/mycroft-reminder.mycroftai/settings.json
2022-12-28 23:06:53.927 | INFO     |  4543 | mycroft.skills.settings:save_settings:116 | Skill settings successfully saved to /home/runner/.config/mycroft/skills/mycroft-date-time.mycroftai/settings.json
2022-12-28 23:06:53.947 | INFO     |  4543 | mycroft.skills.settings:save_settings:116 | Skill settings successfully saved to /home/runner/.config/mycroft/skills/mycroft-speak.mycroftai/settings.json
2022-12-28 23:06:53.947 | INFO     |  4543 | HomeAssistantSkill | Removing all handlers...
2022-12-28 23:06:53.948 | WARNING  |  4543 | mycroft.skills.fallback_skill:remove_fallback:185 | Could not find matching fallback handler
2022-12-28 23:06:53.949 | INFO     |  4543 | mycroft.skills.settings:save_settings:116 | Skill settings successfully saved to /home/runner/.config/mycroft/skills/mycroft-hello-world.mycroftai/settings.json
2022-12-28 23:06:53.950 | INFO     |  4543 | mycroft.skills.settings:save_settings:116 | Skill settings successfully saved to /home/runner/.config/mycroft/skills/mycroft-fallback-duck-duck-go.mycroftai/settings.json
2022-12-28 23:06:53.956 | INFO     |  4543 | mycroft.skills.settings:save_settings:116 | Skill settings successfully saved to /home/runner/.config/mycroft/skills/mycroft-stop.mycroftai/settings.json
2022-12-28 23:06:53.961 | INFO     |  4543 | mycroft.skills.settings:save_settings:116 | Skill settings successfully saved to /home/runner/.config/mycroft/skills/mycroft-personal.mycroftai/settings.json
2022-12-28 23:06:53.966 | INFO     |  4543 | mycroft.skills.settings:save_settings:116 | Skill settings successfully saved to /home/runner/.config/mycroft/skills/mycroft-support-helper.mycroftai/settings.json
2022-12-28 23:06:53.976 | INFO     |  4543 | mycroft.skills.settings:save_settings:116 | Skill settings successfully saved to /home/runner/.config/mycroft/skills/mycroft-wiki.mycroftai/settings.json
2022-12-28 23:06:53.976 | INFO     |  4543 | UnknownSkill | Removing all handlers...
2022-12-28 23:06:53.977 | INFO     |  4543 | mycroft.skills.settings:save_settings:116 | Skill settings successfully saved to /home/runner/.config/mycroft/skills/fallback-unknown.mycroftai/settings.json
2022-12-28 23:06:53.978 | INFO     |  4543 | mycroft.skills.settings:save_settings:116 | Skill settings successfully saved to /home/runner/.config/mycroft/skills/fallback-wolfram-alpha.mycroftai/settings.json
2022-12-28 23:06:53.979 | INFO     |  4543 | mycroft.skills.settings:save_settings:116 | Skill settings successfully saved to /home/runner/.config/mycroft/skills/mycroft-joke.mycroftai/settings.json
2022-12-28 23:06:53.980 | INFO     |  4543 | mycroft.skills.settings:save_settings:116 | Skill settings successfully saved to /home/runner/.config/mycroft/skills/mycroft-npr-news.mycroftai/settings.json
2022-12-28 23:06:53.981 | INFO     |  4543 | mycroft.skills.settings:save_settings:116 | Skill settings successfully saved to /home/runner/.config/mycroft/skills/mycroft-playback-control.mycroftai/settings.json
2022-12-28 23:06:54.986 | INFO     |  4543 | Playback Control Skill | Audio service status: {}
2022-12-28 23:06:55.987 | WARNING  |  4543 | mycroft.skills.skill_manager:_shutdown_skill:106 | mycroft-playback-control.mycroftai shutdown took 2.006115543999954 seconds
2022-12-28 23:06:55.989 | INFO     |  4543 | mycroft.skills.settings:save_settings:116 | Skill settings successfully saved to /home/runner/.config/mycroft/skills/mycroft-ip.mycroftai/settings.json
2022-12-28 23:06:55.989 | INFO     |  4543 | __main__:shutdown:291 | Skills service shutdown complete!
2022-12-28 23:06:55.992 | ERROR    |  4543 | websocket | error from callback <bound method MessageBusClient.on_message of <mycroft.messagebus.client.client.MessageBusClient object at 0x7f26547e0590>>: cannot schedule new futures after shutdown
2022-12-28 23:06:55.992 | ERROR    |  4543 | mycroft_bus_client.client.client | === RuntimeError('cannot schedule new futures after shutdown') ===
Traceback (most recent call last):
  File "/opt/mycroft-core/.venv/lib/python3.7/site-packages/mycroft_bus_client/client/client.py", line 154, in on_error
    self.emitter.emit('error', error)
  File "/opt/mycroft-core/.venv/lib/python3.7/site-packages/pyee/_base.py", line 116, in emit
    self._emit_handle_potential_error(event, args[0] if args else None)
  File "/opt/mycroft-core/.venv/lib/python3.7/site-packages/pyee/_base.py", line 86, in _emit_handle_potential_error
    raise error
  File "/opt/mycroft-core/.venv/lib/python3.7/site-packages/websocket/_app.py", line 318, in run_forever
    proxy_type=proxy_type)
  File "/opt/mycroft-core/.venv/lib/python3.7/site-packages/websocket/_core.py", line 250, in connect
    options.pop('socket', None))
  File "/opt/mycroft-core/.venv/lib/python3.7/site-packages/websocket/_http.py", line 130, in connect
    sock = _open_socket(addrinfo_list, options.sockopt, options.timeout)
  File "/opt/mycroft-core/.venv/lib/python3.7/site-packages/websocket/_http.py", line 208, in _open_socket
    raise err
  File "/opt/mycroft-core/.venv/lib/python3.7/site-packages/websocket/_http.py", line 185, in _open_socket
    sock.connect(address)
ConnectionRefusedError: [Errno 111] Connection refused

During handling of the above exception, another exception occurred:

Traceback (most recent call last):
  File "/opt/mycroft-core/.venv/lib/python3.7/site-packages/websocket/_app.py", line 407, in _callback
    callback(self, *args)
  File "/opt/mycroft-core/.venv/lib/python3.7/site-packages/mycroft_bus_client/client/client.py", line 182, in on_message
    self.emitter.emit('message', message)
  File "/opt/mycroft-core/.venv/lib/python3.7/site-packages/pyee/_base.py", line 113, in emit
    handled = self._call_handlers(event, args, kwargs)
  File "/opt/mycroft-core/.venv/lib/python3.7/site-packages/pyee/_base.py", line 96, in _call_handlers
    self._emit_run(f, args, kwargs)
  File "/opt/mycroft-core/.venv/lib/python3.7/site-packages/pyee/_executor.py", line 50, in _emit_run
    future = self._executor.submit(f, *args, **kwargs)
  File "/opt/hostedtoolcache/Python/3.7.15/x64/lib/python3.7/concurrent/futures/thread.py", line 163, in submit
    raise RuntimeError('cannot schedule new futures after shutdown')
RuntimeError: cannot schedule new futures after shutdown
2022-12-28 23:06:55.992 | ERROR    |  4543 | mycroft_bus_client.client.client | Exception closing websocket: RuntimeError('cannot schedule new futures after shutdown')
2022-12-28 23:06:55.992 | WARNING  |  4543 | mycroft_bus_client.client.client | Message Bus Client will reconnect in 5.0 seconds.
