2023-05-02 11:22:49.216 | INFO     |  4474 | __main__:create_enclosure:55 | Creating generic enclosure, platform='None'
2023-05-02 11:22:49.233 | INFO     |  4474 | mycroft.messagebus.load_config:load_message_bus_config:33 | Loading message bus configs
2023-05-02 11:22:49.234 | INFO     |  4474 | mycroft.client.enclosure.base:create_gui_service:473 | Starting message bus for GUI...
2023-05-02 11:22:49.237 | INFO     |  4474 | mycroft.client.enclosure.base:create_gui_service:483 | GUI Message bus started!
2023-05-02 11:22:49.237 | INFO     |  4474 | mycroft.enclosure.display_manager:init_display_manager_bus_connection:152 | Connecting display manager to messagebus
2023-05-02 11:22:49.238 | INFO     |  4474 | mycroft.messagebus.load_config:load_message_bus_config:33 | Loading message bus configs
2023-05-02 11:22:49.238 | ERROR    |  4474 | mycroft_bus_client.client.client | === ConnectionRefusedError(111, 'Connection refused') ===
Traceback (most recent call last):
  File "/opt/mycroft-core/.venv/lib/python3.7/site-packages/websocket/_app.py", line 318, in run_forever
    proxy_type=proxy_type)
  File "/opt/mycroft-core/.venv/lib/python3.7/site-packages/websocket/_core.py", line 250, in connect
    options.pop('socket', None))
  File "/opt/mycroft-core/.venv/lib/python3.7/site-packages/websocket/_http.py", line 130, in connect
    sock = _open_socket(addrinfo_list, options.sockopt, options.timeout)
  File "/opt/mycroft-core/.venv/lib/python3.7/site-packages/websocket/_http.py", line 208, in _open_socket
    raise err
  File "/opt/mycroft-core/.venv/lib/python3.7/site-packages/websocket/_http.py", line 185, in _open_socket
    sock.connect(address)
ConnectionRefusedError: [Errno 111] Connection refused
2023-05-02 11:22:49.239 | ERROR    |  4474 | mycroft_bus_client.client.client | Exception closing websocket: ConnectionRefusedError(111, 'Connection refused')
2023-05-02 11:22:49.239 | WARNING  |  4474 | mycroft_bus_client.client.client | Message Bus Client will reconnect in 5.0 seconds.
2023-05-02 11:22:49.520 | INFO     |  4474 | mycroft_bus_client.client.client | Connected
2023-05-02 11:22:49.521 | INFO     |  4474 | mycroft.util.process_utils:start_message_bus_client:155 | Connected to messagebus
2023-05-02 11:22:49.521 | INFO     |  4474 | __main__:on_ready:26 | Enclosure started!
2023-05-02 11:22:54.244 | INFO     |  4474 | mycroft_bus_client.client.client | Connected
2023-05-02 11:24:53.591 | ERROR    |  4474 | concurrent.futures | exception calling callback for <Future at 0x7fcc1e57a150 state=finished raised Exception>
Traceback (most recent call last):
  File "/opt/hostedtoolcache/Python/3.7.16/x64/lib/python3.7/concurrent/futures/_base.py", line 324, in _invoke_callbacks
    callback(self)
  File "/opt/mycroft-core/.venv/lib/python3.7/site-packages/pyee/_executor.py", line 56, in _callback
    self.emit('error', exc)
  File "/opt/mycroft-core/.venv/lib/python3.7/site-packages/pyee/_base.py", line 116, in emit
    self._emit_handle_potential_error(event, args[0] if args else None)
  File "/opt/mycroft-core/.venv/lib/python3.7/site-packages/pyee/_base.py", line 86, in _emit_handle_potential_error
    raise error
  File "/opt/hostedtoolcache/Python/3.7.16/x64/lib/python3.7/concurrent/futures/thread.py", line 57, in run
    result = self.fn(*self.args, **self.kwargs)
  File "/opt/mycroft-core/mycroft/client/enclosure/generic/__init__.py", line 72, in is_device_ready
    raise Exception('Timeout waiting for services start.')
Exception: Timeout waiting for services start.
2023-05-02 11:25:24.435 | INFO     |  4474 | __main__:on_stopping:30 | Enclosure is shutting down...
