2023-05-02 11:22:49.272 | INFO     |  4465 | mycroft.messagebus.load_config:load_message_bus_config:33 | Loading message bus configs
2023-05-02 11:22:49.277 | INFO     |  4465 | mycroft_bus_client.client.client | Connected
2023-05-02 11:22:49.277 | INFO     |  4465 | mycroft.util.process_utils:start_message_bus_client:155 | Connected to messagebus
2023-05-02 11:22:49.280 | INFO     |  4465 | mycroft.skills.msm_wrapper:create_msm:96 | Acquiring lock to instantiate MSM
2023-05-02 11:22:50.936 | INFO     |  4465 | msm.mycroft_skills_manager | building SkillEntry objects for all skills
2023-05-02 11:22:51.562 | INFO     |  4465 | mycroft.skills.msm_wrapper:create_msm:112 | Releasing MSM instantiation lock.
2023-05-02 11:22:51.562 | INFO     |  4465 | mycroft.skills.skill_updater:_log_next_download_time:267 | Next scheduled skill update: 2023-05-02 11:22:50.562502
2023-05-02 11:22:51.563 | INFO     |  4465 | msm.skill_entry | Downloading skill: https://github.com/mycroftai/skill-pairing
2023-05-02 11:22:52.103 | INFO     |  4465 | msm.skill_entry | Installing system requirements...
2023-05-02 11:22:52.128 | INFO     |  4465 | msm.skill_entry | Successfully installed mycroft-pairing
2023-05-02 11:22:52.128 | INFO     |  4465 | msm.mycroft_skills_manager | invalidating skills cache
2023-05-02 11:22:52.130 | INFO     |  4465 | mycroft.skills.skill_loader:load:185 | ATTEMPTING TO LOAD SKILL: mycroft-pairing.mycroftai
2023-05-02 11:22:52.137 | INFO     |  4465 | mycroft.skills.settings:get_local_settings:83 | /opt/mycroft/skills/mycroft-pairing.mycroftai/settings.json
2023-05-02 11:22:52.153 | INFO     |  4465 | mycroft.skills.skill_loader:_check_for_first_run:324 | First run of mycroft-pairing.mycroftai
2023-05-02 11:22:52.153 | INFO     |  4465 | mycroft.skills.settings:save_settings:116 | Skill settings successfully saved to /home/runner/.config/mycroft/skills/mycroft-pairing.mycroftai/settings.json
2023-05-02 11:22:52.163 | INFO     |  4465 | mycroft.skills.skill_loader:_communicate_load_status:344 | Skill mycroft-pairing.mycroftai loaded successfully
2023-05-02 11:22:52.163 | INFO     |  4465 | msm.skill_entry | Downloading skill: https://github.com/mycroftai/skill-volume
2023-05-02 11:22:52.734 | INFO     |  4465 | msm.skill_entry | Installing system requirements...
2023-05-02 11:22:52.749 | INFO     |  4465 | msm.skill_entry | Installing requirements.txt for mycroft-volume
2023-05-02 11:22:53.650 | INFO     |  4465 | msm.skill_entry | Successfully installed mycroft-volume
2023-05-02 11:22:53.650 | INFO     |  4465 | msm.mycroft_skills_manager | invalidating skills cache
2023-05-02 11:22:53.652 | INFO     |  4465 | mycroft.skills.skill_loader:load:185 | ATTEMPTING TO LOAD SKILL: mycroft-volume.mycroftai
2023-05-02 11:22:53.659 | INFO     |  4465 | mycroft.skills.settings:get_local_settings:83 | /opt/mycroft/skills/mycroft-volume.mycroftai/settings.json
ALSA lib confmisc.c:855:(parse_card) cannot find card '0'
ALSA lib conf.c:5178:(_snd_config_evaluate) function snd_func_card_inum returned error: No such file or directory
ALSA lib confmisc.c:422:(snd_func_concat) error evaluating strings
ALSA lib conf.c:5178:(_snd_config_evaluate) function snd_func_concat returned error: No such file or directory
ALSA lib confmisc.c:1334:(snd_func_refer) error evaluating name
ALSA lib conf.c:5178:(_snd_config_evaluate) function snd_func_refer returned error: No such file or directory
ALSA lib conf.c:5701:(snd_config_expand) Evaluate error: No such file or directory
ALSA lib control.c:1528:(snd_ctl_open_noupdate) Invalid CTL default
ALSA lib confmisc.c:855:(parse_card) cannot find card '0'
ALSA lib conf.c:5178:(_snd_config_evaluate) function snd_func_card_inum returned error: No such file or directory
ALSA lib confmisc.c:422:(snd_func_concat) error evaluating strings
ALSA lib conf.c:5178:(_snd_config_evaluate) function snd_func_concat returned error: No such file or directory
ALSA lib confmisc.c:1334:(snd_func_refer) error evaluating name
ALSA lib conf.c:5178:(_snd_config_evaluate) function snd_func_refer returned error: No such file or directory
ALSA lib conf.c:5701:(snd_config_expand) Evaluate error: No such file or directory
ALSA lib control.c:1528:(snd_ctl_open_noupdate) Invalid CTL default
2023-05-02 11:22:53.748 | ERROR    |  4465 | VolumeSkill | Couldn't allocate mixer, ALSAAudioError('No such file or directory [default]')
2023-05-02 11:22:56.752 | INFO     |  4465 | mycroft.skills.skill_loader:_check_for_first_run:324 | First run of mycroft-volume.mycroftai
2023-05-02 11:22:56.752 | INFO     |  4465 | mycroft.skills.settings:save_settings:116 | Skill settings successfully saved to /home/runner/.config/mycroft/skills/mycroft-volume.mycroftai/settings.json
2023-05-02 11:22:56.753 | INFO     |  4465 | mycroft.skills.skill_loader:_communicate_load_status:344 | Skill mycroft-volume.mycroftai loaded successfully
2023-05-02 11:22:56.753 | INFO     |  4465 | __main__:on_started:177 | Skills service is starting up.
2023-05-02 11:22:56.894 | INFO     |  4465 | __main__:_update_system:154 | Attempting system update...
2023-05-02 11:22:59.899 | INFO     |  4465 | mycroft.enclosure.display_manager:_write_data:70 | Display Manager is creating /tmp/mycroft/ipc/managers/disp_info
2023-05-02 11:22:59.900 | INFO     |  4465 | __main__:_ensure_device_is_paired:133 | Device not paired, invoking the pairing skill
2023-05-02 11:22:59.904 | INFO     |  4465 | __main__:on_alive:181 | Skills service is alive.
2023-05-02 11:22:59.953 | INFO     |  4465 | msm.mycroft_skills_manager | building SkillEntry objects for all skills
2023-05-02 11:23:00.479 | WARNING  |  4465 | msm.mycroft_skills_manager | No such default skill: mycroft-pandora
2023-05-02 11:23:00.479 | INFO     |  4465 | mycroft.skills.skill_manager:run:234 | Not all default skills are installed, performing skill update...
2023-05-02 11:23:00.480 | INFO     |  4465 | mycroft.skills.skill_updater:update_skills:149 | Beginning skill update...
2023-05-02 11:23:00.634 | INFO     |  4465 | msm.mycroft_skills_manager | building SkillEntry objects for all skills
2023-05-02 11:23:00.638 | INFO     |  4465 | PairingSkill | Communicating account URL to user
2023-05-02 11:23:01.052 | INFO     |  4465 | msm.mycroft_skills_manager | invalidating skills cache
2023-05-02 11:23:01.083 | INFO     |  4465 | msm.skill_entry | Downloading skill: https://github.com/mycroftai/fallback-unknown
2023-05-02 11:23:01.087 | INFO     |  4465 | msm.skill_entry | Downloading skill: https://github.com/mycroftai/fallback-wolfram-alpha
2023-05-02 11:23:01.091 | INFO     |  4465 | msm.skill_entry | Downloading skill: https://github.com/mycroftai/skill-alarm
2023-05-02 11:23:01.095 | INFO     |  4465 | msm.skill_entry | Downloading skill: https://github.com/mycroftai/skill-audio-record
2023-05-02 11:23:01.099 | INFO     |  4465 | msm.skill_entry | Downloading skill: https://github.com/mycroftai/skill-date-time
2023-05-02 11:23:01.102 | INFO     |  4465 | msm.skill_entry | Downloading skill: https://github.com/mycroftai/fallback-duckduckgo
2023-05-02 11:23:01.105 | INFO     |  4465 | msm.skill_entry | Downloading skill: https://github.com/mycroftai/skill-hello-world
2023-05-02 11:23:01.107 | INFO     |  4465 | msm.skill_entry | Downloading skill: https://github.com/mycroftai/skill-installer
2023-05-02 11:23:01.111 | INFO     |  4465 | msm.skill_entry | Downloading skill: https://github.com/mycroftai/skill-ip
2023-05-02 11:23:01.117 | INFO     |  4465 | msm.skill_entry | Downloading skill: https://github.com/mycroftai/skill-joke
2023-05-02 11:23:01.121 | INFO     |  4465 | msm.skill_entry | Downloading skill: https://github.com/mycroftai/skill-personal
2023-05-02 11:23:01.125 | INFO     |  4465 | msm.skill_entry | Downloading skill: https://github.com/mycroftai/skill-npr-news
2023-05-02 11:23:01.128 | INFO     |  4465 | msm.skill_entry | Downloading skill: https://github.com/mycroftai/skill-playback-control
2023-05-02 11:23:01.133 | INFO     |  4465 | msm.skill_entry | Downloading skill: https://github.com/mycroftai/skill-configuration
2023-05-02 11:23:01.135 | INFO     |  4465 | msm.skill_entry | Downloading skill: https://github.com/mycroftai/skill-singing
2023-05-02 11:23:01.139 | INFO     |  4465 | msm.skill_entry | Downloading skill: https://github.com/mycroftai/skill-naptime
2023-05-02 11:23:01.142 | INFO     |  4465 | msm.skill_entry | Downloading skill: https://github.com/mycroftai/skill-reminder
2023-05-02 11:23:01.852 | ERROR    |  4465 | msm.mycroft_skills_manager | Error running install_or_update on mycroft-volume:
Traceback (most recent call last):
  File "/opt/mycroft-core/.venv/lib/python3.7/site-packages/msm/mycroft_skills_manager.py", line 461, in run_item
    func(skill)
  File "/opt/mycroft-core/mycroft/skills/skill_updater.py", line 214, in install_or_update
    skill.update()
  File "/opt/mycroft-core/.venv/lib/python3.7/site-packages/msm/skill_entry.py", line 80, in wrapper
    shutil.copytree(self.path, self.old_path)
  File "/opt/hostedtoolcache/Python/3.7.16/x64/lib/python3.7/shutil.py", line 368, in copytree
    raise Error(errors)
shutil.Error: [('/opt/mycroft/skills/mycroft-volume.mycroftai/.git/index.lock', '/tmp/mycroft-volume/.git/index.lock', "[Errno 2] No such file or directory: '/opt/mycroft/skills/mycroft-volume.mycroftai/.git/index.lock'")]
2023-05-02 11:23:01.960 | INFO     |  4465 | msm.skill_entry | Downloading skill: https://github.com/mycroftai/skill-speak
2023-05-02 11:23:02.320 | INFO     |  4465 | msm.skill_entry | Installing system requirements...
2023-05-02 11:23:02.550 | INFO     |  4465 | msm.skill_entry | Installing requirements.txt for mycroft-audio-record
2023-05-02 11:23:02.709 | INFO     |  4465 | msm.skill_entry | Installing system requirements...
2023-05-02 11:23:02.743 | INFO     |  4465 | msm.skill_entry | Installing system requirements...
2023-05-02 11:23:02.748 | INFO     |  4465 | msm.skill_entry | Installing system requirements...
2023-05-02 11:23:02.826 | INFO     |  4465 | msm.skill_entry | Installing system requirements...
2023-05-02 11:23:02.836 | INFO     |  4465 | msm.skill_entry | Nothing new for mycroft-pairing
2023-05-02 11:23:02.902 | INFO     |  4465 | msm.skill_entry | Successfully installed mycroft-hello-world
2023-05-02 11:23:02.904 | INFO     |  4465 | msm.mycroft_skills_manager | invalidating skills cache
2023-05-02 11:23:02.905 | INFO     |  4465 | msm.skill_entry | Downloading skill: https://github.com/mycroftai/skill-spelling
2023-05-02 11:23:02.921 | INFO     |  4465 | msm.skill_entry | Successfully installed fallback-unknown
2023-05-02 11:23:02.922 | INFO     |  4465 | msm.mycroft_skills_manager | invalidating skills cache
2023-05-02 11:23:02.924 | INFO     |  4465 | msm.skill_entry | Downloading skill: https://github.com/mycroftai/skill-stop
2023-05-02 11:23:02.933 | INFO     |  4465 | msm.skill_entry | Successfully installed mycroft-naptime
2023-05-02 11:23:02.934 | INFO     |  4465 | msm.mycroft_skills_manager | invalidating skills cache
2023-05-02 11:23:02.935 | INFO     |  4465 | msm.skill_entry | Downloading skill: https://github.com/mycroftai/skill-support
2023-05-02 11:23:02.965 | ERROR    |  4465 | msm.mycroft_skills_manager | Error running install_or_update on homeassistant.mycroftai: MergeConflict
2023-05-02 11:23:03.015 | INFO     |  4465 | msm.skill_entry | Downloading skill: https://github.com/mycroftai/mycroft-timer
2023-05-02 11:23:03.043 | INFO     |  4465 | msm.skill_entry | Installing requirements.txt for mycroft-ip
2023-05-02 11:23:03.046 | INFO     |  4465 | msm.skill_entry | Installing system requirements...
2023-05-02 11:23:03.068 | INFO     |  4465 | msm.skill_entry | Installing system requirements...
2023-05-02 11:23:03.079 | INFO     |  4465 | msm.skill_entry | Installing system requirements...
2023-05-02 11:23:03.084 | INFO     |  4465 | msm.skill_entry | Installing system requirements...
2023-05-02 11:23:03.088 | INFO     |  4465 | msm.skill_entry | Installing system requirements...
2023-05-02 11:23:03.091 | INFO     |  4465 | msm.skill_entry | Installing system requirements...
2023-05-02 11:23:03.107 | INFO     |  4465 | msm.skill_entry | Installing requirements.txt for mycroft-fallback-duck-duck-go
2023-05-02 11:23:03.121 | INFO     |  4465 | msm.skill_entry | Downloading skill: https://github.com/mycroftai/skill-weather
2023-05-02 11:23:03.146 | INFO     |  4465 | msm.skill_entry | Successfully installed mycroft-speak
2023-05-02 11:23:03.146 | INFO     |  4465 | msm.mycroft_skills_manager | invalidating skills cache
2023-05-02 11:23:03.146 | INFO     |  4465 | msm.skill_entry | Installing requirements.txt for mycroft-joke
2023-05-02 11:23:03.147 | INFO     |  4465 | msm.skill_entry | Downloading skill: https://github.com/mycroftai/skill-version-checker
2023-05-02 11:23:03.154 | INFO     |  4465 | msm.skill_entry | Successfully installed mycroft-personal
2023-05-02 11:23:03.156 | INFO     |  4465 | msm.mycroft_skills_manager | invalidating skills cache
2023-05-02 11:23:03.157 | INFO     |  4465 | msm.skill_entry | Downloading skill: https://github.com/mycroftai/skill-wiki
2023-05-02 11:23:03.172 | INFO     |  4465 | msm.skill_entry | Installing requirements.txt for fallback-wolfram-alpha
2023-05-02 11:23:03.255 | INFO     |  4465 | msm.skill_entry | Installing system requirements...
2023-05-02 11:23:03.284 | INFO     |  4465 | msm.skill_entry | Installing system requirements...
2023-05-02 11:23:03.303 | INFO     |  4465 | msm.skill_entry | Successfully installed mycroft-playback-control
2023-05-02 11:23:03.304 | INFO     |  4465 | msm.mycroft_skills_manager | invalidating skills cache
2023-05-02 11:23:03.306 | INFO     |  4465 | msm.skill_entry | Downloading skill: https://github.com/MycroftAI/skill-query
2023-05-02 11:23:03.345 | INFO     |  4465 | msm.skill_entry | Installing requirements.txt for mycroft-configuration
2023-05-02 11:23:03.555 | INFO     |  4465 | msm.skill_entry | Installing system requirements...
2023-05-02 11:23:03.586 | INFO     |  4465 | msm.skill_entry | Successfully installed mycroft-reminder
2023-05-02 11:23:03.586 | INFO     |  4465 | msm.mycroft_skills_manager | invalidating skills cache
2023-05-02 11:23:03.716 | INFO     |  4465 | msm.skill_entry | Installing system requirements...
2023-05-02 11:23:03.767 | INFO     |  4465 | msm.skill_entry | Installing system requirements...
2023-05-02 11:23:03.782 | INFO     |  4465 | msm.skill_entry | Installing requirements.txt for mycroft-installer
2023-05-02 11:23:03.832 | INFO     |  4465 | msm.skill_entry | Installing requirements.txt for mycroft-npr-news
2023-05-02 11:23:04.154 | INFO     |  4465 | msm.skill_entry | Installing system requirements...
2023-05-02 11:23:04.204 | INFO     |  4465 | msm.skill_entry | Installing system requirements...
2023-05-02 11:23:04.210 | INFO     |  4465 | msm.skill_entry | Installing system requirements...
2023-05-02 11:23:04.290 | INFO     |  4465 | msm.skill_entry | Installing system requirements...
2023-05-02 11:23:04.315 | INFO     |  4465 | msm.skill_entry | Successfully installed mycroft-stop
2023-05-02 11:23:04.316 | INFO     |  4465 | msm.mycroft_skills_manager | invalidating skills cache
2023-05-02 11:23:04.367 | INFO     |  4465 | msm.skill_entry | Successfully installed mycroft-spelling
2023-05-02 11:23:04.367 | INFO     |  4465 | msm.mycroft_skills_manager | invalidating skills cache
2023-05-02 11:23:04.371 | INFO     |  4465 | msm.skill_entry | Installing requirements.txt for mycroft-support-helper
2023-05-02 11:23:04.389 | ERROR    |  4465 | msm.mycroft_skills_manager | Error running install_or_update on homeassistant: MergeConflict
2023-05-02 11:23:04.411 | INFO     |  4465 | msm.skill_entry | Installing system requirements...
2023-05-02 11:23:04.434 | INFO     |  4465 | msm.skill_entry | Installing requirements.txt for mycroft-alarm
2023-05-02 11:23:04.468 | INFO     |  4465 | msm.skill_entry | Installing system requirements...
2023-05-02 11:23:04.530 | INFO     |  4465 | msm.skill_entry | Installing requirements.txt for mycroft-date-time
2023-05-02 11:23:04.571 | INFO     |  4465 | msm.skill_entry | Successfully installed fallback-query
2023-05-02 11:23:04.571 | INFO     |  4465 | msm.mycroft_skills_manager | invalidating skills cache
2023-05-02 11:23:04.600 | INFO     |  4465 | msm.skill_entry | Installing system requirements...
2023-05-02 11:23:04.650 | INFO     |  4465 | msm.skill_entry | Installing system requirements...
2023-05-02 11:23:04.684 | INFO     |  4465 | msm.skill_entry | Successfully installed mycroft-version-checker
2023-05-02 11:23:04.685 | INFO     |  4465 | msm.mycroft_skills_manager | invalidating skills cache
2023-05-02 11:23:04.716 | INFO     |  4465 | msm.skill_entry | Installing requirements.txt for mycroft-wiki
2023-05-02 11:23:04.760 | INFO     |  4465 | msm.skill_entry | Installing system requirements...
2023-05-02 11:23:04.825 | INFO     |  4465 | msm.skill_entry | Successfully installed mycroft-timer
2023-05-02 11:23:04.825 | INFO     |  4465 | msm.mycroft_skills_manager | invalidating skills cache
2023-05-02 11:23:05.076 | INFO     |  4465 | msm.skill_entry | Installing system requirements...
2023-05-02 11:23:05.115 | INFO     |  4465 | msm.skill_entry | Installing requirements.txt for mycroft-weather
2023-05-02 11:23:05.420 | INFO     |  4465 | msm.skill_entry | Installing system requirements...
2023-05-02 11:23:05.448 | INFO     |  4465 | msm.skill_entry | Successfully installed mycroft-singing
2023-05-02 11:23:05.449 | INFO     |  4465 | msm.mycroft_skills_manager | invalidating skills cache
2023-05-02 11:23:05.487 | INFO     |  4465 | msm.skill_entry | Successfully installed mycroft-audio-record
2023-05-02 11:23:05.487 | INFO     |  4465 | msm.mycroft_skills_manager | invalidating skills cache
2023-05-02 11:23:06.341 | INFO     |  4465 | msm.skill_entry | Successfully installed mycroft-ip
2023-05-02 11:23:06.342 | INFO     |  4465 | msm.mycroft_skills_manager | invalidating skills cache
2023-05-02 11:23:07.704 | INFO     |  4465 | msm.skill_entry | Successfully installed mycroft-fallback-duck-duck-go
2023-05-02 11:23:07.704 | INFO     |  4465 | msm.mycroft_skills_manager | invalidating skills cache
2023-05-02 11:23:08.979 | INFO     |  4465 | msm.skill_entry | Successfully installed mycroft-joke
2023-05-02 11:23:08.980 | INFO     |  4465 | msm.mycroft_skills_manager | invalidating skills cache
2023-05-02 11:23:11.736 | INFO     |  4465 | msm.skill_entry | Successfully installed fallback-wolfram-alpha
2023-05-02 11:23:11.736 | INFO     |  4465 | msm.mycroft_skills_manager | invalidating skills cache
2023-05-02 11:23:14.351 | INFO     |  4465 | msm.skill_entry | Successfully installed mycroft-configuration
2023-05-02 11:23:14.351 | INFO     |  4465 | msm.mycroft_skills_manager | invalidating skills cache
2023-05-02 11:23:15.295 | INFO     |  4465 | msm.skill_entry | Successfully installed mycroft-installer
2023-05-02 11:23:15.295 | INFO     |  4465 | msm.mycroft_skills_manager | invalidating skills cache
2023-05-02 11:23:18.733 | INFO     |  4465 | msm.skill_entry | Successfully installed mycroft-npr-news
2023-05-02 11:23:18.733 | INFO     |  4465 | msm.mycroft_skills_manager | invalidating skills cache
2023-05-02 11:23:20.026 | INFO     |  4465 | msm.skill_entry | Successfully installed mycroft-support-helper
2023-05-02 11:23:20.027 | INFO     |  4465 | msm.mycroft_skills_manager | invalidating skills cache
2023-05-02 11:23:20.940 | INFO     |  4465 | msm.skill_entry | Successfully installed mycroft-alarm
2023-05-02 11:23:20.940 | INFO     |  4465 | msm.mycroft_skills_manager | invalidating skills cache
2023-05-02 11:23:31.015 | INFO     |  4465 | PairingSkill | Initiating device pairing sequence...
2023-05-02 11:23:31.015 | INFO     |  4465 | PairingSkill | Retrieving pairing code from device API...
2023-05-02 11:23:31.610 | INFO     |  4465 | PairingSkill | Pairing code obtained: XRHF9J
2023-05-02 11:23:31.611 | INFO     |  4465 | PairingSkill | Communicating pairing URL to user
2023-05-02 11:23:39.855 | INFO     |  4465 | msm.skill_entry | Successfully installed mycroft-date-time
2023-05-02 11:23:39.855 | INFO     |  4465 | msm.mycroft_skills_manager | invalidating skills cache
2023-05-02 11:23:42.718 | INFO     |  4465 | msm.skill_entry | Successfully installed mycroft-wiki
2023-05-02 11:23:42.719 | INFO     |  4465 | msm.mycroft_skills_manager | invalidating skills cache
2023-05-02 11:23:45.212 | INFO     |  4465 | msm.skill_entry | Successfully installed mycroft-weather
2023-05-02 11:23:45.213 | INFO     |  4465 | msm.mycroft_skills_manager | invalidating skills cache
2023-05-02 11:23:45.228 | INFO     |  4465 | mycroft.skills.skill_updater:_log_next_download_time:267 | Next scheduled skill update: 2023-05-02 12:23:45.227852
2023-05-02 11:23:45.228 | INFO     |  4465 | mycroft.skills.skill_updater:update_skills:170 | Skill update complete
2023-05-02 11:23:45.228 | INFO     |  4465 | mycroft.skills.skill_manager:_load_on_startup:273 | Loading installed skills...
2023-05-02 11:23:45.230 | INFO     |  4465 | mycroft.skills.skill_loader:load:185 | ATTEMPTING TO LOAD SKILL: mycroft-naptime.mycroftai
2023-05-02 11:23:45.235 | INFO     |  4465 | mycroft.skills.settings:get_local_settings:83 | /opt/mycroft/skills/mycroft-naptime.mycroftai/settings.json
2023-05-02 11:23:45.240 | INFO     |  4465 | mycroft.skills.skill_loader:_check_for_first_run:324 | First run of mycroft-naptime.mycroftai
2023-05-02 11:23:45.241 | INFO     |  4465 | mycroft.skills.settings:save_settings:116 | Skill settings successfully saved to /home/runner/.config/mycroft/skills/mycroft-naptime.mycroftai/settings.json
2023-05-02 11:23:45.245 | INFO     |  4465 | mycroft.skills.skill_loader:_communicate_load_status:344 | Skill mycroft-naptime.mycroftai loaded successfully
2023-05-02 11:23:45.246 | INFO     |  4465 | mycroft.skills.skill_loader:load:185 | ATTEMPTING TO LOAD SKILL: mycroft-configuration.mycroftai
2023-05-02 11:23:45.251 | INFO     |  4465 | mycroft.skills.settings:get_local_settings:83 | /opt/mycroft/skills/mycroft-configuration.mycroftai/settings.json
2023-05-02 11:23:45.295 | INFO     |  4465 | mycroft.skills.skill_loader:_check_for_first_run:324 | First run of mycroft-configuration.mycroftai
2023-05-02 11:23:45.295 | INFO     |  4465 | mycroft.skills.settings:save_settings:116 | Skill settings successfully saved to /home/runner/.config/mycroft/skills/mycroft-configuration.mycroftai/settings.json
2023-05-02 11:23:45.298 | INFO     |  4465 | mycroft.skills.skill_loader:_communicate_load_status:344 | Skill mycroft-configuration.mycroftai loaded successfully
2023-05-02 11:23:45.298 | INFO     |  4465 | mycroft.skills.skill_loader:load:185 | ATTEMPTING TO LOAD SKILL: mycroft-alarm.mycroftai
2023-05-02 11:23:45.349 | INFO     |  4465 | mycroft.skills.settings:get_local_settings:83 | /opt/mycroft/skills/mycroft-alarm.mycroftai/settings.json
ALSA lib confmisc.c:855:(parse_card) cannot find card '0'
ALSA lib conf.c:5178:(_snd_config_evaluate) function snd_func_card_inum returned error: No such file or directory
ALSA lib confmisc.c:422:(snd_func_concat) error evaluating strings
ALSA lib conf.c:5178:(_snd_config_evaluate) function snd_func_concat returned error: No such file or directory
ALSA lib confmisc.c:1334:(snd_func_refer) error evaluating name
ALSA lib conf.c:5178:(_snd_config_evaluate) function snd_func_refer returned error: No such file or directory
ALSA lib conf.c:5701:(snd_config_expand) Evaluate error: No such file or directory
ALSA lib control.c:1528:(snd_ctl_open_noupdate) Invalid CTL default
ALSA lib confmisc.c:855:(parse_card) cannot find card '0'
ALSA lib conf.c:5178:(_snd_config_evaluate) function snd_func_card_inum returned error: No such file or directory
ALSA lib confmisc.c:422:(snd_func_concat) error evaluating strings
ALSA lib conf.c:5178:(_snd_config_evaluate) function snd_func_concat returned error: No such file or directory
ALSA lib confmisc.c:1334:(snd_func_refer) error evaluating name
ALSA lib conf.c:5178:(_snd_config_evaluate) function snd_func_refer returned error: No such file or directory
ALSA lib conf.c:5701:(snd_config_expand) Evaluate error: No such file or directory
ALSA lib control.c:1528:(snd_ctl_open_noupdate) Invalid CTL default
2023-05-02 11:23:45.350 | ERROR    |  4465 | AlarmSkill | Couldn't allocate mixer, ALSAAudioError('No such file or directory [default]')
2023-05-02 11:23:45.460 | INFO     |  4465 | mycroft.skills.skill_loader:_check_for_first_run:324 | First run of mycroft-alarm.mycroftai
2023-05-02 11:23:45.462 | INFO     |  4465 | mycroft.skills.settings:save_settings:116 | Skill settings successfully saved to /home/runner/.config/mycroft/skills/mycroft-alarm.mycroftai/settings.json
2023-05-02 11:23:45.466 | INFO     |  4465 | mycroft.skills.skill_loader:_communicate_load_status:344 | Skill mycroft-alarm.mycroftai loaded successfully
2023-05-02 11:23:45.467 | INFO     |  4465 | mycroft.skills.skill_loader:load:185 | ATTEMPTING TO LOAD SKILL: mycroft-date-time.mycroftai
2023-05-02 11:23:45.852 | INFO     |  4465 | mycroft.skills.settings:get_local_settings:83 | /opt/mycroft/skills/mycroft-date-time.mycroftai/settings.json
2023-05-02 11:23:45.884 | INFO     |  4465 | TimeSkill | Registering resting screen <bound method TimeSkill.handle_idle of <mycroft-date-time_mycroftai.TimeSkill object at 0x7f0b58995650>> for Time and Date.
2023-05-02 11:23:45.885 | INFO     |  4465 | TimeSkill | Registering resting screen
2023-05-02 11:23:45.894 | INFO     |  4465 | mycroft.skills.skill_loader:_check_for_first_run:324 | First run of mycroft-date-time.mycroftai
2023-05-02 11:23:45.895 | INFO     |  4465 | mycroft.skills.settings:save_settings:116 | Skill settings successfully saved to /home/runner/.config/mycroft/skills/mycroft-date-time.mycroftai/settings.json
2023-05-02 11:23:45.898 | INFO     |  4465 | mycroft.skills.skill_loader:_communicate_load_status:344 | Skill mycroft-date-time.mycroftai loaded successfully
2023-05-02 11:23:45.898 | INFO     |  4465 | mycroft.skills.skill_loader:load:185 | ATTEMPTING TO LOAD SKILL: mycroft-ip.mycroftai
2023-05-02 11:23:45.941 | INFO     |  4465 | mycroft.skills.settings:get_local_settings:83 | /opt/mycroft/skills/mycroft-ip.mycroftai/settings.json
2023-05-02 11:23:45.959 | INFO     |  4465 | mycroft.skills.skill_loader:_check_for_first_run:324 | First run of mycroft-ip.mycroftai
2023-05-02 11:23:45.960 | INFO     |  4465 | mycroft.skills.settings:save_settings:116 | Skill settings successfully saved to /home/runner/.config/mycroft/skills/mycroft-ip.mycroftai/settings.json
2023-05-02 11:23:45.961 | INFO     |  4465 | mycroft.skills.skill_loader:_communicate_load_status:344 | Skill mycroft-ip.mycroftai loaded successfully
2023-05-02 11:23:45.961 | INFO     |  4465 | mycroft.skills.skill_loader:load:185 | ATTEMPTING TO LOAD SKILL: fallback-unknown.mycroftai
2023-05-02 11:23:45.964 | INFO     |  4465 | mycroft.skills.settings:get_local_settings:83 | /opt/mycroft/skills/fallback-unknown.mycroftai/settings.json
2023-05-02 11:23:45.996 | INFO     |  4465 | mycroft.skills.skill_loader:_check_for_first_run:324 | First run of fallback-unknown.mycroftai
2023-05-02 11:23:45.997 | INFO     |  4465 | mycroft.skills.settings:save_settings:116 | Skill settings successfully saved to /home/runner/.config/mycroft/skills/fallback-unknown.mycroftai/settings.json
2023-05-02 11:23:45.997 | INFO     |  4465 | mycroft.skills.skill_loader:_communicate_load_status:344 | Skill fallback-unknown.mycroftai loaded successfully
2023-05-02 11:23:45.998 | INFO     |  4465 | mycroft.skills.skill_loader:load:185 | ATTEMPTING TO LOAD SKILL: mycroft-wiki.mycroftai
2023-05-02 11:23:46.115 | INFO     |  4465 | mycroft.skills.settings:get_local_settings:83 | /opt/mycroft/skills/mycroft-wiki.mycroftai/settings.json
2023-05-02 11:23:46.123 | INFO     |  4465 | mycroft.skills.skill_loader:_check_for_first_run:324 | First run of mycroft-wiki.mycroftai
2023-05-02 11:23:46.124 | INFO     |  4465 | mycroft.skills.settings:save_settings:116 | Skill settings successfully saved to /home/runner/.config/mycroft/skills/mycroft-wiki.mycroftai/settings.json
2023-05-02 11:23:46.124 | INFO     |  4465 | mycroft.skills.skill_loader:_communicate_load_status:344 | Skill mycroft-wiki.mycroftai loaded successfully
2023-05-02 11:23:46.125 | INFO     |  4465 | mycroft.skills.skill_loader:load:185 | ATTEMPTING TO LOAD SKILL: mycroft-weather.mycroftai
2023-05-02 11:23:46.148 | INFO     |  4465 | mycroft.skills.settings:get_local_settings:83 | /opt/mycroft/skills/mycroft-weather.mycroftai/settings.json
2023-05-02 11:23:46.258 | INFO     |  4465 | mycroft.skills.skill_loader:_check_for_first_run:324 | First run of mycroft-weather.mycroftai
2023-05-02 11:23:46.262 | INFO     |  4465 | mycroft.skills.settings:save_settings:116 | Skill settings successfully saved to /home/runner/.config/mycroft/skills/mycroft-weather.mycroftai/settings.json
2023-05-02 11:23:46.265 | INFO     |  4465 | mycroft.skills.skill_loader:_communicate_load_status:344 | Skill mycroft-weather.mycroftai loaded successfully
2023-05-02 11:23:46.265 | INFO     |  4465 | mycroft.skills.skill_loader:load:185 | ATTEMPTING TO LOAD SKILL: homeassistant.mycroftai
2023-05-02 11:23:46.483 | INFO     |  4465 | mycroft.skills.settings:get_local_settings:83 | /opt/mycroft/skills/homeassistant.mycroftai/settings.json
2023-05-02 11:23:46.484 | INFO     |  4465 | mycroft.skills.settings:get_local_settings:83 | /opt/mycroft/skills/homeassistant.mycroftai/settings.json
2023-05-02 11:23:46.584 | INFO     |  4465 | mycroft.skills.skill_loader:_communicate_load_status:344 | Skill homeassistant.mycroftai loaded successfully
2023-05-02 11:23:46.585 | INFO     |  4465 | mycroft.skills.skill_loader:load:185 | ATTEMPTING TO LOAD SKILL: mycroft-stop.mycroftai
2023-05-02 11:23:46.588 | INFO     |  4465 | mycroft.skills.settings:get_local_settings:83 | /opt/mycroft/skills/mycroft-stop.mycroftai/settings.json
2023-05-02 11:23:46.611 | INFO     |  4465 | mycroft.skills.skill_loader:_check_for_first_run:324 | First run of mycroft-stop.mycroftai
2023-05-02 11:23:46.611 | INFO     |  4465 | mycroft.skills.settings:save_settings:116 | Skill settings successfully saved to /home/runner/.config/mycroft/skills/mycroft-stop.mycroftai/settings.json
2023-05-02 11:23:46.612 | INFO     |  4465 | mycroft.skills.skill_loader:_communicate_load_status:344 | Skill mycroft-stop.mycroftai loaded successfully
2023-05-02 11:23:46.612 | INFO     |  4465 | mycroft.skills.skill_loader:load:185 | ATTEMPTING TO LOAD SKILL: mycroft-personal.mycroftai
2023-05-02 11:23:46.627 | INFO     |  4465 | mycroft.skills.settings:get_local_settings:83 | /opt/mycroft/skills/mycroft-personal.mycroftai/settings.json
2023-05-02 11:23:46.649 | INFO     |  4465 | mycroft.skills.skill_loader:_check_for_first_run:324 | First run of mycroft-personal.mycroftai
2023-05-02 11:23:46.651 | INFO     |  4465 | mycroft.skills.settings:save_settings:116 | Skill settings successfully saved to /home/runner/.config/mycroft/skills/mycroft-personal.mycroftai/settings.json
2023-05-02 11:23:46.651 | INFO     |  4465 | mycroft.skills.skill_loader:_communicate_load_status:344 | Skill mycroft-personal.mycroftai loaded successfully
2023-05-02 11:23:46.652 | INFO     |  4465 | mycroft.skills.skill_loader:load:185 | ATTEMPTING TO LOAD SKILL: mycroft-fallback-duck-duck-go.mycroftai
2023-05-02 11:23:46.670 | INFO     |  4465 | mycroft.skills.settings:get_local_settings:83 | /opt/mycroft/skills/mycroft-fallback-duck-duck-go.mycroftai/settings.json
2023-05-02 11:23:46.693 | INFO     |  4465 | mycroft.skills.skill_loader:_check_for_first_run:324 | First run of mycroft-fallback-duck-duck-go.mycroftai
2023-05-02 11:23:46.693 | INFO     |  4465 | mycroft.skills.settings:save_settings:116 | Skill settings successfully saved to /home/runner/.config/mycroft/skills/mycroft-fallback-duck-duck-go.mycroftai/settings.json
2023-05-02 11:23:46.696 | INFO     |  4465 | mycroft.skills.skill_loader:_communicate_load_status:344 | Skill mycroft-fallback-duck-duck-go.mycroftai loaded successfully
2023-05-02 11:23:46.697 | INFO     |  4465 | mycroft.skills.skill_loader:load:185 | ATTEMPTING TO LOAD SKILL: mycroft-audio-record.mycroftai
2023-05-02 11:23:46.702 | INFO     |  4465 | mycroft.skills.settings:get_local_settings:83 | /opt/mycroft/skills/mycroft-audio-record.mycroftai/settings.json
2023-05-02 11:23:46.721 | INFO     |  4465 | mycroft.skills.skill_loader:_check_for_first_run:324 | First run of mycroft-audio-record.mycroftai
2023-05-02 11:23:46.723 | INFO     |  4465 | mycroft.skills.settings:save_settings:116 | Skill settings successfully saved to /home/runner/.config/mycroft/skills/mycroft-audio-record.mycroftai/settings.json
2023-05-02 11:23:46.723 | INFO     |  4465 | mycroft.skills.skill_loader:_communicate_load_status:344 | Skill mycroft-audio-record.mycroftai loaded successfully
2023-05-02 11:23:46.724 | INFO     |  4465 | mycroft.skills.skill_loader:load:185 | ATTEMPTING TO LOAD SKILL: mycroft-playback-control.mycroftai
2023-05-02 11:23:46.734 | INFO     |  4465 | mycroft.skills.settings:get_local_settings:83 | /opt/mycroft/skills/mycroft-playback-control.mycroftai/settings.json
2023-05-02 11:23:46.782 | INFO     |  4465 | mycroft.skills.skill_loader:_check_for_first_run:324 | First run of mycroft-playback-control.mycroftai
2023-05-02 11:23:46.783 | INFO     |  4465 | mycroft.skills.settings:save_settings:116 | Skill settings successfully saved to /home/runner/.config/mycroft/skills/mycroft-playback-control.mycroftai/settings.json
2023-05-02 11:23:46.784 | INFO     |  4465 | mycroft.skills.skill_loader:_communicate_load_status:344 | Skill mycroft-playback-control.mycroftai loaded successfully
2023-05-02 11:23:46.786 | INFO     |  4465 | mycroft.skills.skill_loader:load:185 | ATTEMPTING TO LOAD SKILL: mycroft-hello-world.mycroftai
2023-05-02 11:23:46.793 | INFO     |  4465 | mycroft.skills.settings:get_local_settings:83 | /opt/mycroft/skills/mycroft-hello-world.mycroftai/settings.json
2023-05-02 11:23:46.809 | INFO     |  4465 | mycroft.skills.skill_loader:_check_for_first_run:324 | First run of mycroft-hello-world.mycroftai
2023-05-02 11:23:46.816 | INFO     |  4465 | mycroft.skills.settings:save_settings:116 | Skill settings successfully saved to /home/runner/.config/mycroft/skills/mycroft-hello-world.mycroftai/settings.json
2023-05-02 11:23:46.820 | INFO     |  4465 | mycroft.skills.skill_loader:_communicate_load_status:344 | Skill mycroft-hello-world.mycroftai loaded successfully
2023-05-02 11:23:46.820 | INFO     |  4465 | mycroft.skills.skill_loader:load:185 | ATTEMPTING TO LOAD SKILL: fallback-query.mycroftai
2023-05-02 11:23:46.824 | INFO     |  4465 | mycroft.skills.settings:get_local_settings:83 | /opt/mycroft/skills/fallback-query.mycroftai/settings.json
2023-05-02 11:23:46.839 | INFO     |  4465 | mycroft.skills.skill_loader:_check_for_first_run:324 | First run of fallback-query.mycroftai
2023-05-02 11:23:46.840 | INFO     |  4465 | mycroft.skills.settings:save_settings:116 | Skill settings successfully saved to /home/runner/.config/mycroft/skills/fallback-query.mycroftai/settings.json
2023-05-02 11:23:46.841 | INFO     |  4465 | mycroft.skills.skill_loader:_communicate_load_status:344 | Skill fallback-query.mycroftai loaded successfully
2023-05-02 11:23:46.842 | INFO     |  4465 | mycroft.skills.skill_loader:load:185 | ATTEMPTING TO LOAD SKILL: mycroft-support-helper.mycroftai
2023-05-02 11:23:46.853 | INFO     |  4465 | mycroft.skills.settings:get_local_settings:83 | /opt/mycroft/skills/mycroft-support-helper.mycroftai/settings.json
2023-05-02 11:23:46.864 | INFO     |  4465 | mycroft.skills.skill_loader:_check_for_first_run:324 | First run of mycroft-support-helper.mycroftai
2023-05-02 11:23:46.867 | INFO     |  4465 | mycroft.skills.settings:save_settings:116 | Skill settings successfully saved to /home/runner/.config/mycroft/skills/mycroft-support-helper.mycroftai/settings.json
2023-05-02 11:23:46.868 | INFO     |  4465 | mycroft.skills.skill_loader:_communicate_load_status:344 | Skill mycroft-support-helper.mycroftai loaded successfully
2023-05-02 11:23:46.869 | INFO     |  4465 | mycroft.skills.skill_loader:load:185 | ATTEMPTING TO LOAD SKILL: mycroft-spelling.mycroftai
2023-05-02 11:23:46.872 | INFO     |  4465 | mycroft.skills.settings:get_local_settings:83 | /opt/mycroft/skills/mycroft-spelling.mycroftai/settings.json
2023-05-02 11:23:46.889 | INFO     |  4465 | mycroft.skills.skill_loader:_check_for_first_run:324 | First run of mycroft-spelling.mycroftai
2023-05-02 11:23:46.891 | INFO     |  4465 | mycroft.skills.settings:save_settings:116 | Skill settings successfully saved to /home/runner/.config/mycroft/skills/mycroft-spelling.mycroftai/settings.json
2023-05-02 11:23:46.891 | INFO     |  4465 | mycroft.skills.skill_loader:_communicate_load_status:344 | Skill mycroft-spelling.mycroftai loaded successfully
2023-05-02 11:23:46.894 | INFO     |  4465 | mycroft.skills.skill_loader:load:185 | ATTEMPTING TO LOAD SKILL: mycroft-version-checker.mycroftai
2023-05-02 11:23:46.899 | INFO     |  4465 | mycroft.skills.settings:get_local_settings:83 | /opt/mycroft/skills/mycroft-version-checker.mycroftai/settings.json
2023-05-02 11:23:46.920 | INFO     |  4465 | mycroft.skills.skill_loader:_check_for_first_run:324 | First run of mycroft-version-checker.mycroftai
2023-05-02 11:23:46.921 | INFO     |  4465 | mycroft.skills.settings:save_settings:116 | Skill settings successfully saved to /home/runner/.config/mycroft/skills/mycroft-version-checker.mycroftai/settings.json
2023-05-02 11:23:46.922 | INFO     |  4465 | mycroft.skills.skill_loader:_communicate_load_status:344 | Skill mycroft-version-checker.mycroftai loaded successfully
2023-05-02 11:23:46.925 | INFO     |  4465 | mycroft.skills.skill_loader:load:185 | ATTEMPTING TO LOAD SKILL: mycroft-reminder.mycroftai
2023-05-02 11:23:46.941 | INFO     |  4465 | mycroft.skills.settings:get_local_settings:83 | /opt/mycroft/skills/mycroft-reminder.mycroftai/settings.json
2023-05-02 11:23:46.966 | INFO     |  4465 | mycroft.skills.skill_loader:_check_for_first_run:324 | First run of mycroft-reminder.mycroftai
2023-05-02 11:23:46.967 | INFO     |  4465 | mycroft.skills.settings:save_settings:116 | Skill settings successfully saved to /home/runner/.config/mycroft/skills/mycroft-reminder.mycroftai/settings.json
2023-05-02 11:23:46.970 | INFO     |  4465 | mycroft.skills.skill_loader:_communicate_load_status:344 | Skill mycroft-reminder.mycroftai loaded successfully
2023-05-02 11:23:46.970 | INFO     |  4465 | mycroft.skills.skill_loader:load:185 | ATTEMPTING TO LOAD SKILL: mycroft-npr-news.mycroftai
2023-05-02 11:23:47.037 | INFO     |  4465 | mycroft.skills.settings:get_local_settings:83 | /opt/mycroft/skills/mycroft-npr-news.mycroftai/settings.json
2023-05-02 11:23:48.071 | INFO     |  4465 | mycroft.skills.skill_loader:_check_for_first_run:324 | First run of mycroft-npr-news.mycroftai
2023-05-02 11:23:48.072 | INFO     |  4465 | mycroft.skills.settings:save_settings:116 | Skill settings successfully saved to /home/runner/.config/mycroft/skills/mycroft-npr-news.mycroftai/settings.json
2023-05-02 11:23:48.077 | INFO     |  4465 | mycroft.skills.skill_loader:_communicate_load_status:344 | Skill mycroft-npr-news.mycroftai loaded successfully
2023-05-02 11:23:48.078 | INFO     |  4465 | mycroft.skills.skill_loader:load:185 | ATTEMPTING TO LOAD SKILL: mycroft-joke.mycroftai
2023-05-02 11:23:48.083 | INFO     |  4465 | mycroft.skills.settings:get_local_settings:83 | /opt/mycroft/skills/mycroft-joke.mycroftai/settings.json
2023-05-02 11:23:48.101 | INFO     |  4465 | mycroft.skills.skill_loader:_check_for_first_run:324 | First run of mycroft-joke.mycroftai
2023-05-02 11:23:48.101 | INFO     |  4465 | mycroft.skills.settings:save_settings:116 | Skill settings successfully saved to /home/runner/.config/mycroft/skills/mycroft-joke.mycroftai/settings.json
2023-05-02 11:23:48.110 | INFO     |  4465 | mycroft.skills.skill_loader:_communicate_load_status:344 | Skill mycroft-joke.mycroftai loaded successfully
2023-05-02 11:23:48.111 | INFO     |  4465 | mycroft.skills.skill_loader:load:185 | ATTEMPTING TO LOAD SKILL: mycroft-speak.mycroftai
2023-05-02 11:23:48.114 | INFO     |  4465 | mycroft.skills.settings:get_local_settings:83 | /opt/mycroft/skills/mycroft-speak.mycroftai/settings.json
2023-05-02 11:23:48.148 | INFO     |  4465 | mycroft.skills.skill_loader:_check_for_first_run:324 | First run of mycroft-speak.mycroftai
2023-05-02 11:23:48.149 | INFO     |  4465 | mycroft.skills.settings:save_settings:116 | Skill settings successfully saved to /home/runner/.config/mycroft/skills/mycroft-speak.mycroftai/settings.json
2023-05-02 11:23:48.152 | INFO     |  4465 | mycroft.skills.skill_loader:_communicate_load_status:344 | Skill mycroft-speak.mycroftai loaded successfully
2023-05-02 11:23:48.152 | INFO     |  4465 | mycroft.skills.skill_loader:load:185 | ATTEMPTING TO LOAD SKILL: mycroft-singing.mycroftai
2023-05-02 11:23:48.155 | INFO     |  4465 | mycroft.skills.settings:get_local_settings:83 | /opt/mycroft/skills/mycroft-singing.mycroftai/settings.json
2023-05-02 11:23:48.168 | INFO     |  4465 | mycroft.skills.skill_loader:_check_for_first_run:324 | First run of mycroft-singing.mycroftai
2023-05-02 11:23:48.168 | INFO     |  4465 | mycroft.skills.settings:save_settings:116 | Skill settings successfully saved to /home/runner/.config/mycroft/skills/mycroft-singing.mycroftai/settings.json
2023-05-02 11:23:48.171 | INFO     |  4465 | mycroft.skills.skill_loader:_communicate_load_status:344 | Skill mycroft-singing.mycroftai loaded successfully
2023-05-02 11:23:48.171 | INFO     |  4465 | mycroft.skills.skill_loader:load:185 | ATTEMPTING TO LOAD SKILL: mycroft-timer.mycroftai
2023-05-02 11:23:48.184 | INFO     |  4465 | mycroft.skills.settings:get_local_settings:83 | /opt/mycroft/skills/mycroft-timer.mycroftai/settings.json
2023-05-02 11:23:48.253 | INFO     |  4465 | mycroft.skills.skill_loader:_check_for_first_run:324 | First run of mycroft-timer.mycroftai
2023-05-02 11:23:48.254 | INFO     |  4465 | mycroft.skills.settings:save_settings:116 | Skill settings successfully saved to /home/runner/.config/mycroft/skills/mycroft-timer.mycroftai/settings.json
2023-05-02 11:23:48.255 | INFO     |  4465 | mycroft.skills.skill_loader:_communicate_load_status:344 | Skill mycroft-timer.mycroftai loaded successfully
2023-05-02 11:23:48.255 | INFO     |  4465 | mycroft.skills.skill_loader:load:185 | ATTEMPTING TO LOAD SKILL: mycroft-installer.mycroftai
2023-05-02 11:23:48.260 | INFO     |  4465 | mycroft.skills.settings:get_local_settings:83 | /opt/mycroft/skills/mycroft-installer.mycroftai/settings.json
2023-05-02 11:23:48.283 | INFO     |  4465 | mycroft.skills.skill_loader:_check_for_first_run:324 | First run of mycroft-installer.mycroftai
2023-05-02 11:23:48.283 | INFO     |  4465 | mycroft.skills.settings:save_settings:116 | Skill settings successfully saved to /home/runner/.config/mycroft/skills/mycroft-installer.mycroftai/settings.json
2023-05-02 11:23:48.284 | INFO     |  4465 | mycroft.skills.skill_loader:_communicate_load_status:344 | Skill mycroft-installer.mycroftai loaded successfully
2023-05-02 11:23:48.284 | INFO     |  4465 | mycroft.skills.skill_loader:load:185 | ATTEMPTING TO LOAD SKILL: fallback-wolfram-alpha.mycroftai
2023-05-02 11:23:48.335 | INFO     |  4465 | mycroft.skills.settings:get_local_settings:83 | /opt/mycroft/skills/fallback-wolfram-alpha.mycroftai/settings.json
2023-05-02 11:23:48.348 | INFO     |  4465 | mycroft.skills.skill_loader:_check_for_first_run:324 | First run of fallback-wolfram-alpha.mycroftai
2023-05-02 11:23:48.349 | INFO     |  4465 | mycroft.skills.settings:save_settings:116 | Skill settings successfully saved to /home/runner/.config/mycroft/skills/fallback-wolfram-alpha.mycroftai/settings.json
2023-05-02 11:23:48.349 | INFO     |  4465 | mycroft.skills.skill_loader:_communicate_load_status:344 | Skill fallback-wolfram-alpha.mycroftai loaded successfully
2023-05-02 11:23:48.349 | INFO     |  4465 | mycroft.skills.skill_manager:_load_on_startup:275 | Skills all loaded!
2023-05-02 11:23:48.356 | INFO     |  4465 | __main__:on_ready:185 | Skills service is ready.
2023-05-02 11:23:48.397 | INFO     |  4465 | mycroft.skills.intent_services.padatious_service:train:151 | Training... (single_thread=False)
Regenerated homeassistant.mycroftai:{tracker}.
Regenerated mycroft-alarm.mycroftai:{daytype}.
Regenerated mycroft-date-time.mycroftai:what.time.will.it.be.intent.
Regenerated mycroft-date-time.mycroftai:date.last.weekend.intent.
Regenerated mycroft-wiki.mycroftai:Random.intent.
Regenerated mycroft-weather.mycroftai:do-i-need-an-umbrella.intent.
Regenerated homeassistant.mycroftai:automation.intent.
Regenerated homeassistant.mycroftai:open.intent.
Regenerated homeassistant.mycroftai:show.camera.image.intent.
Regenerated homeassistant.mycroftai:toggle.intent.
Regenerated homeassistant.mycroftai:decrease.light.brightness.intent.
Regenerated homeassistant.mycroftai:stop.intent.
Regenerated homeassistant.mycroftai:close.intent.
Regenerated mycroft-stop.mycroftai:shutdown.intent.
Regenerated mycroft-stop.mycroftai:reboot.intent.
Regenerated mycroft-stop.mycroftai:ssh.disable.intent.
Regenerated mycroft-stop.mycroftai:wifi.setup.intent.
Regenerated mycroft-stop.mycroftai:ssh.enable.intent.
Regenerated mycroft-personal.mycroftai:WhoMadeYou.intent.
Regenerated mycroft-personal.mycroftai:WhatAreYou.intent.
Regenerated mycroft-personal.mycroftai:WhoAreYou.intent.
Regenerated mycroft-personal.mycroftai:DoYouDream.intent.
Regenerated mycroft-personal.mycroftai:WhenWereYouBorn.intent.
Regenerated mycroft-personal.mycroftai:DoYouRhyme.intent.
Regenerated mycroft-personal.mycroftai:WhereWereYouBorn.intent.
Regenerated mycroft-audio-record.mycroftai:StartRecording.intent.
Regenerated mycroft-audio-record.mycroftai:PlayRecording.intent.
Regenerated mycroft-hello-world.mycroftai:HowAreYou.intent.
Regenerated mycroft-support-helper.mycroftai:contact.support.intent.
Regenerated mycroft-reminder.mycroftai:UnspecifiedReminderAt.intent.
Regenerated mycroft-reminder.mycroftai:ClearReminders.intent.
Regenerated mycroft-reminder.mycroftai:GetNextReminders.intent.
Regenerated mycroft-reminder.mycroftai:GetRemindersForDay.intent.
Regenerated mycroft-reminder.mycroftai:SnoozeReminder.intent.
Regenerated mycroft-reminder.mycroftai:Reminder.intent.
Regenerated mycroft-reminder.mycroftai:DeleteReminderForDay.intent.
Regenerated mycroft-reminder.mycroftai:ReminderAt.intent.
Regenerated mycroft-reminder.mycroftai:CancelActiveReminder.intent.
Regenerated mycroft-npr-news.mycroftai:PlayTheNews.intent.
Regenerated mycroft-timer.mycroftai:timer.status.intent.
Regenerated mycroft-timer.mycroftai:start.timer.intent.
Regenerated mycroft-installer.mycroftai:list.skills.intent.
Regenerated mycroft-naptime.mycroftai:wake-up.intent.
Regenerated mycroft-configuration.mycroftai:DisablePreciseDev.intent.
Regenerated mycroft-configuration.mycroftai:WhereAreYou.intent.
Regenerated mycroft-configuration.mycroftai:EnablePreciseDev.intent.
Regenerated mycroft-alarm.mycroftai:change.alarm.sound.intent.
Regenerated mycroft-alarm.mycroftai:snooze.intent.
Regenerated mycroft-date-time.mycroftai:date.future.weekend.intent.
Regenerated mycroft-date-time.mycroftai:what.time.is.it.intent.
Regenerated homeassistant.mycroftai:sensor.intent.
Regenerated homeassistant.mycroftai:increase.light.brightness.intent.
Regenerated homeassistant.mycroftai:turn.off.intent.
Regenerated homeassistant.mycroftai:set.light.brightness.intent.
Regenerated homeassistant.mycroftai:set.climate.intent.
Regenerated homeassistant.mycroftai:tracker.intent.
Regenerated homeassistant.mycroftai:add.item.shopping.list.intent.
Regenerated homeassistant.mycroftai:turn.on.intent.
Regenerated mycroft-installer.mycroftai:remove.intent.
Regenerated mycroft-installer.mycroftai:install.beta.intent.
Regenerated mycroft-installer.mycroftai:install.custom.intent.
Regenerated mycroft-installer.mycroftai:is.installed.intent.
Regenerated mycroft-installer.mycroftai:install.intent.
2023-05-02 11:23:51.561 | INFO     |  4465 | mycroft.skills.intent_services.padatious_service:train:153 | Training complete.
2023-05-02 11:23:58.171 | INFO     |  4465 | HomeAssistantSkill | Dialog
2023-05-02 11:23:58.475 | INFO     |  4465 | mycroft.skills.settings:save_settings:116 | Skill settings successfully saved to /home/runner/.config/mycroft/skills/mycroft-timer.mycroftai/settings.json
2023-05-02 11:23:58.509 | INFO     |  4465 | HomeAssistantSkill | Dialog
2023-05-02 11:23:58.884 | INFO     |  4465 | HomeAssistantSkill | Dialog
2023-05-02 11:23:59.270 | INFO     |  4465 | HomeAssistantSkill | Dialog
2023-05-02 11:24:00.292 | INFO     |  4465 | HomeAssistantSkill | Dialog
2023-05-02 11:24:04.959 | INFO     |  4465 | mycroft.skills.settings:save_settings:116 | Skill settings successfully saved to /home/runner/.config/mycroft/skills/mycroft-pairing.mycroftai/settings.json
2023-05-02 11:24:08.569 | INFO     |  4465 | HomeAssistantSkill | Dialog
2023-05-02 11:24:09.274 | INFO     |  4465 | HomeAssistantSkill | Dialog
2023-05-02 11:24:09.621 | INFO     |  4465 | HomeAssistantSkill | Dialog
2023-05-02 11:24:10.307 | INFO     |  4465 | HomeAssistantSkill | Dialog
2023-05-02 11:24:10.649 | INFO     |  4465 | HomeAssistantSkill | Dialog
2023-05-02 11:24:16.283 | INFO     |  4465 | HomeAssistantSkill | Dialog
2023-05-02 11:24:18.232 | INFO     |  4465 | HomeAssistantSkill | Dialog
2023-05-02 11:24:18.988 | INFO     |  4465 | HomeAssistantSkill | Dialog
2023-05-02 11:24:19.592 | INFO     |  4465 | HomeAssistantSkill | Dialog
2023-05-02 11:24:20.608 | INFO     |  4465 | HomeAssistantSkill | Dialog
2023-05-02 11:24:21.614 | INFO     |  4465 | QuestionsAnswersSkill | Searching for give me location of the Czech Republic
2023-05-02 11:24:21.726 | INFO     |  4465 | mycroft.skills.settings:save_settings:116 | Skill settings successfully saved to /home/runner/.config/mycroft/skills/mycroft-fallback-duck-duck-go.mycroftai/settings.json
2023-05-02 11:24:21.727 | INFO     |  4465 | WolframAlphaSkill | WolframAlpha query: give me location of the Czech Republic
2023-05-02 11:24:21.727 | INFO     |  4465 | WolframAlphaSkill | Non-question, ignoring: give me location of the Czech Republic
2023-05-02 11:24:21.728 | INFO     |  4465 | mycroft.skills.settings:save_settings:116 | Skill settings successfully saved to /home/runner/.config/mycroft/skills/fallback-wolfram-alpha.mycroftai/settings.json
2023-05-02 11:24:21.732 | INFO     |  4465 | mycroft.skills.settings:save_settings:116 | Skill settings successfully saved to /home/runner/.config/mycroft/skills/fallback-query.mycroftai/settings.json
2023-05-02 11:24:22.090 | INFO     |  4465 | QuestionsAnswersSkill | Timeout occured check responses
2023-05-02 11:24:22.665 | INFO     |  4465 | HomeAssistantSkill | Dialog
2023-05-02 11:24:31.281 | INFO     |  4465 | QuestionsAnswersSkill | Searching for where is France
2023-05-02 11:24:31.324 | INFO     |  4465 | WolframAlphaSkill | WolframAlpha query: where is France
2023-05-02 11:24:31.573 | ERROR    |  4465 | mycroft.enclosure.display_manager:_write_data:82 | Extra data: line 1 column 38 (char 37)
2023-05-02 11:24:31.574 | ERROR    |  4465 | mycroft.enclosure.display_manager:_write_data:83 | Error found in display manager file, deleting...
2023-05-02 11:24:31.575 | INFO     |  4465 | mycroft.enclosure.display_manager:_write_data:70 | Display Manager is creating /tmp/mycroft/ipc/managers/disp_info
2023-05-02 11:24:31.577 | ERROR    |  4465 | mycroft.skills.mycroft_skill.mycroft_skill:on_error:923 | An error occurred while processing a request in Wolfram Alpha Skill
Traceback (most recent call last):
  File "/opt/mycroft-core/mycroft/skills/mycroft_skill/event_container.py", line 73, in wrapper
    handler(message)
  File "/opt/mycroft-core/mycroft/skills/common_query_skill.py", line 108, in __handle_question_query
    match = result[0]
TypeError: 'bool' object is not subscriptable
2023-05-02 11:24:31.578 | ERROR    |  4465 | mycroft.skills.mycroft_skill.mycroft_skill:on_error:923 | An error occurred while processing a request in Pairing Skill
Traceback (most recent call last):
  File "/opt/mycroft-core/mycroft/skills/mycroft_skill/event_container.py", line 73, in wrapper
    handler(message)
  File "/opt/mycroft/skills/mycroft-pairing.mycroftai/__init__.py", line 108, in not_paired
    self.handle_pairing()
TypeError: handle_pairing() missing 1 required positional argument: '_'
2023-05-02 11:24:41.116 | INFO     |  4465 | QuestionsAnswersSkill | Timeout occured check responses
2023-05-02 11:24:41.281 | INFO     |  4465 | UnknownSkill | Fallback type: question
2023-05-02 11:24:41.585 | INFO     |  4465 | QuestionsAnswersSkill | Searching for where is the golden gate bridge
2023-05-02 11:24:41.632 | INFO     |  4465 | WolframAlphaSkill | WolframAlpha query: where is the golden gate bridge
2023-05-02 11:24:42.125 | ERROR    |  4465 | mycroft.skills.mycroft_skill.mycroft_skill:on_error:923 | An error occurred while processing a request in Pairing Skill
Traceback (most recent call last):
  File "/opt/mycroft-core/mycroft/skills/mycroft_skill/event_container.py", line 73, in wrapper
    handler(message)
  File "/opt/mycroft/skills/mycroft-pairing.mycroftai/__init__.py", line 108, in not_paired
    self.handle_pairing()
TypeError: handle_pairing() missing 1 required positional argument: '_'
2023-05-02 11:24:42.127 | ERROR    |  4465 | mycroft.skills.mycroft_skill.mycroft_skill:on_error:923 | An error occurred while processing a request in Wolfram Alpha Skill
Traceback (most recent call last):
  File "/opt/mycroft-core/mycroft/skills/mycroft_skill/event_container.py", line 73, in wrapper
    handler(message)
  File "/opt/mycroft-core/mycroft/skills/common_query_skill.py", line 108, in __handle_question_query
    match = result[0]
TypeError: 'bool' object is not subscriptable
2023-05-02 11:24:45.616 | WARNING  |  4465 | ConfigurationSkill | Impossible to update configuration because device isn't paired
2023-05-02 11:24:51.126 | INFO     |  4465 | QuestionsAnswersSkill | Timeout occured check responses
2023-05-02 11:24:51.592 | INFO     |  4465 | HomeAssistantSkill | Dialog
2023-05-02 11:24:52.090 | ERROR    |  4465 | WeatherSkill | Weather API failure
Traceback (most recent call last):
  File "/opt/mycroft/skills/mycroft-weather.mycroftai/__init__.py", line 1133, in _get_weather
    self.config_core.get("system_unit"), latitude, longitude, self.lang
  File "/opt/mycroft/skills/mycroft-weather.mycroftai/skill/api.py", line 127, in get_weather_for_coordinates
    response = self.request(api_request)
  File "/opt/mycroft-core/mycroft/api/__init__.py", line 64, in request
    return self.send(params)
  File "/opt/mycroft-core/mycroft/api/__init__.py", line 147, in send
    return self.get_response(response, no_refresh)
  File "/opt/mycroft-core/mycroft/api/__init__.py", line 170, in get_response
    raise HTTPError(data, response=response)
requests.exceptions.HTTPError: {'error': 'device not authorized'}
2023-05-02 11:24:52.090 | INFO     |  4465 | mycroft.skills.settings:save_settings:116 | Skill settings successfully saved to /home/runner/.config/mycroft/skills/mycroft-weather.mycroftai/settings.json
2023-05-02 11:24:52.096 | ERROR    |  4465 | mycroft.skills.mycroft_skill.mycroft_skill:on_error:923 | An error occurred while processing a request in Pairing Skill
Traceback (most recent call last):
  File "/opt/mycroft-core/mycroft/skills/mycroft_skill/event_container.py", line 73, in wrapper
    handler(message)
  File "/opt/mycroft/skills/mycroft-pairing.mycroftai/__init__.py", line 108, in not_paired
    self.handle_pairing()
TypeError: handle_pairing() missing 1 required positional argument: '_'
2023-05-02 11:25:02.169 | INFO     |  4465 | HomeAssistantSkill | Dialog
2023-05-02 11:25:02.501 | INFO     |  4465 | HomeAssistantSkill | Dialog
2023-05-02 11:25:02.875 | INFO     |  4465 | HomeAssistantSkill | Dialog
2023-05-02 11:25:13.179 | INFO     |  4465 | HomeAssistantSkill | Dialog
2023-05-02 11:25:13.549 | INFO     |  4465 | __main__:on_stopping:193 | Skills service is shutting down...
2023-05-02 11:25:13.550 | INFO     |  4465 | __main__:shutdown:284 | Shutting down Skills service
ALSA lib confmisc.c:855:(parse_card) cannot find card '0'
ALSA lib conf.c:5178:(_snd_config_evaluate) function snd_func_card_inum returned error: No such file or directory
ALSA lib confmisc.c:422:(snd_func_concat) error evaluating strings
ALSA lib conf.c:5178:(_snd_config_evaluate) function snd_func_concat returned error: No such file or directory
ALSA lib confmisc.c:1334:(snd_func_refer) error evaluating name
ALSA lib conf.c:5178:(_snd_config_evaluate) function snd_func_refer returned error: No such file or directory
ALSA lib conf.c:5701:(snd_config_expand) Evaluate error: No such file or directory
ALSA lib control.c:1528:(snd_ctl_open_noupdate) Invalid CTL default
ALSA lib confmisc.c:855:(parse_card) cannot find card '0'
ALSA lib conf.c:5178:(_snd_config_evaluate) function snd_func_card_inum returned error: No such file or directory
ALSA lib confmisc.c:422:(snd_func_concat) error evaluating strings
ALSA lib conf.c:5178:(_snd_config_evaluate) function snd_func_concat returned error: No such file or directory
ALSA lib confmisc.c:1334:(snd_func_refer) error evaluating name
ALSA lib conf.c:5178:(_snd_config_evaluate) function snd_func_refer returned error: No such file or directory
ALSA lib conf.c:5701:(snd_config_expand) Evaluate error: No such file or directory
ALSA lib control.c:1528:(snd_ctl_open_noupdate) Invalid CTL default
2023-05-02 11:25:13.653 | ERROR    |  4465 | VolumeSkill | Couldn't allocate mixer, ALSAAudioError('No such file or directory [default]')
2023-05-02 11:25:13.654 | INFO     |  4465 | mycroft.skills.settings:save_settings:116 | Skill settings successfully saved to /home/runner/.config/mycroft/skills/mycroft-volume.mycroftai/settings.json
2023-05-02 11:25:13.655 | INFO     |  4465 | mycroft.skills.settings:save_settings:116 | Skill settings successfully saved to /home/runner/.config/mycroft/skills/mycroft-naptime.mycroftai/settings.json
2023-05-02 11:25:13.663 | INFO     |  4465 | mycroft.skills.settings:save_settings:116 | Skill settings successfully saved to /home/runner/.config/mycroft/skills/mycroft-configuration.mycroftai/settings.json
2023-05-02 11:25:13.670 | INFO     |  4465 | mycroft.skills.settings:save_settings:116 | Skill settings successfully saved to /home/runner/.config/mycroft/skills/mycroft-alarm.mycroftai/settings.json
2023-05-02 11:25:13.672 | INFO     |  4465 | mycroft.skills.settings:save_settings:116 | Skill settings successfully saved to /home/runner/.config/mycroft/skills/mycroft-date-time.mycroftai/settings.json
2023-05-02 11:25:13.680 | INFO     |  4465 | mycroft.skills.settings:save_settings:116 | Skill settings successfully saved to /home/runner/.config/mycroft/skills/mycroft-ip.mycroftai/settings.json
2023-05-02 11:25:13.697 | INFO     |  4465 | UnknownSkill | Removing all handlers...
2023-05-02 11:25:13.698 | INFO     |  4465 | mycroft.skills.settings:save_settings:116 | Skill settings successfully saved to /home/runner/.config/mycroft/skills/fallback-unknown.mycroftai/settings.json
2023-05-02 11:25:13.703 | INFO     |  4465 | mycroft.skills.settings:save_settings:116 | Skill settings successfully saved to /home/runner/.config/mycroft/skills/mycroft-wiki.mycroftai/settings.json
2023-05-02 11:25:13.704 | INFO     |  4465 | HomeAssistantSkill | Removing all handlers...
2023-05-02 11:25:13.708 | WARNING  |  4465 | mycroft.skills.fallback_skill:remove_fallback:185 | Could not find matching fallback handler
2023-05-02 11:25:13.713 | INFO     |  4465 | mycroft.skills.settings:save_settings:116 | Skill settings successfully saved to /home/runner/.config/mycroft/skills/mycroft-stop.mycroftai/settings.json
2023-05-02 11:25:13.714 | INFO     |  4465 | mycroft.skills.settings:save_settings:116 | Skill settings successfully saved to /home/runner/.config/mycroft/skills/mycroft-personal.mycroftai/settings.json
2023-05-02 11:25:13.725 | INFO     |  4465 | mycroft.skills.settings:save_settings:116 | Skill settings successfully saved to /home/runner/.config/mycroft/skills/mycroft-audio-record.mycroftai/settings.json
2023-05-02 11:25:13.730 | INFO     |  4465 | mycroft.skills.settings:save_settings:116 | Skill settings successfully saved to /home/runner/.config/mycroft/skills/mycroft-playback-control.mycroftai/settings.json
2023-05-02 11:25:14.731 | INFO     |  4465 | Playback Control Skill | Audio service status: {}
2023-05-02 11:25:15.732 | WARNING  |  4465 | mycroft.skills.skill_manager:_shutdown_skill:106 | mycroft-playback-control.mycroftai shutdown took 2.0058900459999904 seconds
2023-05-02 11:25:15.733 | INFO     |  4465 | mycroft.skills.settings:save_settings:116 | Skill settings successfully saved to /home/runner/.config/mycroft/skills/mycroft-hello-world.mycroftai/settings.json
2023-05-02 11:25:15.733 | INFO     |  4465 | QuestionsAnswersSkill | Removing all handlers...
2023-05-02 11:25:15.734 | INFO     |  4465 | mycroft.skills.settings:save_settings:116 | Skill settings successfully saved to /home/runner/.config/mycroft/skills/mycroft-support-helper.mycroftai/settings.json
2023-05-02 11:25:15.735 | INFO     |  4465 | mycroft.skills.settings:save_settings:116 | Skill settings successfully saved to /home/runner/.config/mycroft/skills/mycroft-spelling.mycroftai/settings.json
2023-05-02 11:25:15.736 | INFO     |  4465 | mycroft.skills.settings:save_settings:116 | Skill settings successfully saved to /home/runner/.config/mycroft/skills/mycroft-version-checker.mycroftai/settings.json
2023-05-02 11:25:15.738 | INFO     |  4465 | mycroft.skills.settings:save_settings:116 | Skill settings successfully saved to /home/runner/.config/mycroft/skills/mycroft-reminder.mycroftai/settings.json
2023-05-02 11:25:15.739 | INFO     |  4465 | mycroft.skills.settings:save_settings:116 | Skill settings successfully saved to /home/runner/.config/mycroft/skills/mycroft-npr-news.mycroftai/settings.json
2023-05-02 11:25:15.740 | INFO     |  4465 | mycroft.skills.settings:save_settings:116 | Skill settings successfully saved to /home/runner/.config/mycroft/skills/mycroft-joke.mycroftai/settings.json
2023-05-02 11:25:15.740 | INFO     |  4465 | mycroft.skills.settings:save_settings:116 | Skill settings successfully saved to /home/runner/.config/mycroft/skills/mycroft-speak.mycroftai/settings.json
2023-05-02 11:25:15.746 | INFO     |  4465 | mycroft.skills.settings:save_settings:116 | Skill settings successfully saved to /home/runner/.config/mycroft/skills/mycroft-singing.mycroftai/settings.json
2023-05-02 11:25:15.762 | INFO     |  4465 | mycroft.skills.settings:save_settings:116 | Skill settings successfully saved to /home/runner/.config/mycroft/skills/mycroft-installer.mycroftai/settings.json
2023-05-02 11:25:15.767 | INFO     |  4465 | __main__:shutdown:291 | Skills service shutdown complete!
2023-05-02 11:25:15.786 | ERROR    |  4465 | websocket | error from callback <bound method MessageBusClient.on_message of <mycroft.messagebus.client.client.MessageBusClient object at 0x7f0b6b77ed90>>: cannot schedule new futures after shutdown
2023-05-02 11:25:15.787 | ERROR    |  4465 | mycroft_bus_client.client.client | === RuntimeError('cannot schedule new futures after shutdown') ===
Traceback (most recent call last):
  File "/opt/mycroft-core/.venv/lib/python3.7/site-packages/websocket/_app.py", line 407, in _callback
    callback(self, *args)
  File "/opt/mycroft-core/.venv/lib/python3.7/site-packages/mycroft_bus_client/client/client.py", line 182, in on_message
    self.emitter.emit('message', message)
  File "/opt/mycroft-core/.venv/lib/python3.7/site-packages/pyee/_base.py", line 113, in emit
    handled = self._call_handlers(event, args, kwargs)
  File "/opt/mycroft-core/.venv/lib/python3.7/site-packages/pyee/_base.py", line 96, in _call_handlers
    self._emit_run(f, args, kwargs)
  File "/opt/mycroft-core/.venv/lib/python3.7/site-packages/pyee/_executor.py", line 50, in _emit_run
    future = self._executor.submit(f, *args, **kwargs)
  File "/opt/hostedtoolcache/Python/3.7.16/x64/lib/python3.7/concurrent/futures/thread.py", line 163, in submit
    raise RuntimeError('cannot schedule new futures after shutdown')
RuntimeError: cannot schedule new futures after shutdown
2023-05-02 11:25:15.787 | ERROR    |  4465 | mycroft_bus_client.client.client | Exception closing websocket: RuntimeError('cannot schedule new futures after shutdown')
2023-05-02 11:25:15.787 | WARNING  |  4465 | mycroft_bus_client.client.client | Message Bus Client will reconnect in 5.0 seconds.
