2023-01-13 22:34:45.948 | INFO     |  4358 | mycroft.messagebus.load_config:load_message_bus_config:33 | Loading message bus configs
2023-01-13 22:34:45.959 | INFO     |  4358 | mycroft_bus_client.client.client | Connected
2023-01-13 22:34:45.967 | INFO     |  4358 | mycroft.util.process_utils:start_message_bus_client:155 | Connected to messagebus
2023-01-13 22:34:45.975 | INFO     |  4358 | mycroft.skills.msm_wrapper:create_msm:96 | Acquiring lock to instantiate MSM
2023-01-13 22:34:47.228 | INFO     |  4358 | msm.mycroft_skills_manager | building SkillEntry objects for all skills
2023-01-13 22:34:47.714 | INFO     |  4358 | mycroft.skills.msm_wrapper:create_msm:112 | Releasing MSM instantiation lock.
2023-01-13 22:34:47.715 | INFO     |  4358 | mycroft.skills.skill_updater:_log_next_download_time:267 | Next scheduled skill update: 2023-01-13 22:34:46.714576
2023-01-13 22:34:47.715 | INFO     |  4358 | msm.skill_entry | Downloading skill: https://github.com/mycroftai/skill-pairing
2023-01-13 22:34:48.136 | INFO     |  4358 | msm.skill_entry | Installing system requirements...
2023-01-13 22:34:48.163 | INFO     |  4358 | msm.skill_entry | Successfully installed mycroft-pairing
2023-01-13 22:34:48.163 | INFO     |  4358 | msm.mycroft_skills_manager | invalidating skills cache
2023-01-13 22:34:48.175 | INFO     |  4358 | mycroft.skills.skill_loader:load:185 | ATTEMPTING TO LOAD SKILL: mycroft-pairing.mycroftai
2023-01-13 22:34:48.182 | INFO     |  4358 | mycroft.skills.settings:get_local_settings:83 | /opt/mycroft/skills/mycroft-pairing.mycroftai/settings.json
2023-01-13 22:34:48.190 | INFO     |  4358 | mycroft.skills.skill_loader:_check_for_first_run:324 | First run of mycroft-pairing.mycroftai
2023-01-13 22:34:48.199 | INFO     |  4358 | mycroft.skills.settings:save_settings:116 | Skill settings successfully saved to /home/runner/.config/mycroft/skills/mycroft-pairing.mycroftai/settings.json
2023-01-13 22:34:48.199 | INFO     |  4358 | mycroft.skills.skill_loader:_communicate_load_status:344 | Skill mycroft-pairing.mycroftai loaded successfully
2023-01-13 22:34:48.200 | INFO     |  4358 | msm.skill_entry | Downloading skill: https://github.com/mycroftai/skill-volume
2023-01-13 22:34:48.563 | INFO     |  4358 | msm.skill_entry | Installing system requirements...
2023-01-13 22:34:48.588 | INFO     |  4358 | msm.skill_entry | Installing requirements.txt for mycroft-volume
2023-01-13 22:34:49.586 | INFO     |  4358 | msm.skill_entry | Successfully installed mycroft-volume
2023-01-13 22:34:49.586 | INFO     |  4358 | msm.mycroft_skills_manager | invalidating skills cache
2023-01-13 22:34:49.588 | INFO     |  4358 | mycroft.skills.skill_loader:load:185 | ATTEMPTING TO LOAD SKILL: mycroft-volume.mycroftai
2023-01-13 22:34:49.595 | INFO     |  4358 | mycroft.skills.settings:get_local_settings:83 | /opt/mycroft/skills/mycroft-volume.mycroftai/settings.json
ALSA lib confmisc.c:855:(parse_card) cannot find card '0'
ALSA lib conf.c:5178:(_snd_config_evaluate) function snd_func_card_inum returned error: No such file or directory
ALSA lib confmisc.c:422:(snd_func_concat) error evaluating strings
ALSA lib conf.c:5178:(_snd_config_evaluate) function snd_func_concat returned error: No such file or directory
ALSA lib confmisc.c:1334:(snd_func_refer) error evaluating name
ALSA lib conf.c:5178:(_snd_config_evaluate) function snd_func_refer returned error: No such file or directory
ALSA lib conf.c:5701:(snd_config_expand) Evaluate error: No such file or directory
ALSA lib control.c:1528:(snd_ctl_open_noupdate) Invalid CTL default
ALSA lib confmisc.c:855:(parse_card) cannot find card '0'
ALSA lib conf.c:5178:(_snd_config_evaluate) function snd_func_card_inum returned error: No such file or directory
ALSA lib confmisc.c:422:(snd_func_concat) error evaluating strings
ALSA lib conf.c:5178:(_snd_config_evaluate) function snd_func_concat returned error: No such file or directory
ALSA lib confmisc.c:1334:(snd_func_refer) error evaluating name
ALSA lib conf.c:5178:(_snd_config_evaluate) function snd_func_refer returned error: No such file or directory
ALSA lib conf.c:5701:(snd_config_expand) Evaluate error: No such file or directory
ALSA lib control.c:1528:(snd_ctl_open_noupdate) Invalid CTL default
2023-01-13 22:34:49.645 | ERROR    |  4358 | VolumeSkill | Couldn't allocate mixer, ALSAAudioError('No such file or directory [default]')
2023-01-13 22:34:52.646 | INFO     |  4358 | mycroft.skills.skill_loader:_check_for_first_run:324 | First run of mycroft-volume.mycroftai
2023-01-13 22:34:52.647 | INFO     |  4358 | mycroft.skills.settings:save_settings:116 | Skill settings successfully saved to /home/runner/.config/mycroft/skills/mycroft-volume.mycroftai/settings.json
2023-01-13 22:34:52.648 | INFO     |  4358 | mycroft.skills.skill_loader:_communicate_load_status:344 | Skill mycroft-volume.mycroftai loaded successfully
2023-01-13 22:34:52.649 | INFO     |  4358 | __main__:on_started:177 | Skills service is starting up.
2023-01-13 22:34:52.744 | INFO     |  4358 | __main__:_update_system:154 | Attempting system update...
2023-01-13 22:34:55.747 | INFO     |  4358 | mycroft.enclosure.display_manager:_write_data:70 | Display Manager is creating /tmp/mycroft/ipc/managers/disp_info
2023-01-13 22:34:55.748 | INFO     |  4358 | __main__:_ensure_device_is_paired:133 | Device not paired, invoking the pairing skill
2023-01-13 22:34:55.750 | INFO     |  4358 | __main__:on_alive:181 | Skills service is alive.
2023-01-13 22:34:55.791 | INFO     |  4358 | msm.mycroft_skills_manager | building SkillEntry objects for all skills
2023-01-13 22:34:56.086 | INFO     |  4358 | PairingSkill | Communicating account URL to user
2023-01-13 22:34:56.385 | WARNING  |  4358 | msm.mycroft_skills_manager | No such default skill: mycroft-pandora
2023-01-13 22:34:56.386 | INFO     |  4358 | mycroft.skills.skill_manager:run:234 | Not all default skills are installed, performing skill update...
2023-01-13 22:34:56.386 | INFO     |  4358 | mycroft.skills.skill_updater:update_skills:149 | Beginning skill update...
2023-01-13 22:34:56.488 | INFO     |  4358 | msm.mycroft_skills_manager | building SkillEntry objects for all skills
2023-01-13 22:34:56.726 | INFO     |  4358 | msm.mycroft_skills_manager | invalidating skills cache
2023-01-13 22:34:56.827 | INFO     |  4358 | msm.skill_entry | Downloading skill: https://github.com/mycroftai/fallback-unknown
2023-01-13 22:34:56.830 | INFO     |  4358 | msm.skill_entry | Downloading skill: https://github.com/mycroftai/fallback-wolfram-alpha
2023-01-13 22:34:56.832 | INFO     |  4358 | msm.skill_entry | Downloading skill: https://github.com/mycroftai/skill-alarm
2023-01-13 22:34:56.832 | INFO     |  4358 | msm.skill_entry | Downloading skill: https://github.com/mycroftai/skill-audio-record
2023-01-13 22:34:56.844 | INFO     |  4358 | msm.skill_entry | Downloading skill: https://github.com/mycroftai/skill-configuration
2023-01-13 22:34:56.877 | INFO     |  4358 | msm.skill_entry | Downloading skill: https://github.com/mycroftai/skill-date-time
2023-01-13 22:34:56.880 | INFO     |  4358 | msm.skill_entry | Downloading skill: https://github.com/mycroftai/fallback-duckduckgo
2023-01-13 22:34:56.884 | INFO     |  4358 | msm.skill_entry | Downloading skill: https://github.com/mycroftai/skill-hello-world
2023-01-13 22:34:56.889 | INFO     |  4358 | msm.skill_entry | Downloading skill: https://github.com/mycroftai/skill-installer
2023-01-13 22:34:56.894 | INFO     |  4358 | msm.skill_entry | Downloading skill: https://github.com/mycroftai/skill-ip
2023-01-13 22:34:56.899 | INFO     |  4358 | msm.skill_entry | Downloading skill: https://github.com/mycroftai/skill-joke
2023-01-13 22:34:56.905 | INFO     |  4358 | msm.skill_entry | Downloading skill: https://github.com/mycroftai/skill-naptime
2023-01-13 22:34:56.907 | INFO     |  4358 | msm.skill_entry | Downloading skill: https://github.com/mycroftai/skill-npr-news
2023-01-13 22:34:56.912 | INFO     |  4358 | msm.skill_entry | Downloading skill: https://github.com/mycroftai/skill-personal
2023-01-13 22:34:56.918 | INFO     |  4358 | msm.skill_entry | Downloading skill: https://github.com/mycroftai/skill-playback-control
2023-01-13 22:34:56.930 | INFO     |  4358 | msm.skill_entry | Downloading skill: https://github.com/mycroftai/skill-reminder
2023-01-13 22:34:56.938 | INFO     |  4358 | msm.skill_entry | Downloading skill: https://github.com/mycroftai/skill-singing
2023-01-13 22:34:58.467 | INFO     |  4358 | msm.skill_entry | Installing system requirements...
2023-01-13 22:34:58.550 | INFO     |  4358 | msm.skill_entry | Installing system requirements...
2023-01-13 22:34:58.555 | INFO     |  4358 | msm.skill_entry | Installing system requirements...
2023-01-13 22:34:58.557 | INFO     |  4358 | msm.skill_entry | Installing system requirements...
2023-01-13 22:34:58.563 | INFO     |  4358 | msm.skill_entry | Installing system requirements...
2023-01-13 22:34:58.567 | INFO     |  4358 | msm.skill_entry | Installing system requirements...
2023-01-13 22:34:58.690 | INFO     |  4358 | msm.skill_entry | Installing system requirements...
2023-01-13 22:34:58.723 | INFO     |  4358 | msm.skill_entry | Successfully installed mycroft-naptime
2023-01-13 22:34:58.724 | INFO     |  4358 | msm.mycroft_skills_manager | invalidating skills cache
2023-01-13 22:34:58.725 | INFO     |  4358 | msm.skill_entry | Downloading skill: https://github.com/mycroftai/skill-speak
2023-01-13 22:34:58.727 | INFO     |  4358 | msm.skill_entry | Installing requirements.txt for mycroft-fallback-duck-duck-go
2023-01-13 22:34:58.774 | INFO     |  4358 | msm.skill_entry | Successfully installed mycroft-hello-world
2023-01-13 22:34:58.774 | INFO     |  4358 | msm.mycroft_skills_manager | invalidating skills cache
2023-01-13 22:34:58.775 | INFO     |  4358 | msm.skill_entry | Downloading skill: https://github.com/mycroftai/skill-spelling
2023-01-13 22:34:58.796 | INFO     |  4358 | msm.skill_entry | Installing requirements.txt for mycroft-audio-record
2023-01-13 22:34:58.799 | INFO     |  4358 | msm.skill_entry | Installing requirements.txt for mycroft-joke
2023-01-13 22:34:58.913 | ERROR    |  4358 | msm.mycroft_skills_manager | Error running install_or_update on homeassistant.mycroftai: MergeConflict
2023-01-13 22:34:58.915 | INFO     |  4358 | msm.skill_entry | Downloading skill: https://github.com/mycroftai/skill-stop
2023-01-13 22:34:59.404 | INFO     |  4358 | msm.skill_entry | Installing requirements.txt for fallback-wolfram-alpha
2023-01-13 22:34:59.422 | INFO     |  4358 | msm.skill_entry | Installing system requirements...
2023-01-13 22:34:59.435 | INFO     |  4358 | msm.skill_entry | Installing system requirements...
2023-01-13 22:34:59.454 | INFO     |  4358 | msm.skill_entry | Installing system requirements...
2023-01-13 22:34:59.487 | INFO     |  4358 | msm.skill_entry | Successfully installed mycroft-personal
2023-01-13 22:34:59.488 | INFO     |  4358 | msm.mycroft_skills_manager | invalidating skills cache
2023-01-13 22:34:59.489 | INFO     |  4358 | msm.skill_entry | Downloading skill: https://github.com/mycroftai/skill-support
2023-01-13 22:34:59.509 | INFO     |  4358 | msm.skill_entry | Successfully installed fallback-unknown
2023-01-13 22:34:59.510 | INFO     |  4358 | msm.mycroft_skills_manager | invalidating skills cache
2023-01-13 22:34:59.511 | INFO     |  4358 | msm.skill_entry | Downloading skill: https://github.com/mycroftai/mycroft-timer
2023-01-13 22:34:59.516 | INFO     |  4358 | msm.skill_entry | Successfully installed mycroft-playback-control
2023-01-13 22:34:59.516 | INFO     |  4358 | msm.mycroft_skills_manager | invalidating skills cache
2023-01-13 22:34:59.518 | INFO     |  4358 | msm.skill_entry | Downloading skill: https://github.com/mycroftai/skill-weather
2023-01-13 22:34:59.540 | INFO     |  4358 | msm.skill_entry | Nothing new for mycroft-pairing
2023-01-13 22:34:59.545 | INFO     |  4358 | msm.skill_entry | Nothing new for mycroft-volume
2023-01-13 22:34:59.550 | INFO     |  4358 | msm.skill_entry | Installing requirements.txt for mycroft-ip
2023-01-13 22:34:59.557 | INFO     |  4358 | msm.skill_entry | Installing system requirements...
2023-01-13 22:34:59.593 | INFO     |  4358 | msm.skill_entry | Installing system requirements...
2023-01-13 22:34:59.607 | INFO     |  4358 | msm.skill_entry | Installing system requirements...
2023-01-13 22:34:59.617 | INFO     |  4358 | msm.skill_entry | Installing system requirements...
2023-01-13 22:34:59.625 | INFO     |  4358 | msm.skill_entry | Installing requirements.txt for mycroft-npr-news
2023-01-13 22:34:59.639 | INFO     |  4358 | msm.skill_entry | Installing system requirements...
2023-01-13 22:34:59.668 | INFO     |  4358 | msm.skill_entry | Installing requirements.txt for mycroft-configuration
2023-01-13 22:34:59.701 | INFO     |  4358 | msm.skill_entry | Installing system requirements...
2023-01-13 22:34:59.723 | INFO     |  4358 | msm.skill_entry | Successfully installed mycroft-reminder
2023-01-13 22:34:59.723 | INFO     |  4358 | msm.mycroft_skills_manager | invalidating skills cache
2023-01-13 22:34:59.724 | INFO     |  4358 | msm.skill_entry | Downloading skill: https://github.com/mycroftai/skill-version-checker
2023-01-13 22:34:59.750 | INFO     |  4358 | msm.skill_entry | Downloading skill: https://github.com/mycroftai/skill-wiki
2023-01-13 22:34:59.758 | INFO     |  4358 | msm.skill_entry | Installing requirements.txt for mycroft-volume
2023-01-13 22:34:59.793 | INFO     |  4358 | msm.skill_entry | Installing requirements.txt for mycroft-installer
2023-01-13 22:35:00.209 | INFO     |  4358 | msm.skill_entry | Installing system requirements...
2023-01-13 22:35:00.224 | INFO     |  4358 | msm.skill_entry | Installing requirements.txt for mycroft-date-time
2023-01-13 22:35:00.275 | INFO     |  4358 | msm.skill_entry | Installing system requirements...
2023-01-13 22:35:00.501 | INFO     |  4358 | msm.skill_entry | Installing system requirements...
2023-01-13 22:35:00.537 | INFO     |  4358 | msm.skill_entry | Installing requirements.txt for mycroft-alarm
2023-01-13 22:35:00.567 | INFO     |  4358 | msm.skill_entry | Installing system requirements...
2023-01-13 22:35:00.588 | INFO     |  4358 | msm.skill_entry | Installing system requirements...
2023-01-13 22:35:00.601 | INFO     |  4358 | msm.skill_entry | Installing system requirements...
2023-01-13 22:35:00.632 | INFO     |  4358 | msm.skill_entry | Successfully installed mycroft-spelling
2023-01-13 22:35:00.632 | INFO     |  4358 | msm.mycroft_skills_manager | invalidating skills cache
2023-01-13 22:35:00.634 | INFO     |  4358 | msm.skill_entry | Downloading skill: https://github.com/MycroftAI/skill-query
2023-01-13 22:35:00.687 | INFO     |  4358 | msm.skill_entry | Successfully installed mycroft-speak
2023-01-13 22:35:00.687 | INFO     |  4358 | msm.mycroft_skills_manager | invalidating skills cache
2023-01-13 22:35:00.699 | INFO     |  4358 | msm.skill_entry | Successfully installed mycroft-stop
2023-01-13 22:35:00.699 | INFO     |  4358 | msm.mycroft_skills_manager | invalidating skills cache
2023-01-13 22:35:00.716 | INFO     |  4358 | msm.skill_entry | Installing requirements.txt for mycroft-support-helper
2023-01-13 22:35:00.762 | INFO     |  4358 | msm.skill_entry | Installing system requirements...
2023-01-13 22:35:00.846 | INFO     |  4358 | msm.skill_entry | Successfully installed mycroft-version-checker
2023-01-13 22:35:00.846 | INFO     |  4358 | msm.mycroft_skills_manager | invalidating skills cache
2023-01-13 22:35:00.915 | INFO     |  4358 | msm.skill_entry | Installing system requirements...
2023-01-13 22:35:00.977 | INFO     |  4358 | msm.skill_entry | Installing requirements.txt for mycroft-wiki
2023-01-13 22:35:01.136 | INFO     |  4358 | msm.skill_entry | Installing system requirements...
2023-01-13 22:35:01.183 | INFO     |  4358 | msm.skill_entry | Successfully installed mycroft-timer
2023-01-13 22:35:01.183 | INFO     |  4358 | msm.mycroft_skills_manager | invalidating skills cache
2023-01-13 22:35:01.215 | INFO     |  4358 | msm.skill_entry | Installing system requirements...
2023-01-13 22:35:01.220 | ERROR    |  4358 | msm.mycroft_skills_manager | Error running install_or_update on homeassistant: MergeConflict
2023-01-13 22:35:01.244 | INFO     |  4358 | msm.skill_entry | Installing requirements.txt for mycroft-weather
2023-01-13 22:35:01.254 | INFO     |  4358 | msm.skill_entry | Installing system requirements...
2023-01-13 22:35:01.267 | INFO     |  4358 | msm.skill_entry | Successfully installed mycroft-singing
2023-01-13 22:35:01.267 | INFO     |  4358 | msm.mycroft_skills_manager | invalidating skills cache
2023-01-13 22:35:01.307 | INFO     |  4358 | msm.skill_entry | Installing system requirements...
2023-01-13 22:35:01.324 | INFO     |  4358 | msm.skill_entry | Successfully installed fallback-query
2023-01-13 22:35:01.324 | INFO     |  4358 | msm.mycroft_skills_manager | invalidating skills cache
2023-01-13 22:35:01.823 | INFO     |  4358 | msm.skill_entry | Successfully installed mycroft-fallback-duck-duck-go
2023-01-13 22:35:01.823 | INFO     |  4358 | msm.mycroft_skills_manager | invalidating skills cache
2023-01-13 22:35:02.696 | INFO     |  4358 | msm.skill_entry | Successfully installed mycroft-audio-record
2023-01-13 22:35:02.696 | INFO     |  4358 | msm.mycroft_skills_manager | invalidating skills cache
2023-01-13 22:35:03.990 | INFO     |  4358 | msm.skill_entry | Successfully installed mycroft-joke
2023-01-13 22:35:03.993 | INFO     |  4358 | msm.mycroft_skills_manager | invalidating skills cache
2023-01-13 22:35:06.877 | INFO     |  4358 | msm.skill_entry | Successfully installed fallback-wolfram-alpha
2023-01-13 22:35:06.877 | INFO     |  4358 | msm.mycroft_skills_manager | invalidating skills cache
2023-01-13 22:35:07.799 | INFO     |  4358 | msm.skill_entry | Successfully installed mycroft-ip
2023-01-13 22:35:07.800 | INFO     |  4358 | msm.mycroft_skills_manager | invalidating skills cache
2023-01-13 22:35:11.421 | INFO     |  4358 | msm.skill_entry | Successfully installed mycroft-npr-news
2023-01-13 22:35:11.421 | INFO     |  4358 | msm.mycroft_skills_manager | invalidating skills cache
2023-01-13 22:35:14.271 | INFO     |  4358 | msm.skill_entry | Successfully installed mycroft-configuration
2023-01-13 22:35:14.272 | INFO     |  4358 | msm.mycroft_skills_manager | invalidating skills cache
2023-01-13 22:35:16.075 | INFO     |  4358 | msm.skill_entry | Successfully installed mycroft-installer
2023-01-13 22:35:16.076 | INFO     |  4358 | msm.mycroft_skills_manager | invalidating skills cache
2023-01-13 22:35:26.462 | INFO     |  4358 | PairingSkill | Initiating device pairing sequence...
2023-01-13 22:35:26.463 | INFO     |  4358 | PairingSkill | Retrieving pairing code from device API...
2023-01-13 22:35:26.750 | INFO     |  4358 | PairingSkill | Pairing code obtained: HFTYC9
2023-01-13 22:35:26.751 | INFO     |  4358 | PairingSkill | Communicating pairing URL to user
2023-01-13 22:35:34.695 | INFO     |  4358 | msm.skill_entry | Successfully installed mycroft-date-time
2023-01-13 22:35:34.695 | INFO     |  4358 | msm.mycroft_skills_manager | invalidating skills cache
2023-01-13 22:35:35.642 | INFO     |  4358 | msm.skill_entry | Successfully installed mycroft-alarm
2023-01-13 22:35:35.643 | INFO     |  4358 | msm.mycroft_skills_manager | invalidating skills cache
2023-01-13 22:35:38.743 | INFO     |  4358 | msm.skill_entry | Successfully installed mycroft-support-helper
2023-01-13 22:35:38.743 | INFO     |  4358 | msm.mycroft_skills_manager | invalidating skills cache
2023-01-13 22:35:42.233 | INFO     |  4358 | msm.skill_entry | Successfully installed mycroft-wiki
2023-01-13 22:35:42.233 | INFO     |  4358 | msm.mycroft_skills_manager | invalidating skills cache
2023-01-13 22:35:44.282 | INFO     |  4358 | msm.skill_entry | Successfully installed mycroft-weather
2023-01-13 22:35:44.282 | INFO     |  4358 | msm.mycroft_skills_manager | invalidating skills cache
2023-01-13 22:35:44.299 | INFO     |  4358 | mycroft.skills.skill_updater:_log_next_download_time:267 | Next scheduled skill update: 2023-01-13 23:35:44.298451
2023-01-13 22:35:44.299 | INFO     |  4358 | mycroft.skills.skill_updater:update_skills:170 | Skill update complete
2023-01-13 22:35:44.299 | INFO     |  4358 | mycroft.skills.skill_manager:_load_on_startup:273 | Loading installed skills...
2023-01-13 22:35:44.300 | INFO     |  4358 | mycroft.skills.skill_loader:load:185 | ATTEMPTING TO LOAD SKILL: mycroft-timer.mycroftai
2023-01-13 22:35:44.315 | INFO     |  4358 | mycroft.skills.settings:get_local_settings:83 | /opt/mycroft/skills/mycroft-timer.mycroftai/settings.json
2023-01-13 22:35:44.359 | INFO     |  4358 | mycroft.skills.skill_loader:_check_for_first_run:324 | First run of mycroft-timer.mycroftai
2023-01-13 22:35:44.360 | INFO     |  4358 | mycroft.skills.settings:save_settings:116 | Skill settings successfully saved to /home/runner/.config/mycroft/skills/mycroft-timer.mycroftai/settings.json
2023-01-13 22:35:44.364 | INFO     |  4358 | mycroft.skills.skill_loader:_communicate_load_status:344 | Skill mycroft-timer.mycroftai loaded successfully
2023-01-13 22:35:44.364 | INFO     |  4358 | mycroft.skills.skill_loader:load:185 | ATTEMPTING TO LOAD SKILL: mycroft-wiki.mycroftai
2023-01-13 22:35:44.481 | INFO     |  4358 | mycroft.skills.settings:get_local_settings:83 | /opt/mycroft/skills/mycroft-wiki.mycroftai/settings.json
2023-01-13 22:35:44.492 | INFO     |  4358 | mycroft.skills.skill_loader:_check_for_first_run:324 | First run of mycroft-wiki.mycroftai
2023-01-13 22:35:44.492 | INFO     |  4358 | mycroft.skills.settings:save_settings:116 | Skill settings successfully saved to /home/runner/.config/mycroft/skills/mycroft-wiki.mycroftai/settings.json
2023-01-13 22:35:44.493 | INFO     |  4358 | mycroft.skills.skill_loader:_communicate_load_status:344 | Skill mycroft-wiki.mycroftai loaded successfully
2023-01-13 22:35:44.494 | INFO     |  4358 | mycroft.skills.skill_loader:load:185 | ATTEMPTING TO LOAD SKILL: mycroft-configuration.mycroftai
2023-01-13 22:35:44.498 | INFO     |  4358 | mycroft.skills.settings:get_local_settings:83 | /opt/mycroft/skills/mycroft-configuration.mycroftai/settings.json
2023-01-13 22:35:44.515 | INFO     |  4358 | mycroft.skills.skill_loader:_check_for_first_run:324 | First run of mycroft-configuration.mycroftai
2023-01-13 22:35:44.535 | INFO     |  4358 | mycroft.skills.settings:save_settings:116 | Skill settings successfully saved to /home/runner/.config/mycroft/skills/mycroft-configuration.mycroftai/settings.json
2023-01-13 22:35:44.542 | INFO     |  4358 | mycroft.skills.skill_loader:_communicate_load_status:344 | Skill mycroft-configuration.mycroftai loaded successfully
2023-01-13 22:35:44.542 | INFO     |  4358 | mycroft.skills.skill_loader:load:185 | ATTEMPTING TO LOAD SKILL: mycroft-stop.mycroftai
2023-01-13 22:35:44.546 | INFO     |  4358 | mycroft.skills.settings:get_local_settings:83 | /opt/mycroft/skills/mycroft-stop.mycroftai/settings.json
2023-01-13 22:35:44.562 | INFO     |  4358 | mycroft.skills.skill_loader:_check_for_first_run:324 | First run of mycroft-stop.mycroftai
2023-01-13 22:35:44.562 | INFO     |  4358 | mycroft.skills.settings:save_settings:116 | Skill settings successfully saved to /home/runner/.config/mycroft/skills/mycroft-stop.mycroftai/settings.json
2023-01-13 22:35:44.563 | INFO     |  4358 | mycroft.skills.skill_loader:_communicate_load_status:344 | Skill mycroft-stop.mycroftai loaded successfully
2023-01-13 22:35:44.563 | INFO     |  4358 | mycroft.skills.skill_loader:load:185 | ATTEMPTING TO LOAD SKILL: mycroft-reminder.mycroftai
2023-01-13 22:35:44.577 | INFO     |  4358 | mycroft.skills.settings:get_local_settings:83 | /opt/mycroft/skills/mycroft-reminder.mycroftai/settings.json
2023-01-13 22:35:44.630 | INFO     |  4358 | mycroft.skills.skill_loader:_check_for_first_run:324 | First run of mycroft-reminder.mycroftai
2023-01-13 22:35:44.631 | INFO     |  4358 | mycroft.skills.settings:save_settings:116 | Skill settings successfully saved to /home/runner/.config/mycroft/skills/mycroft-reminder.mycroftai/settings.json
2023-01-13 22:35:44.634 | INFO     |  4358 | mycroft.skills.skill_loader:_communicate_load_status:344 | Skill mycroft-reminder.mycroftai loaded successfully
2023-01-13 22:35:44.635 | INFO     |  4358 | mycroft.skills.skill_loader:load:185 | ATTEMPTING TO LOAD SKILL: fallback-wolfram-alpha.mycroftai
2023-01-13 22:35:44.658 | INFO     |  4358 | mycroft.skills.settings:get_local_settings:83 | /opt/mycroft/skills/fallback-wolfram-alpha.mycroftai/settings.json
2023-01-13 22:35:44.686 | INFO     |  4358 | mycroft.skills.skill_loader:_check_for_first_run:324 | First run of fallback-wolfram-alpha.mycroftai
2023-01-13 22:35:44.687 | INFO     |  4358 | mycroft.skills.settings:save_settings:116 | Skill settings successfully saved to /home/runner/.config/mycroft/skills/fallback-wolfram-alpha.mycroftai/settings.json
2023-01-13 22:35:44.688 | INFO     |  4358 | mycroft.skills.skill_loader:_communicate_load_status:344 | Skill fallback-wolfram-alpha.mycroftai loaded successfully
2023-01-13 22:35:44.690 | INFO     |  4358 | mycroft.skills.skill_loader:load:185 | ATTEMPTING TO LOAD SKILL: mycroft-weather.mycroftai
2023-01-13 22:35:44.709 | INFO     |  4358 | mycroft.skills.settings:get_local_settings:83 | /opt/mycroft/skills/mycroft-weather.mycroftai/settings.json
2023-01-13 22:35:44.789 | INFO     |  4358 | mycroft.skills.skill_loader:_check_for_first_run:324 | First run of mycroft-weather.mycroftai
2023-01-13 22:35:44.791 | INFO     |  4358 | mycroft.skills.settings:save_settings:116 | Skill settings successfully saved to /home/runner/.config/mycroft/skills/mycroft-weather.mycroftai/settings.json
2023-01-13 22:35:44.794 | INFO     |  4358 | mycroft.skills.skill_loader:_communicate_load_status:344 | Skill mycroft-weather.mycroftai loaded successfully
2023-01-13 22:35:44.795 | INFO     |  4358 | mycroft.skills.skill_loader:load:185 | ATTEMPTING TO LOAD SKILL: mycroft-fallback-duck-duck-go.mycroftai
2023-01-13 22:35:44.809 | INFO     |  4358 | mycroft.skills.settings:get_local_settings:83 | /opt/mycroft/skills/mycroft-fallback-duck-duck-go.mycroftai/settings.json
2023-01-13 22:35:44.823 | INFO     |  4358 | mycroft.skills.skill_loader:_check_for_first_run:324 | First run of mycroft-fallback-duck-duck-go.mycroftai
2023-01-13 22:35:44.825 | INFO     |  4358 | mycroft.skills.settings:save_settings:116 | Skill settings successfully saved to /home/runner/.config/mycroft/skills/mycroft-fallback-duck-duck-go.mycroftai/settings.json
2023-01-13 22:35:44.828 | INFO     |  4358 | mycroft.skills.skill_loader:_communicate_load_status:344 | Skill mycroft-fallback-duck-duck-go.mycroftai loaded successfully
2023-01-13 22:35:44.829 | INFO     |  4358 | mycroft.skills.skill_loader:load:185 | ATTEMPTING TO LOAD SKILL: mycroft-ip.mycroftai
2023-01-13 22:35:44.918 | INFO     |  4358 | mycroft.skills.settings:get_local_settings:83 | /opt/mycroft/skills/mycroft-ip.mycroftai/settings.json
2023-01-13 22:35:44.941 | INFO     |  4358 | mycroft.skills.skill_loader:_check_for_first_run:324 | First run of mycroft-ip.mycroftai
2023-01-13 22:35:44.941 | INFO     |  4358 | mycroft.skills.settings:save_settings:116 | Skill settings successfully saved to /home/runner/.config/mycroft/skills/mycroft-ip.mycroftai/settings.json
2023-01-13 22:35:44.943 | INFO     |  4358 | mycroft.skills.skill_loader:_communicate_load_status:344 | Skill mycroft-ip.mycroftai loaded successfully
2023-01-13 22:35:44.944 | INFO     |  4358 | mycroft.skills.skill_loader:load:185 | ATTEMPTING TO LOAD SKILL: mycroft-alarm.mycroftai
2023-01-13 22:35:44.980 | INFO     |  4358 | mycroft.skills.settings:get_local_settings:83 | /opt/mycroft/skills/mycroft-alarm.mycroftai/settings.json
ALSA lib confmisc.c:855:(parse_card) cannot find card '0'
ALSA lib conf.c:5178:(_snd_config_evaluate) function snd_func_card_inum returned error: No such file or directory
ALSA lib confmisc.c:422:(snd_func_concat) error evaluating strings
ALSA lib conf.c:5178:(_snd_config_evaluate) function snd_func_concat returned error: No such file or directory
ALSA lib confmisc.c:1334:(snd_func_refer) error evaluating name
ALSA lib conf.c:5178:(_snd_config_evaluate) function snd_func_refer returned error: No such file or directory
ALSA lib conf.c:5701:(snd_config_expand) Evaluate error: No such file or directory
ALSA lib control.c:1528:(snd_ctl_open_noupdate) Invalid CTL default
ALSA lib confmisc.c:855:(parse_card) cannot find card '0'
ALSA lib conf.c:5178:(_snd_config_evaluate) function snd_func_card_inum returned error: No such file or directory
ALSA lib confmisc.c:422:(snd_func_concat) error evaluating strings
ALSA lib conf.c:5178:(_snd_config_evaluate) function snd_func_concat returned error: No such file or directory
ALSA lib confmisc.c:1334:(snd_func_refer) error evaluating name
ALSA lib conf.c:5178:(_snd_config_evaluate) function snd_func_refer returned error: No such file or directory
ALSA lib conf.c:5701:(snd_config_expand) Evaluate error: No such file or directory
ALSA lib control.c:1528:(snd_ctl_open_noupdate) Invalid CTL default
2023-01-13 22:35:44.981 | ERROR    |  4358 | AlarmSkill | Couldn't allocate mixer, ALSAAudioError('No such file or directory [default]')
2023-01-13 22:35:45.042 | INFO     |  4358 | mycroft.skills.skill_loader:_check_for_first_run:324 | First run of mycroft-alarm.mycroftai
2023-01-13 22:35:45.043 | INFO     |  4358 | mycroft.skills.settings:save_settings:116 | Skill settings successfully saved to /home/runner/.config/mycroft/skills/mycroft-alarm.mycroftai/settings.json
2023-01-13 22:35:45.046 | INFO     |  4358 | mycroft.skills.skill_loader:_communicate_load_status:344 | Skill mycroft-alarm.mycroftai loaded successfully
2023-01-13 22:35:45.046 | INFO     |  4358 | mycroft.skills.skill_loader:load:185 | ATTEMPTING TO LOAD SKILL: fallback-unknown.mycroftai
2023-01-13 22:35:45.053 | INFO     |  4358 | mycroft.skills.settings:get_local_settings:83 | /opt/mycroft/skills/fallback-unknown.mycroftai/settings.json
2023-01-13 22:35:45.068 | INFO     |  4358 | mycroft.skills.skill_loader:_check_for_first_run:324 | First run of fallback-unknown.mycroftai
2023-01-13 22:35:45.070 | INFO     |  4358 | mycroft.skills.settings:save_settings:116 | Skill settings successfully saved to /home/runner/.config/mycroft/skills/fallback-unknown.mycroftai/settings.json
2023-01-13 22:35:45.070 | INFO     |  4358 | mycroft.skills.skill_loader:_communicate_load_status:344 | Skill fallback-unknown.mycroftai loaded successfully
2023-01-13 22:35:45.072 | INFO     |  4358 | mycroft.skills.skill_loader:load:185 | ATTEMPTING TO LOAD SKILL: mycroft-singing.mycroftai
2023-01-13 22:35:45.077 | INFO     |  4358 | mycroft.skills.settings:get_local_settings:83 | /opt/mycroft/skills/mycroft-singing.mycroftai/settings.json
2023-01-13 22:35:45.091 | INFO     |  4358 | mycroft.skills.skill_loader:_check_for_first_run:324 | First run of mycroft-singing.mycroftai
2023-01-13 22:35:45.093 | INFO     |  4358 | mycroft.skills.settings:save_settings:116 | Skill settings successfully saved to /home/runner/.config/mycroft/skills/mycroft-singing.mycroftai/settings.json
2023-01-13 22:35:45.095 | INFO     |  4358 | mycroft.skills.skill_loader:_communicate_load_status:344 | Skill mycroft-singing.mycroftai loaded successfully
2023-01-13 22:35:45.099 | INFO     |  4358 | mycroft.skills.skill_loader:load:185 | ATTEMPTING TO LOAD SKILL: mycroft-version-checker.mycroftai
2023-01-13 22:35:45.108 | INFO     |  4358 | mycroft.skills.settings:get_local_settings:83 | /opt/mycroft/skills/mycroft-version-checker.mycroftai/settings.json
2023-01-13 22:35:45.132 | INFO     |  4358 | mycroft.skills.skill_loader:_check_for_first_run:324 | First run of mycroft-version-checker.mycroftai
2023-01-13 22:35:45.132 | INFO     |  4358 | mycroft.skills.settings:save_settings:116 | Skill settings successfully saved to /home/runner/.config/mycroft/skills/mycroft-version-checker.mycroftai/settings.json
2023-01-13 22:35:45.134 | INFO     |  4358 | mycroft.skills.skill_loader:_communicate_load_status:344 | Skill mycroft-version-checker.mycroftai loaded successfully
2023-01-13 22:35:45.135 | INFO     |  4358 | mycroft.skills.skill_loader:load:185 | ATTEMPTING TO LOAD SKILL: mycroft-playback-control.mycroftai
2023-01-13 22:35:45.144 | INFO     |  4358 | mycroft.skills.settings:get_local_settings:83 | /opt/mycroft/skills/mycroft-playback-control.mycroftai/settings.json
2023-01-13 22:35:45.181 | INFO     |  4358 | mycroft.skills.skill_loader:_check_for_first_run:324 | First run of mycroft-playback-control.mycroftai
2023-01-13 22:35:45.182 | INFO     |  4358 | mycroft.skills.settings:save_settings:116 | Skill settings successfully saved to /home/runner/.config/mycroft/skills/mycroft-playback-control.mycroftai/settings.json
2023-01-13 22:35:45.185 | INFO     |  4358 | mycroft.skills.skill_loader:_communicate_load_status:344 | Skill mycroft-playback-control.mycroftai loaded successfully
2023-01-13 22:35:45.186 | INFO     |  4358 | mycroft.skills.skill_loader:load:185 | ATTEMPTING TO LOAD SKILL: mycroft-spelling.mycroftai
2023-01-13 22:35:45.191 | INFO     |  4358 | mycroft.skills.settings:get_local_settings:83 | /opt/mycroft/skills/mycroft-spelling.mycroftai/settings.json
2023-01-13 22:35:45.212 | INFO     |  4358 | mycroft.skills.skill_loader:_check_for_first_run:324 | First run of mycroft-spelling.mycroftai
2023-01-13 22:35:45.214 | INFO     |  4358 | mycroft.skills.settings:save_settings:116 | Skill settings successfully saved to /home/runner/.config/mycroft/skills/mycroft-spelling.mycroftai/settings.json
2023-01-13 22:35:45.214 | INFO     |  4358 | mycroft.skills.skill_loader:_communicate_load_status:344 | Skill mycroft-spelling.mycroftai loaded successfully
2023-01-13 22:35:45.215 | INFO     |  4358 | mycroft.skills.skill_loader:load:185 | ATTEMPTING TO LOAD SKILL: mycroft-speak.mycroftai
2023-01-13 22:35:45.221 | INFO     |  4358 | mycroft.skills.settings:get_local_settings:83 | /opt/mycroft/skills/mycroft-speak.mycroftai/settings.json
2023-01-13 22:35:45.243 | INFO     |  4358 | mycroft.skills.skill_loader:_check_for_first_run:324 | First run of mycroft-speak.mycroftai
2023-01-13 22:35:45.243 | INFO     |  4358 | mycroft.skills.settings:save_settings:116 | Skill settings successfully saved to /home/runner/.config/mycroft/skills/mycroft-speak.mycroftai/settings.json
2023-01-13 22:35:45.244 | INFO     |  4358 | mycroft.skills.skill_loader:_communicate_load_status:344 | Skill mycroft-speak.mycroftai loaded successfully
2023-01-13 22:35:45.245 | INFO     |  4358 | mycroft.skills.skill_loader:load:185 | ATTEMPTING TO LOAD SKILL: mycroft-hello-world.mycroftai
2023-01-13 22:35:45.255 | INFO     |  4358 | mycroft.skills.settings:get_local_settings:83 | /opt/mycroft/skills/mycroft-hello-world.mycroftai/settings.json
2023-01-13 22:35:45.273 | INFO     |  4358 | mycroft.skills.skill_loader:_check_for_first_run:324 | First run of mycroft-hello-world.mycroftai
2023-01-13 22:35:45.275 | INFO     |  4358 | mycroft.skills.settings:save_settings:116 | Skill settings successfully saved to /home/runner/.config/mycroft/skills/mycroft-hello-world.mycroftai/settings.json
2023-01-13 22:35:45.276 | INFO     |  4358 | mycroft.skills.skill_loader:_communicate_load_status:344 | Skill mycroft-hello-world.mycroftai loaded successfully
2023-01-13 22:35:45.276 | INFO     |  4358 | mycroft.skills.skill_loader:load:185 | ATTEMPTING TO LOAD SKILL: mycroft-installer.mycroftai
2023-01-13 22:35:45.285 | INFO     |  4358 | mycroft.skills.settings:get_local_settings:83 | /opt/mycroft/skills/mycroft-installer.mycroftai/settings.json
2023-01-13 22:35:45.318 | INFO     |  4358 | mycroft.skills.skill_loader:_check_for_first_run:324 | First run of mycroft-installer.mycroftai
2023-01-13 22:35:45.319 | INFO     |  4358 | mycroft.skills.settings:save_settings:116 | Skill settings successfully saved to /home/runner/.config/mycroft/skills/mycroft-installer.mycroftai/settings.json
2023-01-13 22:35:45.321 | INFO     |  4358 | mycroft.skills.skill_loader:_communicate_load_status:344 | Skill mycroft-installer.mycroftai loaded successfully
2023-01-13 22:35:45.322 | INFO     |  4358 | mycroft.skills.skill_loader:load:185 | ATTEMPTING TO LOAD SKILL: mycroft-naptime.mycroftai
2023-01-13 22:35:45.330 | INFO     |  4358 | mycroft.skills.settings:get_local_settings:83 | /opt/mycroft/skills/mycroft-naptime.mycroftai/settings.json
2023-01-13 22:35:45.347 | INFO     |  4358 | mycroft.skills.skill_loader:_check_for_first_run:324 | First run of mycroft-naptime.mycroftai
2023-01-13 22:35:45.348 | INFO     |  4358 | mycroft.skills.settings:save_settings:116 | Skill settings successfully saved to /home/runner/.config/mycroft/skills/mycroft-naptime.mycroftai/settings.json
2023-01-13 22:35:45.349 | INFO     |  4358 | mycroft.skills.skill_loader:_communicate_load_status:344 | Skill mycroft-naptime.mycroftai loaded successfully
2023-01-13 22:35:45.349 | INFO     |  4358 | mycroft.skills.skill_loader:load:185 | ATTEMPTING TO LOAD SKILL: mycroft-npr-news.mycroftai
2023-01-13 22:35:45.403 | INFO     |  4358 | mycroft.skills.settings:get_local_settings:83 | /opt/mycroft/skills/mycroft-npr-news.mycroftai/settings.json
2023-01-13 22:35:46.420 | INFO     |  4358 | mycroft.skills.skill_loader:_check_for_first_run:324 | First run of mycroft-npr-news.mycroftai
2023-01-13 22:35:46.420 | INFO     |  4358 | mycroft.skills.settings:save_settings:116 | Skill settings successfully saved to /home/runner/.config/mycroft/skills/mycroft-npr-news.mycroftai/settings.json
2023-01-13 22:35:46.421 | INFO     |  4358 | mycroft.skills.skill_loader:_communicate_load_status:344 | Skill mycroft-npr-news.mycroftai loaded successfully
2023-01-13 22:35:46.422 | INFO     |  4358 | mycroft.skills.skill_loader:load:185 | ATTEMPTING TO LOAD SKILL: mycroft-audio-record.mycroftai
2023-01-13 22:35:46.427 | INFO     |  4358 | mycroft.skills.settings:get_local_settings:83 | /opt/mycroft/skills/mycroft-audio-record.mycroftai/settings.json
2023-01-13 22:35:46.435 | INFO     |  4358 | mycroft.skills.skill_loader:_check_for_first_run:324 | First run of mycroft-audio-record.mycroftai
2023-01-13 22:35:46.436 | INFO     |  4358 | mycroft.skills.settings:save_settings:116 | Skill settings successfully saved to /home/runner/.config/mycroft/skills/mycroft-audio-record.mycroftai/settings.json
2023-01-13 22:35:46.438 | INFO     |  4358 | mycroft.skills.skill_loader:_communicate_load_status:344 | Skill mycroft-audio-record.mycroftai loaded successfully
2023-01-13 22:35:46.438 | INFO     |  4358 | mycroft.skills.skill_loader:load:185 | ATTEMPTING TO LOAD SKILL: mycroft-date-time.mycroftai
2023-01-13 22:35:46.807 | INFO     |  4358 | mycroft.skills.settings:get_local_settings:83 | /opt/mycroft/skills/mycroft-date-time.mycroftai/settings.json
2023-01-13 22:35:46.827 | INFO     |  4358 | TimeSkill | Registering resting screen <bound method TimeSkill.handle_idle of <mycroft-date-time_mycroftai.TimeSkill object at 0x7f2c80b480d0>> for Time and Date.
2023-01-13 22:35:46.828 | INFO     |  4358 | TimeSkill | Registering resting screen
2023-01-13 22:35:46.830 | INFO     |  4358 | mycroft.skills.skill_loader:_check_for_first_run:324 | First run of mycroft-date-time.mycroftai
2023-01-13 22:35:46.831 | INFO     |  4358 | mycroft.skills.settings:save_settings:116 | Skill settings successfully saved to /home/runner/.config/mycroft/skills/mycroft-date-time.mycroftai/settings.json
2023-01-13 22:35:46.831 | INFO     |  4358 | mycroft.skills.skill_loader:_communicate_load_status:344 | Skill mycroft-date-time.mycroftai loaded successfully
2023-01-13 22:35:46.832 | INFO     |  4358 | mycroft.skills.skill_loader:load:185 | ATTEMPTING TO LOAD SKILL: homeassistant.mycroftai
2023-01-13 22:35:47.033 | INFO     |  4358 | mycroft.skills.settings:get_local_settings:83 | /opt/mycroft/skills/homeassistant.mycroftai/settings.json
2023-01-13 22:35:47.034 | INFO     |  4358 | mycroft.skills.settings:get_local_settings:83 | /opt/mycroft/skills/homeassistant.mycroftai/settings.json
2023-01-13 22:35:47.084 | INFO     |  4358 | mycroft.skills.skill_loader:_communicate_load_status:344 | Skill homeassistant.mycroftai loaded successfully
2023-01-13 22:35:47.084 | INFO     |  4358 | mycroft.skills.skill_loader:load:185 | ATTEMPTING TO LOAD SKILL: fallback-query.mycroftai
2023-01-13 22:35:47.089 | INFO     |  4358 | mycroft.skills.settings:get_local_settings:83 | /opt/mycroft/skills/fallback-query.mycroftai/settings.json
2023-01-13 22:35:47.110 | INFO     |  4358 | mycroft.skills.skill_loader:_check_for_first_run:324 | First run of fallback-query.mycroftai
2023-01-13 22:35:47.113 | INFO     |  4358 | mycroft.skills.settings:save_settings:116 | Skill settings successfully saved to /home/runner/.config/mycroft/skills/fallback-query.mycroftai/settings.json
2023-01-13 22:35:47.114 | INFO     |  4358 | mycroft.skills.skill_loader:_communicate_load_status:344 | Skill fallback-query.mycroftai loaded successfully
2023-01-13 22:35:47.118 | INFO     |  4358 | mycroft.skills.skill_loader:load:185 | ATTEMPTING TO LOAD SKILL: mycroft-joke.mycroftai
2023-01-13 22:35:47.123 | INFO     |  4358 | mycroft.skills.settings:get_local_settings:83 | /opt/mycroft/skills/mycroft-joke.mycroftai/settings.json
2023-01-13 22:35:47.152 | INFO     |  4358 | mycroft.skills.skill_loader:_check_for_first_run:324 | First run of mycroft-joke.mycroftai
2023-01-13 22:35:47.152 | INFO     |  4358 | mycroft.skills.settings:save_settings:116 | Skill settings successfully saved to /home/runner/.config/mycroft/skills/mycroft-joke.mycroftai/settings.json
2023-01-13 22:35:47.153 | INFO     |  4358 | mycroft.skills.skill_loader:_communicate_load_status:344 | Skill mycroft-joke.mycroftai loaded successfully
2023-01-13 22:35:47.153 | INFO     |  4358 | mycroft.skills.skill_loader:load:185 | ATTEMPTING TO LOAD SKILL: mycroft-support-helper.mycroftai
2023-01-13 22:35:47.172 | INFO     |  4358 | mycroft.skills.settings:get_local_settings:83 | /opt/mycroft/skills/mycroft-support-helper.mycroftai/settings.json
2023-01-13 22:35:47.185 | INFO     |  4358 | mycroft.skills.skill_loader:_check_for_first_run:324 | First run of mycroft-support-helper.mycroftai
2023-01-13 22:35:47.185 | INFO     |  4358 | mycroft.skills.settings:save_settings:116 | Skill settings successfully saved to /home/runner/.config/mycroft/skills/mycroft-support-helper.mycroftai/settings.json
2023-01-13 22:35:47.190 | INFO     |  4358 | mycroft.skills.skill_loader:_communicate_load_status:344 | Skill mycroft-support-helper.mycroftai loaded successfully
2023-01-13 22:35:47.191 | INFO     |  4358 | mycroft.skills.skill_loader:load:185 | ATTEMPTING TO LOAD SKILL: mycroft-personal.mycroftai
2023-01-13 22:35:47.194 | INFO     |  4358 | mycroft.skills.settings:get_local_settings:83 | /opt/mycroft/skills/mycroft-personal.mycroftai/settings.json
2023-01-13 22:35:47.217 | INFO     |  4358 | mycroft.skills.skill_loader:_check_for_first_run:324 | First run of mycroft-personal.mycroftai
2023-01-13 22:35:47.217 | INFO     |  4358 | mycroft.skills.settings:save_settings:116 | Skill settings successfully saved to /home/runner/.config/mycroft/skills/mycroft-personal.mycroftai/settings.json
2023-01-13 22:35:47.220 | INFO     |  4358 | mycroft.skills.skill_loader:_communicate_load_status:344 | Skill mycroft-personal.mycroftai loaded successfully
2023-01-13 22:35:47.221 | INFO     |  4358 | mycroft.skills.skill_manager:_load_on_startup:275 | Skills all loaded!
2023-01-13 22:35:47.263 | INFO     |  4358 | mycroft.skills.intent_services.padatious_service:train:151 | Training... (single_thread=False)
2023-01-13 22:35:47.287 | INFO     |  4358 | __main__:on_ready:185 | Skills service is ready.
Regenerated homeassistant.mycroftai:{tracker}.
Regenerated mycroft-alarm.mycroftai:{daytype}.
Regenerated mycroft-timer.mycroftai:start.timer.intent.
Regenerated mycroft-timer.mycroftai:timer.status.intent.
Regenerated mycroft-wiki.mycroftai:Random.intent.
Regenerated mycroft-configuration.mycroftai:EnablePreciseDev.intent.
Regenerated mycroft-configuration.mycroftai:WhereAreYou.intent.
Regenerated mycroft-configuration.mycroftai:DisablePreciseDev.intent.
Regenerated mycroft-stop.mycroftai:wifi.setup.intent.
Regenerated mycroft-stop.mycroftai:shutdown.intent.
Regenerated mycroft-reminder.mycroftai:ClearReminders.intent.
Regenerated mycroft-reminder.mycroftai:GetNextReminders.intent.
Regenerated mycroft-reminder.mycroftai:CancelActiveReminder.intent.
Regenerated mycroft-reminder.mycroftai:SnoozeReminder.intent.
Regenerated mycroft-weather.mycroftai:do-i-need-an-umbrella.intent.
Regenerated mycroft-alarm.mycroftai:change.alarm.sound.intent.
Regenerated mycroft-alarm.mycroftai:snooze.intent.
Regenerated mycroft-hello-world.mycroftai:HowAreYou.intent.
Regenerated mycroft-installer.mycroftai:remove.intent.
Regenerated mycroft-installer.mycroftai:list.skills.intent.
Regenerated mycroft-installer.mycroftai:install.beta.intent.
Regenerated mycroft-installer.mycroftai:install.custom.intent.
Regenerated mycroft-installer.mycroftai:is.installed.intent.
Regenerated mycroft-installer.mycroftai:install.intent.
Regenerated mycroft-naptime.mycroftai:wake-up.intent.
Regenerated mycroft-npr-news.mycroftai:PlayTheNews.intent.
Regenerated mycroft-audio-record.mycroftai:StartRecording.intent.
Regenerated mycroft-audio-record.mycroftai:PlayRecording.intent.
Regenerated mycroft-date-time.mycroftai:what.time.is.it.intent.
Regenerated mycroft-date-time.mycroftai:what.time.will.it.be.intent.
Regenerated mycroft-date-time.mycroftai:date.last.weekend.intent.
Regenerated mycroft-date-time.mycroftai:date.future.weekend.intent.
Regenerated homeassistant.mycroftai:close.intent.
Regenerated homeassistant.mycroftai:automation.intent.
Regenerated homeassistant.mycroftai:turn.off.intent.
Regenerated homeassistant.mycroftai:show.camera.image.intent.
Regenerated homeassistant.mycroftai:toggle.intent.
Regenerated homeassistant.mycroftai:sensor.intent.
Regenerated homeassistant.mycroftai:increase.light.brightness.intent.
Regenerated mycroft-support-helper.mycroftai:contact.support.intent.
Regenerated mycroft-personal.mycroftai:WhatAreYou.intent.
Regenerated mycroft-personal.mycroftai:WhenWereYouBorn.intent.
Regenerated mycroft-personal.mycroftai:WhereWereYouBorn.intent.
Regenerated mycroft-personal.mycroftai:DoYouRhyme.intent.
Regenerated mycroft-personal.mycroftai:WhoAreYou.intent.
Regenerated mycroft-personal.mycroftai:WhoMadeYou.intent.
Regenerated mycroft-personal.mycroftai:DoYouDream.intent.
Regenerated mycroft-stop.mycroftai:reboot.intent.
Regenerated mycroft-stop.mycroftai:ssh.disable.intent.
Regenerated mycroft-stop.mycroftai:ssh.enable.intent.
Regenerated mycroft-reminder.mycroftai:UnspecifiedReminderAt.intent.
Regenerated mycroft-reminder.mycroftai:ReminderAt.intent.
Regenerated mycroft-reminder.mycroftai:DeleteReminderForDay.intent.
Regenerated mycroft-reminder.mycroftai:GetRemindersForDay.intent.
Regenerated mycroft-reminder.mycroftai:Reminder.intent.
Regenerated homeassistant.mycroftai:turn.on.intent.
Regenerated homeassistant.mycroftai:open.intent.
Regenerated homeassistant.mycroftai:stop.intent.
Regenerated homeassistant.mycroftai:set.climate.intent.
Regenerated homeassistant.mycroftai:add.item.shopping.list.intent.
Regenerated homeassistant.mycroftai:tracker.intent.
Regenerated homeassistant.mycroftai:decrease.light.brightness.intent.
Regenerated homeassistant.mycroftai:set.light.brightness.intent.
2023-01-13 22:35:50.063 | INFO     |  4358 | mycroft.skills.intent_services.padatious_service:train:153 | Training complete.
2023-01-13 22:35:54.680 | INFO     |  4358 | HomeAssistantSkill | Dialog
2023-01-13 22:35:54.985 | INFO     |  4358 | mycroft.skills.settings:save_settings:116 | Skill settings successfully saved to /home/runner/.config/mycroft/skills/mycroft-timer.mycroftai/settings.json
2023-01-13 22:35:55.024 | INFO     |  4358 | HomeAssistantSkill | Dialog
2023-01-13 22:35:55.405 | INFO     |  4358 | HomeAssistantSkill | Dialog
2023-01-13 22:35:55.790 | INFO     |  4358 | HomeAssistantSkill | Dialog
2023-01-13 22:35:56.818 | INFO     |  4358 | HomeAssistantSkill | Dialog
2023-01-13 22:35:57.123 | INFO     |  4358 | mycroft.skills.settings:save_settings:116 | Skill settings successfully saved to /home/runner/.config/mycroft/skills/mycroft-pairing.mycroftai/settings.json
2023-01-13 22:36:04.160 | INFO     |  4358 | HomeAssistantSkill | Dialog
2023-01-13 22:36:05.522 | INFO     |  4358 | HomeAssistantSkill | Dialog
2023-01-13 22:36:05.867 | INFO     |  4358 | HomeAssistantSkill | Dialog
2023-01-13 22:36:06.546 | INFO     |  4358 | HomeAssistantSkill | Dialog
2023-01-13 22:36:06.898 | INFO     |  4358 | HomeAssistantSkill | Dialog
2023-01-13 22:36:07.568 | INFO     |  4358 | HomeAssistantSkill | Dialog
2023-01-13 22:36:07.928 | INFO     |  4358 | HomeAssistantSkill | Dialog
2023-01-13 22:36:08.993 | INFO     |  4358 | HomeAssistantSkill | Dialog
2023-01-13 22:36:14.778 | INFO     |  4358 | HomeAssistantSkill | Dialog
2023-01-13 22:36:15.801 | INFO     |  4358 | HomeAssistantSkill | Dialog
2023-01-13 22:36:16.816 | INFO     |  4358 | HomeAssistantSkill | Dialog
2023-01-13 22:36:26.490 | INFO     |  4358 | QuestionsAnswersSkill | Searching for where is France
2023-01-13 22:36:26.535 | INFO     |  4358 | WolframAlphaSkill | WolframAlpha query: where is France
2023-01-13 22:36:26.542 | INFO     |  4358 | mycroft.skills.settings:save_settings:116 | Skill settings successfully saved to /home/runner/.config/mycroft/skills/mycroft-fallback-duck-duck-go.mycroftai/settings.json
2023-01-13 22:36:26.545 | INFO     |  4358 | mycroft.skills.settings:save_settings:116 | Skill settings successfully saved to /home/runner/.config/mycroft/skills/fallback-query.mycroftai/settings.json
2023-01-13 22:36:26.847 | ERROR    |  4358 | mycroft.skills.mycroft_skill.mycroft_skill:on_error:923 | An error occurred while processing a request in Wolfram Alpha Skill
Traceback (most recent call last):
  File "/opt/mycroft-core/mycroft/skills/mycroft_skill/event_container.py", line 73, in wrapper
    handler(message)
  File "/opt/mycroft-core/mycroft/skills/common_query_skill.py", line 108, in __handle_question_query
    match = result[0]
TypeError: 'bool' object is not subscriptable
2023-01-13 22:36:26.850 | ERROR    |  4358 | mycroft.skills.mycroft_skill.mycroft_skill:on_error:923 | An error occurred while processing a request in Pairing Skill
Traceback (most recent call last):
  File "/opt/mycroft-core/mycroft/skills/mycroft_skill/event_container.py", line 73, in wrapper
    handler(message)
  File "/opt/mycroft/skills/mycroft-pairing.mycroftai/__init__.py", line 108, in not_paired
    self.handle_pairing()
TypeError: handle_pairing() missing 1 required positional argument: '_'
2023-01-13 22:36:26.851 | INFO     |  4358 | mycroft.skills.settings:save_settings:116 | Skill settings successfully saved to /home/runner/.config/mycroft/skills/fallback-wolfram-alpha.mycroftai/settings.json
2023-01-13 22:36:36.364 | INFO     |  4358 | QuestionsAnswersSkill | Timeout occured check responses
2023-01-13 22:36:36.490 | INFO     |  4358 | UnknownSkill | Fallback type: question
2023-01-13 22:36:36.792 | INFO     |  4358 | HomeAssistantSkill | Dialog
2023-01-13 22:36:44.606 | WARNING  |  4358 | ConfigurationSkill | Impossible to update configuration because device isn't paired
2023-01-13 22:36:47.185 | ERROR    |  4358 | WeatherSkill | Weather API failure
Traceback (most recent call last):
  File "/opt/mycroft/skills/mycroft-weather.mycroftai/__init__.py", line 1133, in _get_weather
    self.config_core.get("system_unit"), latitude, longitude, self.lang
  File "/opt/mycroft/skills/mycroft-weather.mycroftai/skill/api.py", line 127, in get_weather_for_coordinates
    response = self.request(api_request)
  File "/opt/mycroft-core/mycroft/api/__init__.py", line 64, in request
    return self.send(params)
  File "/opt/mycroft-core/mycroft/api/__init__.py", line 147, in send
    return self.get_response(response, no_refresh)
  File "/opt/mycroft-core/mycroft/api/__init__.py", line 170, in get_response
    raise HTTPError(data, response=response)
requests.exceptions.HTTPError: {'error': 'device not authorized'}
2023-01-13 22:36:47.186 | INFO     |  4358 | mycroft.skills.settings:save_settings:116 | Skill settings successfully saved to /home/runner/.config/mycroft/skills/mycroft-weather.mycroftai/settings.json
2023-01-13 22:36:47.188 | ERROR    |  4358 | mycroft.skills.mycroft_skill.mycroft_skill:on_error:923 | An error occurred while processing a request in Pairing Skill
Traceback (most recent call last):
  File "/opt/mycroft-core/mycroft/skills/mycroft_skill/event_container.py", line 73, in wrapper
    handler(message)
  File "/opt/mycroft/skills/mycroft-pairing.mycroftai/__init__.py", line 108, in not_paired
    self.handle_pairing()
TypeError: handle_pairing() missing 1 required positional argument: '_'
2023-01-13 22:36:57.366 | INFO     |  4358 | HomeAssistantSkill | Dialog
2023-01-13 22:36:57.702 | INFO     |  4358 | HomeAssistantSkill | Dialog
2023-01-13 22:36:58.079 | INFO     |  4358 | HomeAssistantSkill | Dialog
2023-01-13 22:37:08.383 | INFO     |  4358 | HomeAssistantSkill | Dialog
2023-01-13 22:37:08.775 | INFO     |  4358 | __main__:on_stopping:193 | Skills service is shutting down...
2023-01-13 22:37:08.776 | INFO     |  4358 | __main__:shutdown:284 | Shutting down Skills service
ALSA lib confmisc.c:855:(parse_card) cannot find card '0'
ALSA lib conf.c:5178:(_snd_config_evaluate) function snd_func_card_inum returned error: No such file or directory
ALSA lib confmisc.c:422:(snd_func_concat) error evaluating strings
ALSA lib conf.c:5178:(_snd_config_evaluate) function snd_func_concat returned error: No such file or directory
ALSA lib confmisc.c:1334:(snd_func_refer) error evaluating name
ALSA lib conf.c:5178:(_snd_config_evaluate) function snd_func_refer returned error: No such file or directory
ALSA lib conf.c:5701:(snd_config_expand) Evaluate error: No such file or directory
ALSA lib control.c:1528:(snd_ctl_open_noupdate) Invalid CTL default
ALSA lib confmisc.c:855:(parse_card) cannot find card '0'
ALSA lib conf.c:5178:(_snd_config_evaluate) function snd_func_card_inum returned error: No such file or directory
ALSA lib confmisc.c:422:(snd_func_concat) error evaluating strings
ALSA lib conf.c:5178:(_snd_config_evaluate) function snd_func_concat returned error: No such file or directory
ALSA lib confmisc.c:1334:(snd_func_refer) error evaluating name
ALSA lib conf.c:5178:(_snd_config_evaluate) function snd_func_refer returned error: No such file or directory
ALSA lib conf.c:5701:(snd_config_expand) Evaluate error: No such file or directory
ALSA lib control.c:1528:(snd_ctl_open_noupdate) Invalid CTL default
2023-01-13 22:37:08.907 | ERROR    |  4358 | VolumeSkill | Couldn't allocate mixer, ALSAAudioError('No such file or directory [default]')
2023-01-13 22:37:08.909 | INFO     |  4358 | mycroft.skills.settings:save_settings:116 | Skill settings successfully saved to /home/runner/.config/mycroft/skills/mycroft-volume.mycroftai/settings.json
2023-01-13 22:37:08.913 | INFO     |  4358 | mycroft.skills.settings:save_settings:116 | Skill settings successfully saved to /home/runner/.config/mycroft/skills/mycroft-wiki.mycroftai/settings.json
2023-01-13 22:37:08.935 | INFO     |  4358 | mycroft.skills.settings:save_settings:116 | Skill settings successfully saved to /home/runner/.config/mycroft/skills/mycroft-configuration.mycroftai/settings.json
2023-01-13 22:37:08.943 | INFO     |  4358 | mycroft.skills.settings:save_settings:116 | Skill settings successfully saved to /home/runner/.config/mycroft/skills/mycroft-stop.mycroftai/settings.json
2023-01-13 22:37:08.951 | INFO     |  4358 | mycroft.skills.settings:save_settings:116 | Skill settings successfully saved to /home/runner/.config/mycroft/skills/mycroft-reminder.mycroftai/settings.json
2023-01-13 22:37:08.959 | INFO     |  4358 | mycroft.skills.settings:save_settings:116 | Skill settings successfully saved to /home/runner/.config/mycroft/skills/mycroft-ip.mycroftai/settings.json
2023-01-13 22:37:08.961 | INFO     |  4358 | mycroft.skills.settings:save_settings:116 | Skill settings successfully saved to /home/runner/.config/mycroft/skills/mycroft-alarm.mycroftai/settings.json
2023-01-13 22:37:08.970 | INFO     |  4358 | UnknownSkill | Removing all handlers...
2023-01-13 22:37:08.972 | INFO     |  4358 | mycroft.skills.settings:save_settings:116 | Skill settings successfully saved to /home/runner/.config/mycroft/skills/fallback-unknown.mycroftai/settings.json
2023-01-13 22:37:08.973 | INFO     |  4358 | mycroft.skills.settings:save_settings:116 | Skill settings successfully saved to /home/runner/.config/mycroft/skills/mycroft-singing.mycroftai/settings.json
2023-01-13 22:37:08.980 | INFO     |  4358 | mycroft.skills.settings:save_settings:116 | Skill settings successfully saved to /home/runner/.config/mycroft/skills/mycroft-version-checker.mycroftai/settings.json
2023-01-13 22:37:08.999 | INFO     |  4358 | mycroft.skills.settings:save_settings:116 | Skill settings successfully saved to /home/runner/.config/mycroft/skills/mycroft-playback-control.mycroftai/settings.json
2023-01-13 22:37:10.004 | INFO     |  4358 | Playback Control Skill | Audio service status: {}
2023-01-13 22:37:11.005 | WARNING  |  4358 | mycroft.skills.skill_manager:_shutdown_skill:106 | mycroft-playback-control.mycroftai shutdown took 2.006195292999962 seconds
2023-01-13 22:37:11.006 | INFO     |  4358 | mycroft.skills.settings:save_settings:116 | Skill settings successfully saved to /home/runner/.config/mycroft/skills/mycroft-spelling.mycroftai/settings.json
2023-01-13 22:37:11.007 | INFO     |  4358 | mycroft.skills.settings:save_settings:116 | Skill settings successfully saved to /home/runner/.config/mycroft/skills/mycroft-speak.mycroftai/settings.json
2023-01-13 22:37:11.021 | INFO     |  4358 | mycroft.skills.settings:save_settings:116 | Skill settings successfully saved to /home/runner/.config/mycroft/skills/mycroft-hello-world.mycroftai/settings.json
2023-01-13 22:37:11.022 | INFO     |  4358 | mycroft.skills.settings:save_settings:116 | Skill settings successfully saved to /home/runner/.config/mycroft/skills/mycroft-installer.mycroftai/settings.json
2023-01-13 22:37:11.025 | INFO     |  4358 | mycroft.skills.settings:save_settings:116 | Skill settings successfully saved to /home/runner/.config/mycroft/skills/mycroft-naptime.mycroftai/settings.json
2023-01-13 22:37:11.032 | INFO     |  4358 | mycroft.skills.settings:save_settings:116 | Skill settings successfully saved to /home/runner/.config/mycroft/skills/mycroft-npr-news.mycroftai/settings.json
2023-01-13 22:37:11.043 | INFO     |  4358 | mycroft.skills.settings:save_settings:116 | Skill settings successfully saved to /home/runner/.config/mycroft/skills/mycroft-audio-record.mycroftai/settings.json
2023-01-13 22:37:11.050 | INFO     |  4358 | mycroft.skills.settings:save_settings:116 | Skill settings successfully saved to /home/runner/.config/mycroft/skills/mycroft-date-time.mycroftai/settings.json
2023-01-13 22:37:11.056 | INFO     |  4358 | HomeAssistantSkill | Removing all handlers...
2023-01-13 22:37:11.057 | WARNING  |  4358 | mycroft.skills.fallback_skill:remove_fallback:185 | Could not find matching fallback handler
2023-01-13 22:37:11.058 | INFO     |  4358 | QuestionsAnswersSkill | Removing all handlers...
2023-01-13 22:37:11.059 | INFO     |  4358 | mycroft.skills.settings:save_settings:116 | Skill settings successfully saved to /home/runner/.config/mycroft/skills/mycroft-joke.mycroftai/settings.json
2023-01-13 22:37:11.067 | INFO     |  4358 | mycroft.skills.settings:save_settings:116 | Skill settings successfully saved to /home/runner/.config/mycroft/skills/mycroft-support-helper.mycroftai/settings.json
2023-01-13 22:37:11.072 | INFO     |  4358 | mycroft.skills.settings:save_settings:116 | Skill settings successfully saved to /home/runner/.config/mycroft/skills/mycroft-personal.mycroftai/settings.json
2023-01-13 22:37:11.073 | INFO     |  4358 | __main__:shutdown:291 | Skills service shutdown complete!
2023-01-13 22:37:11.074 | ERROR    |  4358 | websocket | error from callback <bound method MessageBusClient.on_message of <mycroft.messagebus.client.client.MessageBusClient object at 0x7f2c8bee7c90>>: cannot schedule new futures after shutdown
2023-01-13 22:37:11.075 | ERROR    |  4358 | mycroft_bus_client.client.client | === RuntimeError('cannot schedule new futures after shutdown') ===
Traceback (most recent call last):
  File "/opt/mycroft-core/.venv/lib/python3.7/site-packages/websocket/_app.py", line 407, in _callback
    callback(self, *args)
  File "/opt/mycroft-core/.venv/lib/python3.7/site-packages/mycroft_bus_client/client/client.py", line 182, in on_message
    self.emitter.emit('message', message)
  File "/opt/mycroft-core/.venv/lib/python3.7/site-packages/pyee/_base.py", line 113, in emit
    handled = self._call_handlers(event, args, kwargs)
  File "/opt/mycroft-core/.venv/lib/python3.7/site-packages/pyee/_base.py", line 96, in _call_handlers
    self._emit_run(f, args, kwargs)
  File "/opt/mycroft-core/.venv/lib/python3.7/site-packages/pyee/_executor.py", line 50, in _emit_run
    future = self._executor.submit(f, *args, **kwargs)
  File "/opt/hostedtoolcache/Python/3.7.15/x64/lib/python3.7/concurrent/futures/thread.py", line 163, in submit
    raise RuntimeError('cannot schedule new futures after shutdown')
RuntimeError: cannot schedule new futures after shutdown
2023-01-13 22:37:11.075 | ERROR    |  4358 | mycroft_bus_client.client.client | Exception closing websocket: RuntimeError('cannot schedule new futures after shutdown')
2023-01-13 22:37:11.075 | WARNING  |  4358 | mycroft_bus_client.client.client | Message Bus Client will reconnect in 5.0 seconds.
