2022-12-20 23:06:43.358 | INFO     |  4485 | mycroft.messagebus.load_config:load_message_bus_config:33 | Loading message bus configs
2022-12-20 23:06:43.381 | INFO     |  4485 | mycroft_bus_client.client.client | Connected
2022-12-20 23:06:43.388 | INFO     |  4485 | mycroft.util.process_utils:start_message_bus_client:155 | Connected to messagebus
2022-12-20 23:06:43.403 | INFO     |  4485 | mycroft.skills.msm_wrapper:create_msm:96 | Acquiring lock to instantiate MSM
2022-12-20 23:06:45.159 | INFO     |  4485 | msm.mycroft_skills_manager | building SkillEntry objects for all skills
2022-12-20 23:06:45.748 | INFO     |  4485 | mycroft.skills.msm_wrapper:create_msm:112 | Releasing MSM instantiation lock.
2022-12-20 23:06:45.749 | INFO     |  4485 | mycroft.skills.skill_updater:_log_next_download_time:267 | Next scheduled skill update: 2022-12-20 23:06:44.749011
2022-12-20 23:06:45.749 | INFO     |  4485 | msm.skill_entry | Downloading skill: https://github.com/mycroftai/skill-pairing
2022-12-20 23:06:46.587 | INFO     |  4485 | msm.skill_entry | Installing system requirements...
2022-12-20 23:06:46.625 | INFO     |  4485 | msm.skill_entry | Successfully installed mycroft-pairing
2022-12-20 23:06:46.625 | INFO     |  4485 | msm.mycroft_skills_manager | invalidating skills cache
2022-12-20 23:06:46.627 | INFO     |  4485 | mycroft.skills.skill_loader:load:185 | ATTEMPTING TO LOAD SKILL: mycroft-pairing.mycroftai
2022-12-20 23:06:46.640 | INFO     |  4485 | mycroft.skills.settings:get_local_settings:83 | /opt/mycroft/skills/mycroft-pairing.mycroftai/settings.json
2022-12-20 23:06:46.666 | INFO     |  4485 | mycroft.skills.skill_loader:_check_for_first_run:324 | First run of mycroft-pairing.mycroftai
2022-12-20 23:06:46.667 | INFO     |  4485 | mycroft.skills.settings:save_settings:116 | Skill settings successfully saved to /home/runner/.config/mycroft/skills/mycroft-pairing.mycroftai/settings.json
2022-12-20 23:06:46.668 | INFO     |  4485 | mycroft.skills.skill_loader:_communicate_load_status:344 | Skill mycroft-pairing.mycroftai loaded successfully
2022-12-20 23:06:46.668 | INFO     |  4485 | msm.skill_entry | Downloading skill: https://github.com/mycroftai/skill-volume
2022-12-20 23:06:47.435 | INFO     |  4485 | msm.skill_entry | Installing system requirements...
2022-12-20 23:06:47.473 | INFO     |  4485 | msm.skill_entry | Installing requirements.txt for mycroft-volume
2022-12-20 23:06:49.010 | INFO     |  4485 | msm.skill_entry | Successfully installed mycroft-volume
2022-12-20 23:06:49.010 | INFO     |  4485 | msm.mycroft_skills_manager | invalidating skills cache
2022-12-20 23:06:49.012 | INFO     |  4485 | mycroft.skills.skill_loader:load:185 | ATTEMPTING TO LOAD SKILL: mycroft-volume.mycroftai
2022-12-20 23:06:49.021 | INFO     |  4485 | mycroft.skills.settings:get_local_settings:83 | /opt/mycroft/skills/mycroft-volume.mycroftai/settings.json
ALSA lib confmisc.c:855:(parse_card) cannot find card '0'
ALSA lib conf.c:5178:(_snd_config_evaluate) function snd_func_card_inum returned error: No such file or directory
ALSA lib confmisc.c:422:(snd_func_concat) error evaluating strings
ALSA lib conf.c:5178:(_snd_config_evaluate) function snd_func_concat returned error: No such file or directory
ALSA lib confmisc.c:1334:(snd_func_refer) error evaluating name
ALSA lib conf.c:5178:(_snd_config_evaluate) function snd_func_refer returned error: No such file or directory
ALSA lib conf.c:5701:(snd_config_expand) Evaluate error: No such file or directory
ALSA lib control.c:1528:(snd_ctl_open_noupdate) Invalid CTL default
ALSA lib confmisc.c:855:(parse_card) cannot find card '0'
ALSA lib conf.c:5178:(_snd_config_evaluate) function snd_func_card_inum returned error: No such file or directory
ALSA lib confmisc.c:422:(snd_func_concat) error evaluating strings
ALSA lib conf.c:5178:(_snd_config_evaluate) function snd_func_concat returned error: No such file or directory
ALSA lib confmisc.c:1334:(snd_func_refer) error evaluating name
ALSA lib conf.c:5178:(_snd_config_evaluate) function snd_func_refer returned error: No such file or directory
ALSA lib conf.c:5701:(snd_config_expand) Evaluate error: No such file or directory
ALSA lib control.c:1528:(snd_ctl_open_noupdate) Invalid CTL default
2022-12-20 23:06:49.135 | ERROR    |  4485 | VolumeSkill | Couldn't allocate mixer, ALSAAudioError('No such file or directory [default]')
2022-12-20 23:06:52.143 | INFO     |  4485 | mycroft.skills.skill_loader:_check_for_first_run:324 | First run of mycroft-volume.mycroftai
2022-12-20 23:06:52.144 | INFO     |  4485 | mycroft.skills.settings:save_settings:116 | Skill settings successfully saved to /home/runner/.config/mycroft/skills/mycroft-volume.mycroftai/settings.json
2022-12-20 23:06:52.145 | INFO     |  4485 | mycroft.skills.skill_loader:_communicate_load_status:344 | Skill mycroft-volume.mycroftai loaded successfully
2022-12-20 23:06:52.146 | INFO     |  4485 | __main__:on_started:177 | Skills service is starting up.
2022-12-20 23:06:52.233 | INFO     |  4485 | __main__:_update_system:154 | Attempting system update...
2022-12-20 23:06:55.244 | INFO     |  4485 | mycroft.enclosure.display_manager:_write_data:70 | Display Manager is creating /tmp/mycroft/ipc/managers/disp_info
2022-12-20 23:06:55.245 | INFO     |  4485 | __main__:_ensure_device_is_paired:133 | Device not paired, invoking the pairing skill
2022-12-20 23:06:55.255 | INFO     |  4485 | __main__:on_alive:181 | Skills service is alive.
2022-12-20 23:06:55.256 | INFO     |  4485 | msm.mycroft_skills_manager | building SkillEntry objects for all skills
2022-12-20 23:06:55.697 | WARNING  |  4485 | msm.mycroft_skills_manager | No such default skill: mycroft-pandora
2022-12-20 23:06:55.698 | INFO     |  4485 | mycroft.skills.skill_manager:run:234 | Not all default skills are installed, performing skill update...
2022-12-20 23:06:55.698 | INFO     |  4485 | mycroft.skills.skill_updater:update_skills:149 | Beginning skill update...
2022-12-20 23:06:55.786 | INFO     |  4485 | msm.mycroft_skills_manager | building SkillEntry objects for all skills
2022-12-20 23:06:55.818 | INFO     |  4485 | PairingSkill | Communicating account URL to user
2022-12-20 23:06:56.271 | INFO     |  4485 | msm.mycroft_skills_manager | invalidating skills cache
2022-12-20 23:06:56.296 | INFO     |  4485 | msm.skill_entry | Downloading skill: https://github.com/mycroftai/fallback-unknown
2022-12-20 23:06:56.298 | INFO     |  4485 | msm.skill_entry | Downloading skill: https://github.com/mycroftai/fallback-wolfram-alpha
2022-12-20 23:06:56.308 | INFO     |  4485 | msm.skill_entry | Downloading skill: https://github.com/mycroftai/skill-alarm
2022-12-20 23:06:56.316 | INFO     |  4485 | msm.skill_entry | Downloading skill: https://github.com/mycroftai/skill-audio-record
2022-12-20 23:06:56.322 | INFO     |  4485 | msm.skill_entry | Downloading skill: https://github.com/mycroftai/skill-configuration
2022-12-20 23:06:56.325 | INFO     |  4485 | msm.skill_entry | Downloading skill: https://github.com/mycroftai/skill-date-time
2022-12-20 23:06:56.336 | INFO     |  4485 | msm.skill_entry | Downloading skill: https://github.com/mycroftai/skill-joke
2022-12-20 23:06:56.345 | INFO     |  4485 | msm.skill_entry | Downloading skill: https://github.com/mycroftai/fallback-duckduckgo
2022-12-20 23:06:56.356 | INFO     |  4485 | msm.skill_entry | Downloading skill: https://github.com/mycroftai/skill-installer
2022-12-20 23:06:56.364 | INFO     |  4485 | msm.skill_entry | Downloading skill: https://github.com/mycroftai/skill-playback-control
2022-12-20 23:06:56.369 | INFO     |  4485 | msm.skill_entry | Downloading skill: https://github.com/mycroftai/skill-personal
2022-12-20 23:06:56.375 | INFO     |  4485 | msm.skill_entry | Downloading skill: https://github.com/mycroftai/skill-hello-world
2022-12-20 23:06:56.380 | INFO     |  4485 | msm.skill_entry | Downloading skill: https://github.com/mycroftai/skill-reminder
2022-12-20 23:06:56.388 | INFO     |  4485 | msm.skill_entry | Downloading skill: https://github.com/mycroftai/skill-ip
2022-12-20 23:06:56.391 | INFO     |  4485 | msm.skill_entry | Downloading skill: https://github.com/mycroftai/skill-naptime
2022-12-20 23:06:56.416 | INFO     |  4485 | msm.skill_entry | Downloading skill: https://github.com/mycroftai/skill-npr-news
2022-12-20 23:06:56.423 | INFO     |  4485 | msm.skill_entry | Downloading skill: https://github.com/mycroftai/skill-singing
2022-12-20 23:06:57.248 | ERROR    |  4485 | msm.mycroft_skills_manager | Error running install_or_update on homeassistant.mycroftai: MergeConflict
2022-12-20 23:06:57.251 | INFO     |  4485 | msm.skill_entry | Downloading skill: https://github.com/mycroftai/skill-speak
2022-12-20 23:06:57.280 | INFO     |  4485 | msm.skill_entry | Installing system requirements...
2022-12-20 23:06:57.301 | INFO     |  4485 | msm.skill_entry | Installing requirements.txt for fallback-wolfram-alpha
2022-12-20 23:06:57.380 | INFO     |  4485 | msm.skill_entry | Installing system requirements...
2022-12-20 23:06:57.540 | INFO     |  4485 | msm.skill_entry | Installing requirements.txt for mycroft-joke
2022-12-20 23:06:57.609 | INFO     |  4485 | msm.skill_entry | Installing system requirements...
2022-12-20 23:06:57.610 | INFO     |  4485 | msm.skill_entry | Installing system requirements...
2022-12-20 23:06:57.714 | INFO     |  4485 | msm.skill_entry | Installing system requirements...
2022-12-20 23:06:57.729 | INFO     |  4485 | msm.skill_entry | Nothing new for mycroft-pairing
2022-12-20 23:06:57.761 | INFO     |  4485 | msm.skill_entry | Installing system requirements...
2022-12-20 23:06:57.763 | INFO     |  4485 | msm.skill_entry | Installing system requirements...
2022-12-20 23:06:57.765 | INFO     |  4485 | msm.skill_entry | Installing requirements.txt for mycroft-ip
2022-12-20 23:06:57.765 | INFO     |  4485 | msm.skill_entry | Successfully installed mycroft-hello-world
2022-12-20 23:06:57.765 | INFO     |  4485 | msm.mycroft_skills_manager | invalidating skills cache
2022-12-20 23:06:57.795 | INFO     |  4485 | msm.skill_entry | Downloading skill: https://github.com/mycroftai/skill-spelling
2022-12-20 23:06:57.832 | INFO     |  4485 | msm.skill_entry | Installing system requirements...
2022-12-20 23:06:57.860 | INFO     |  4485 | msm.skill_entry | Successfully installed mycroft-naptime
2022-12-20 23:06:57.862 | INFO     |  4485 | msm.mycroft_skills_manager | invalidating skills cache
2022-12-20 23:06:57.861 | INFO     |  4485 | msm.skill_entry | Installing system requirements...
2022-12-20 23:06:57.862 | INFO     |  4485 | msm.skill_entry | Installing system requirements...
2022-12-20 23:06:57.870 | INFO     |  4485 | msm.skill_entry | Downloading skill: https://github.com/mycroftai/skill-stop
2022-12-20 23:06:57.913 | INFO     |  4485 | msm.skill_entry | Installing requirements.txt for mycroft-fallback-duck-duck-go
2022-12-20 23:06:57.944 | INFO     |  4485 | msm.skill_entry | Successfully installed fallback-unknown
2022-12-20 23:06:57.944 | INFO     |  4485 | msm.mycroft_skills_manager | invalidating skills cache
2022-12-20 23:06:57.945 | INFO     |  4485 | msm.skill_entry | Downloading skill: https://github.com/mycroftai/skill-support
2022-12-20 23:06:57.950 | INFO     |  4485 | msm.skill_entry | Installing system requirements...
2022-12-20 23:06:57.974 | INFO     |  4485 | msm.skill_entry | Installing system requirements...
2022-12-20 23:06:58.009 | INFO     |  4485 | msm.skill_entry | Installing requirements.txt for mycroft-audio-record
2022-12-20 23:06:58.043 | INFO     |  4485 | msm.skill_entry | Downloading skill: https://github.com/mycroftai/mycroft-timer
2022-12-20 23:06:58.051 | INFO     |  4485 | msm.skill_entry | Successfully installed mycroft-personal
2022-12-20 23:06:58.051 | INFO     |  4485 | msm.mycroft_skills_manager | invalidating skills cache
2022-12-20 23:06:58.052 | INFO     |  4485 | msm.skill_entry | Downloading skill: https://github.com/mycroftai/skill-weather
2022-12-20 23:06:58.069 | INFO     |  4485 | msm.skill_entry | Successfully installed mycroft-reminder
2022-12-20 23:06:58.069 | INFO     |  4485 | msm.mycroft_skills_manager | invalidating skills cache
2022-12-20 23:06:58.075 | INFO     |  4485 | msm.skill_entry | Successfully installed mycroft-playback-control
2022-12-20 23:06:58.075 | INFO     |  4485 | msm.mycroft_skills_manager | invalidating skills cache
2022-12-20 23:06:58.076 | INFO     |  4485 | msm.skill_entry | Downloading skill: https://github.com/mycroftai/skill-wiki
2022-12-20 23:06:58.093 | INFO     |  4485 | msm.skill_entry | Downloading skill: https://github.com/mycroftai/skill-version-checker
2022-12-20 23:06:58.148 | INFO     |  4485 | msm.skill_entry | Installing system requirements...
2022-12-20 23:06:58.172 | INFO     |  4485 | msm.skill_entry | Nothing new for mycroft-volume
2022-12-20 23:06:58.213 | INFO     |  4485 | msm.skill_entry | Installing system requirements...
2022-12-20 23:06:58.228 | INFO     |  4485 | msm.skill_entry | Installing system requirements...
2022-12-20 23:06:58.271 | INFO     |  4485 | msm.skill_entry | Installing requirements.txt for mycroft-configuration
2022-12-20 23:06:58.272 | INFO     |  4485 | msm.skill_entry | Installing system requirements...
2022-12-20 23:06:58.364 | INFO     |  4485 | msm.skill_entry | Installing requirements.txt for mycroft-installer
2022-12-20 23:06:58.367 | INFO     |  4485 | msm.skill_entry | Installing requirements.txt for mycroft-volume
2022-12-20 23:06:58.371 | INFO     |  4485 | msm.skill_entry | Installing system requirements...
2022-12-20 23:06:58.377 | INFO     |  4485 | msm.skill_entry | Installing requirements.txt for mycroft-date-time
2022-12-20 23:06:58.469 | INFO     |  4485 | msm.skill_entry | Successfully installed mycroft-speak
2022-12-20 23:06:58.469 | INFO     |  4485 | msm.mycroft_skills_manager | invalidating skills cache
2022-12-20 23:06:58.471 | INFO     |  4485 | msm.skill_entry | Downloading skill: https://github.com/MycroftAI/skill-query
2022-12-20 23:06:58.739 | INFO     |  4485 | msm.skill_entry | Installing system requirements...
2022-12-20 23:06:58.746 | INFO     |  4485 | msm.skill_entry | Installing system requirements...
2022-12-20 23:06:58.767 | INFO     |  4485 | msm.skill_entry | Installing requirements.txt for mycroft-alarm
2022-12-20 23:06:58.769 | INFO     |  4485 | msm.skill_entry | Installing requirements.txt for mycroft-npr-news
2022-12-20 23:06:58.989 | INFO     |  4485 | msm.skill_entry | Installing system requirements...
2022-12-20 23:06:59.013 | INFO     |  4485 | msm.skill_entry | Installing system requirements...
2022-12-20 23:06:59.078 | INFO     |  4485 | msm.skill_entry | Successfully installed mycroft-stop
2022-12-20 23:06:59.079 | INFO     |  4485 | msm.mycroft_skills_manager | invalidating skills cache
2022-12-20 23:06:59.164 | INFO     |  4485 | msm.skill_entry | Successfully installed mycroft-spelling
2022-12-20 23:06:59.165 | INFO     |  4485 | msm.mycroft_skills_manager | invalidating skills cache
2022-12-20 23:06:59.167 | INFO     |  4485 | msm.skill_entry | Installing system requirements...
2022-12-20 23:06:59.243 | INFO     |  4485 | msm.skill_entry | Installing system requirements...
2022-12-20 23:06:59.282 | INFO     |  4485 | msm.skill_entry | Installing requirements.txt for mycroft-support-helper
2022-12-20 23:06:59.305 | INFO     |  4485 | msm.skill_entry | Installing system requirements...
2022-12-20 23:06:59.383 | INFO     |  4485 | msm.skill_entry | Successfully installed mycroft-version-checker
2022-12-20 23:06:59.384 | INFO     |  4485 | msm.mycroft_skills_manager | invalidating skills cache
2022-12-20 23:06:59.392 | INFO     |  4485 | msm.skill_entry | Installing system requirements...
2022-12-20 23:06:59.409 | INFO     |  4485 | msm.skill_entry | Installing requirements.txt for mycroft-wiki
2022-12-20 23:06:59.473 | INFO     |  4485 | msm.skill_entry | Successfully installed fallback-query
2022-12-20 23:06:59.473 | INFO     |  4485 | msm.mycroft_skills_manager | invalidating skills cache
2022-12-20 23:06:59.626 | INFO     |  4485 | msm.skill_entry | Installing system requirements...
2022-12-20 23:06:59.684 | INFO     |  4485 | msm.skill_entry | Successfully installed mycroft-timer
2022-12-20 23:06:59.684 | INFO     |  4485 | msm.mycroft_skills_manager | invalidating skills cache
2022-12-20 23:06:59.777 | ERROR    |  4485 | msm.mycroft_skills_manager | Error running install_or_update on homeassistant: MergeConflict
2022-12-20 23:06:59.851 | INFO     |  4485 | msm.skill_entry | Installing system requirements...
2022-12-20 23:06:59.897 | INFO     |  4485 | msm.skill_entry | Installing requirements.txt for mycroft-weather
2022-12-20 23:07:00.197 | INFO     |  4485 | msm.skill_entry | Installing system requirements...
2022-12-20 23:07:00.228 | INFO     |  4485 | msm.skill_entry | Successfully installed mycroft-singing
2022-12-20 23:07:00.229 | INFO     |  4485 | msm.mycroft_skills_manager | invalidating skills cache
2022-12-20 23:07:03.108 | INFO     |  4485 | msm.skill_entry | Successfully installed fallback-wolfram-alpha
2022-12-20 23:07:03.109 | INFO     |  4485 | msm.mycroft_skills_manager | invalidating skills cache
2022-12-20 23:07:04.758 | INFO     |  4485 | msm.skill_entry | Successfully installed mycroft-joke
2022-12-20 23:07:04.759 | INFO     |  4485 | msm.mycroft_skills_manager | invalidating skills cache
2022-12-20 23:07:06.069 | INFO     |  4485 | msm.skill_entry | Successfully installed mycroft-ip
2022-12-20 23:07:06.070 | INFO     |  4485 | msm.mycroft_skills_manager | invalidating skills cache
2022-12-20 23:07:08.076 | INFO     |  4485 | msm.skill_entry | Successfully installed mycroft-fallback-duck-duck-go
2022-12-20 23:07:08.082 | INFO     |  4485 | msm.mycroft_skills_manager | invalidating skills cache
2022-12-20 23:07:09.405 | INFO     |  4485 | msm.skill_entry | Successfully installed mycroft-audio-record
2022-12-20 23:07:09.406 | INFO     |  4485 | msm.mycroft_skills_manager | invalidating skills cache
2022-12-20 23:07:13.911 | INFO     |  4485 | msm.skill_entry | Successfully installed mycroft-configuration
2022-12-20 23:07:13.912 | INFO     |  4485 | msm.mycroft_skills_manager | invalidating skills cache
2022-12-20 23:07:15.161 | INFO     |  4485 | msm.skill_entry | Successfully installed mycroft-installer
2022-12-20 23:07:15.161 | INFO     |  4485 | msm.mycroft_skills_manager | invalidating skills cache
2022-12-20 23:07:26.195 | INFO     |  4485 | PairingSkill | Initiating device pairing sequence...
2022-12-20 23:07:26.195 | INFO     |  4485 | PairingSkill | Retrieving pairing code from device API...
2022-12-20 23:07:26.821 | INFO     |  4485 | PairingSkill | Pairing code obtained: YNXHTA
2022-12-20 23:07:26.821 | INFO     |  4485 | PairingSkill | Communicating pairing URL to user
2022-12-20 23:07:40.562 | INFO     |  4485 | msm.skill_entry | Successfully installed mycroft-date-time
2022-12-20 23:07:40.562 | INFO     |  4485 | msm.mycroft_skills_manager | invalidating skills cache
2022-12-20 23:07:41.774 | INFO     |  4485 | msm.skill_entry | Successfully installed mycroft-alarm
2022-12-20 23:07:41.775 | INFO     |  4485 | msm.mycroft_skills_manager | invalidating skills cache
2022-12-20 23:07:47.242 | INFO     |  4485 | msm.skill_entry | Successfully installed mycroft-npr-news
2022-12-20 23:07:47.242 | INFO     |  4485 | msm.mycroft_skills_manager | invalidating skills cache
2022-12-20 23:07:50.181 | INFO     |  4485 | msm.skill_entry | Successfully installed mycroft-support-helper
2022-12-20 23:07:50.182 | INFO     |  4485 | msm.mycroft_skills_manager | invalidating skills cache
2022-12-20 23:07:53.295 | INFO     |  4485 | msm.skill_entry | Successfully installed mycroft-wiki
2022-12-20 23:07:53.295 | INFO     |  4485 | msm.mycroft_skills_manager | invalidating skills cache
2022-12-20 23:07:55.944 | INFO     |  4485 | msm.skill_entry | Successfully installed mycroft-weather
2022-12-20 23:07:55.945 | INFO     |  4485 | msm.mycroft_skills_manager | invalidating skills cache
2022-12-20 23:07:56.014 | INFO     |  4485 | mycroft.skills.skill_updater:_log_next_download_time:267 | Next scheduled skill update: 2022-12-21 00:07:56.013960
2022-12-20 23:07:56.015 | INFO     |  4485 | mycroft.skills.skill_updater:update_skills:170 | Skill update complete
2022-12-20 23:07:56.015 | INFO     |  4485 | mycroft.skills.skill_manager:_load_on_startup:273 | Loading installed skills...
2022-12-20 23:07:56.017 | INFO     |  4485 | mycroft.skills.skill_loader:load:185 | ATTEMPTING TO LOAD SKILL: mycroft-installer.mycroftai
2022-12-20 23:07:56.027 | INFO     |  4485 | mycroft.skills.settings:get_local_settings:83 | /opt/mycroft/skills/mycroft-installer.mycroftai/settings.json
2022-12-20 23:07:56.049 | INFO     |  4485 | mycroft.skills.skill_loader:_check_for_first_run:324 | First run of mycroft-installer.mycroftai
2022-12-20 23:07:56.050 | INFO     |  4485 | mycroft.skills.settings:save_settings:116 | Skill settings successfully saved to /home/runner/.config/mycroft/skills/mycroft-installer.mycroftai/settings.json
2022-12-20 23:07:56.057 | INFO     |  4485 | mycroft.skills.skill_loader:_communicate_load_status:344 | Skill mycroft-installer.mycroftai loaded successfully
2022-12-20 23:07:56.057 | INFO     |  4485 | mycroft.skills.skill_loader:load:185 | ATTEMPTING TO LOAD SKILL: mycroft-version-checker.mycroftai
2022-12-20 23:07:56.072 | INFO     |  4485 | mycroft.skills.settings:get_local_settings:83 | /opt/mycroft/skills/mycroft-version-checker.mycroftai/settings.json
2022-12-20 23:07:56.112 | INFO     |  4485 | mycroft.skills.skill_loader:_check_for_first_run:324 | First run of mycroft-version-checker.mycroftai
2022-12-20 23:07:56.112 | INFO     |  4485 | mycroft.skills.settings:save_settings:116 | Skill settings successfully saved to /home/runner/.config/mycroft/skills/mycroft-version-checker.mycroftai/settings.json
2022-12-20 23:07:56.117 | INFO     |  4485 | mycroft.skills.skill_loader:_communicate_load_status:344 | Skill mycroft-version-checker.mycroftai loaded successfully
2022-12-20 23:07:56.118 | INFO     |  4485 | mycroft.skills.skill_loader:load:185 | ATTEMPTING TO LOAD SKILL: mycroft-singing.mycroftai
2022-12-20 23:07:56.132 | INFO     |  4485 | mycroft.skills.settings:get_local_settings:83 | /opt/mycroft/skills/mycroft-singing.mycroftai/settings.json
2022-12-20 23:07:56.154 | INFO     |  4485 | mycroft.skills.skill_loader:_check_for_first_run:324 | First run of mycroft-singing.mycroftai
2022-12-20 23:07:56.158 | INFO     |  4485 | mycroft.skills.settings:save_settings:116 | Skill settings successfully saved to /home/runner/.config/mycroft/skills/mycroft-singing.mycroftai/settings.json
2022-12-20 23:07:56.161 | INFO     |  4485 | mycroft.skills.skill_loader:_communicate_load_status:344 | Skill mycroft-singing.mycroftai loaded successfully
2022-12-20 23:07:56.162 | INFO     |  4485 | mycroft.skills.skill_loader:load:185 | ATTEMPTING TO LOAD SKILL: mycroft-timer.mycroftai
2022-12-20 23:07:56.182 | INFO     |  4485 | mycroft.skills.settings:get_local_settings:83 | /opt/mycroft/skills/mycroft-timer.mycroftai/settings.json
2022-12-20 23:07:56.334 | INFO     |  4485 | mycroft.skills.skill_loader:_check_for_first_run:324 | First run of mycroft-timer.mycroftai
2022-12-20 23:07:56.339 | INFO     |  4485 | mycroft.skills.settings:save_settings:116 | Skill settings successfully saved to /home/runner/.config/mycroft/skills/mycroft-timer.mycroftai/settings.json
2022-12-20 23:07:56.342 | INFO     |  4485 | mycroft.skills.skill_loader:_communicate_load_status:344 | Skill mycroft-timer.mycroftai loaded successfully
2022-12-20 23:07:56.344 | INFO     |  4485 | mycroft.skills.skill_loader:load:185 | ATTEMPTING TO LOAD SKILL: mycroft-audio-record.mycroftai
2022-12-20 23:07:56.359 | INFO     |  4485 | mycroft.skills.settings:get_local_settings:83 | /opt/mycroft/skills/mycroft-audio-record.mycroftai/settings.json
2022-12-20 23:07:56.392 | INFO     |  4485 | mycroft.skills.skill_loader:_check_for_first_run:324 | First run of mycroft-audio-record.mycroftai
2022-12-20 23:07:56.393 | INFO     |  4485 | mycroft.skills.settings:save_settings:116 | Skill settings successfully saved to /home/runner/.config/mycroft/skills/mycroft-audio-record.mycroftai/settings.json
2022-12-20 23:07:56.394 | INFO     |  4485 | mycroft.skills.skill_loader:_communicate_load_status:344 | Skill mycroft-audio-record.mycroftai loaded successfully
2022-12-20 23:07:56.406 | INFO     |  4485 | mycroft.skills.skill_loader:load:185 | ATTEMPTING TO LOAD SKILL: mycroft-spelling.mycroftai
2022-12-20 23:07:56.414 | INFO     |  4485 | mycroft.skills.settings:get_local_settings:83 | /opt/mycroft/skills/mycroft-spelling.mycroftai/settings.json
2022-12-20 23:07:56.457 | INFO     |  4485 | mycroft.skills.skill_loader:_check_for_first_run:324 | First run of mycroft-spelling.mycroftai
2022-12-20 23:07:56.458 | INFO     |  4485 | mycroft.skills.settings:save_settings:116 | Skill settings successfully saved to /home/runner/.config/mycroft/skills/mycroft-spelling.mycroftai/settings.json
2022-12-20 23:07:56.464 | INFO     |  4485 | mycroft.skills.skill_loader:_communicate_load_status:344 | Skill mycroft-spelling.mycroftai loaded successfully
2022-12-20 23:07:56.465 | INFO     |  4485 | mycroft.skills.skill_loader:load:185 | ATTEMPTING TO LOAD SKILL: mycroft-naptime.mycroftai
2022-12-20 23:07:56.476 | INFO     |  4485 | mycroft.skills.settings:get_local_settings:83 | /opt/mycroft/skills/mycroft-naptime.mycroftai/settings.json
2022-12-20 23:07:56.519 | INFO     |  4485 | mycroft.skills.skill_loader:_check_for_first_run:324 | First run of mycroft-naptime.mycroftai
2022-12-20 23:07:56.520 | INFO     |  4485 | mycroft.skills.settings:save_settings:116 | Skill settings successfully saved to /home/runner/.config/mycroft/skills/mycroft-naptime.mycroftai/settings.json
2022-12-20 23:07:56.521 | INFO     |  4485 | mycroft.skills.skill_loader:_communicate_load_status:344 | Skill mycroft-naptime.mycroftai loaded successfully
2022-12-20 23:07:56.521 | INFO     |  4485 | mycroft.skills.skill_loader:load:185 | ATTEMPTING TO LOAD SKILL: mycroft-alarm.mycroftai
2022-12-20 23:07:56.588 | INFO     |  4485 | mycroft.skills.settings:get_local_settings:83 | /opt/mycroft/skills/mycroft-alarm.mycroftai/settings.json
ALSA lib confmisc.c:855:(parse_card) cannot find card '0'
ALSA lib conf.c:5178:(_snd_config_evaluate) function snd_func_card_inum returned error: No such file or directory
ALSA lib confmisc.c:422:(snd_func_concat) error evaluating strings
ALSA lib conf.c:5178:(_snd_config_evaluate) function snd_func_concat returned error: No such file or directory
ALSA lib confmisc.c:1334:(snd_func_refer) error evaluating name
ALSA lib conf.c:5178:(_snd_config_evaluate) function snd_func_refer returned error: No such file or directory
ALSA lib conf.c:5701:(snd_config_expand) Evaluate error: No such file or directory
ALSA lib control.c:1528:(snd_ctl_open_noupdate) Invalid CTL default
ALSA lib confmisc.c:855:(parse_card) cannot find card '0'
ALSA lib conf.c:5178:(_snd_config_evaluate) function snd_func_card_inum returned error: No such file or directory
ALSA lib confmisc.c:422:(snd_func_concat) error evaluating strings
ALSA lib conf.c:5178:(_snd_config_evaluate) function snd_func_concat returned error: No such file or directory
ALSA lib confmisc.c:1334:(snd_func_refer) error evaluating name
ALSA lib conf.c:5178:(_snd_config_evaluate) function snd_func_refer returned error: No such file or directory
ALSA lib conf.c:5701:(snd_config_expand) Evaluate error: No such file or directory
ALSA lib control.c:1528:(snd_ctl_open_noupdate) Invalid CTL default
2022-12-20 23:07:56.588 | ERROR    |  4485 | AlarmSkill | Couldn't allocate mixer, ALSAAudioError('No such file or directory [default]')
2022-12-20 23:07:56.733 | INFO     |  4485 | mycroft.skills.skill_loader:_check_for_first_run:324 | First run of mycroft-alarm.mycroftai
2022-12-20 23:07:56.735 | INFO     |  4485 | mycroft.skills.settings:save_settings:116 | Skill settings successfully saved to /home/runner/.config/mycroft/skills/mycroft-alarm.mycroftai/settings.json
2022-12-20 23:07:56.739 | INFO     |  4485 | mycroft.skills.skill_loader:_communicate_load_status:344 | Skill mycroft-alarm.mycroftai loaded successfully
2022-12-20 23:07:56.740 | INFO     |  4485 | mycroft.skills.skill_loader:load:185 | ATTEMPTING TO LOAD SKILL: fallback-query.mycroftai
2022-12-20 23:07:56.758 | INFO     |  4485 | mycroft.skills.settings:get_local_settings:83 | /opt/mycroft/skills/fallback-query.mycroftai/settings.json
2022-12-20 23:07:56.789 | INFO     |  4485 | mycroft.skills.skill_loader:_check_for_first_run:324 | First run of fallback-query.mycroftai
2022-12-20 23:07:56.795 | INFO     |  4485 | mycroft.skills.settings:save_settings:116 | Skill settings successfully saved to /home/runner/.config/mycroft/skills/fallback-query.mycroftai/settings.json
2022-12-20 23:07:56.813 | INFO     |  4485 | mycroft.skills.skill_loader:_communicate_load_status:344 | Skill fallback-query.mycroftai loaded successfully
2022-12-20 23:07:56.814 | INFO     |  4485 | mycroft.skills.skill_loader:load:185 | ATTEMPTING TO LOAD SKILL: mycroft-configuration.mycroftai
2022-12-20 23:07:56.837 | INFO     |  4485 | mycroft.skills.settings:get_local_settings:83 | /opt/mycroft/skills/mycroft-configuration.mycroftai/settings.json
2022-12-20 23:07:56.940 | INFO     |  4485 | mycroft.skills.skill_loader:_check_for_first_run:324 | First run of mycroft-configuration.mycroftai
2022-12-20 23:07:56.948 | INFO     |  4485 | mycroft.skills.settings:save_settings:116 | Skill settings successfully saved to /home/runner/.config/mycroft/skills/mycroft-configuration.mycroftai/settings.json
2022-12-20 23:07:56.950 | INFO     |  4485 | mycroft.skills.skill_loader:_communicate_load_status:344 | Skill mycroft-configuration.mycroftai loaded successfully
2022-12-20 23:07:56.951 | INFO     |  4485 | mycroft.skills.skill_loader:load:185 | ATTEMPTING TO LOAD SKILL: mycroft-reminder.mycroftai
2022-12-20 23:07:56.981 | INFO     |  4485 | mycroft.skills.settings:get_local_settings:83 | /opt/mycroft/skills/mycroft-reminder.mycroftai/settings.json
2022-12-20 23:07:57.049 | INFO     |  4485 | mycroft.skills.skill_loader:_check_for_first_run:324 | First run of mycroft-reminder.mycroftai
2022-12-20 23:07:57.057 | INFO     |  4485 | mycroft.skills.settings:save_settings:116 | Skill settings successfully saved to /home/runner/.config/mycroft/skills/mycroft-reminder.mycroftai/settings.json
2022-12-20 23:07:57.059 | INFO     |  4485 | mycroft.skills.skill_loader:_communicate_load_status:344 | Skill mycroft-reminder.mycroftai loaded successfully
2022-12-20 23:07:57.060 | INFO     |  4485 | mycroft.skills.skill_loader:load:185 | ATTEMPTING TO LOAD SKILL: mycroft-date-time.mycroftai
2022-12-20 23:07:58.128 | INFO     |  4485 | mycroft.skills.settings:save_settings:116 | Skill settings successfully saved to /home/runner/.config/mycroft/skills/mycroft-pairing.mycroftai/settings.json
2022-12-20 23:07:58.189 | INFO     |  4485 | mycroft.skills.settings:save_settings:116 | Skill settings successfully saved to /home/runner/.config/mycroft/skills/mycroft-timer.mycroftai/settings.json
2022-12-20 23:07:58.358 | INFO     |  4485 | mycroft.skills.settings:get_local_settings:83 | /opt/mycroft/skills/mycroft-date-time.mycroftai/settings.json
2022-12-20 23:07:58.424 | INFO     |  4485 | TimeSkill | Registering resting screen <bound method TimeSkill.handle_idle of <mycroft-date-time_mycroftai.TimeSkill object at 0x7f45bcc1e150>> for Time and Date.
2022-12-20 23:07:58.426 | INFO     |  4485 | TimeSkill | Registering resting screen
2022-12-20 23:07:58.433 | INFO     |  4485 | mycroft.skills.skill_loader:_check_for_first_run:324 | First run of mycroft-date-time.mycroftai
2022-12-20 23:07:58.434 | INFO     |  4485 | mycroft.skills.settings:save_settings:116 | Skill settings successfully saved to /home/runner/.config/mycroft/skills/mycroft-date-time.mycroftai/settings.json
2022-12-20 23:07:58.615 | INFO     |  4485 | mycroft.skills.skill_loader:_communicate_load_status:344 | Skill mycroft-date-time.mycroftai loaded successfully
2022-12-20 23:07:58.616 | INFO     |  4485 | mycroft.skills.skill_loader:load:185 | ATTEMPTING TO LOAD SKILL: mycroft-speak.mycroftai
2022-12-20 23:07:58.638 | INFO     |  4485 | mycroft.skills.settings:get_local_settings:83 | /opt/mycroft/skills/mycroft-speak.mycroftai/settings.json
2022-12-20 23:07:58.657 | INFO     |  4485 | mycroft.skills.skill_loader:_check_for_first_run:324 | First run of mycroft-speak.mycroftai
2022-12-20 23:07:58.658 | INFO     |  4485 | mycroft.skills.settings:save_settings:116 | Skill settings successfully saved to /home/runner/.config/mycroft/skills/mycroft-speak.mycroftai/settings.json
2022-12-20 23:07:58.676 | INFO     |  4485 | mycroft.skills.skill_loader:_communicate_load_status:344 | Skill mycroft-speak.mycroftai loaded successfully
2022-12-20 23:07:58.677 | INFO     |  4485 | mycroft.skills.skill_loader:load:185 | ATTEMPTING TO LOAD SKILL: homeassistant.mycroftai
2022-12-20 23:07:59.131 | INFO     |  4485 | mycroft.skills.settings:get_local_settings:83 | /opt/mycroft/skills/homeassistant.mycroftai/settings.json
2022-12-20 23:07:59.133 | INFO     |  4485 | mycroft.skills.settings:get_local_settings:83 | /opt/mycroft/skills/homeassistant.mycroftai/settings.json
2022-12-20 23:07:59.279 | INFO     |  4485 | mycroft.skills.skill_loader:_communicate_load_status:344 | Skill homeassistant.mycroftai loaded successfully
2022-12-20 23:07:59.279 | INFO     |  4485 | mycroft.skills.skill_loader:load:185 | ATTEMPTING TO LOAD SKILL: mycroft-hello-world.mycroftai
2022-12-20 23:07:59.285 | INFO     |  4485 | mycroft.skills.settings:get_local_settings:83 | /opt/mycroft/skills/mycroft-hello-world.mycroftai/settings.json
2022-12-20 23:07:59.308 | INFO     |  4485 | mycroft.skills.skill_loader:_check_for_first_run:324 | First run of mycroft-hello-world.mycroftai
2022-12-20 23:07:59.308 | INFO     |  4485 | mycroft.skills.settings:save_settings:116 | Skill settings successfully saved to /home/runner/.config/mycroft/skills/mycroft-hello-world.mycroftai/settings.json
2022-12-20 23:07:59.321 | INFO     |  4485 | mycroft.skills.skill_loader:_communicate_load_status:344 | Skill mycroft-hello-world.mycroftai loaded successfully
2022-12-20 23:07:59.322 | INFO     |  4485 | mycroft.skills.skill_loader:load:185 | ATTEMPTING TO LOAD SKILL: mycroft-fallback-duck-duck-go.mycroftai
2022-12-20 23:07:59.334 | INFO     |  4485 | mycroft.skills.settings:get_local_settings:83 | /opt/mycroft/skills/mycroft-fallback-duck-duck-go.mycroftai/settings.json
2022-12-20 23:07:59.380 | INFO     |  4485 | mycroft.skills.skill_loader:_check_for_first_run:324 | First run of mycroft-fallback-duck-duck-go.mycroftai
2022-12-20 23:07:59.381 | INFO     |  4485 | mycroft.skills.settings:save_settings:116 | Skill settings successfully saved to /home/runner/.config/mycroft/skills/mycroft-fallback-duck-duck-go.mycroftai/settings.json
2022-12-20 23:07:59.394 | INFO     |  4485 | mycroft.skills.skill_loader:_communicate_load_status:344 | Skill mycroft-fallback-duck-duck-go.mycroftai loaded successfully
2022-12-20 23:07:59.395 | INFO     |  4485 | mycroft.skills.skill_loader:load:185 | ATTEMPTING TO LOAD SKILL: mycroft-stop.mycroftai
2022-12-20 23:07:59.406 | INFO     |  4485 | mycroft.skills.settings:get_local_settings:83 | /opt/mycroft/skills/mycroft-stop.mycroftai/settings.json
2022-12-20 23:07:59.447 | INFO     |  4485 | mycroft.skills.skill_loader:_check_for_first_run:324 | First run of mycroft-stop.mycroftai
2022-12-20 23:07:59.448 | INFO     |  4485 | mycroft.skills.settings:save_settings:116 | Skill settings successfully saved to /home/runner/.config/mycroft/skills/mycroft-stop.mycroftai/settings.json
2022-12-20 23:07:59.457 | INFO     |  4485 | mycroft.skills.skill_loader:_communicate_load_status:344 | Skill mycroft-stop.mycroftai loaded successfully
2022-12-20 23:07:59.458 | INFO     |  4485 | mycroft.skills.skill_loader:load:185 | ATTEMPTING TO LOAD SKILL: mycroft-personal.mycroftai
2022-12-20 23:07:59.464 | INFO     |  4485 | mycroft.skills.settings:get_local_settings:83 | /opt/mycroft/skills/mycroft-personal.mycroftai/settings.json
2022-12-20 23:07:59.503 | INFO     |  4485 | mycroft.skills.skill_loader:_check_for_first_run:324 | First run of mycroft-personal.mycroftai
2022-12-20 23:07:59.503 | INFO     |  4485 | mycroft.skills.settings:save_settings:116 | Skill settings successfully saved to /home/runner/.config/mycroft/skills/mycroft-personal.mycroftai/settings.json
2022-12-20 23:07:59.508 | INFO     |  4485 | mycroft.skills.skill_loader:_communicate_load_status:344 | Skill mycroft-personal.mycroftai loaded successfully
2022-12-20 23:07:59.508 | INFO     |  4485 | mycroft.skills.skill_loader:load:185 | ATTEMPTING TO LOAD SKILL: mycroft-support-helper.mycroftai
2022-12-20 23:07:59.516 | INFO     |  4485 | mycroft.skills.settings:get_local_settings:83 | /opt/mycroft/skills/mycroft-support-helper.mycroftai/settings.json
2022-12-20 23:07:59.525 | INFO     |  4485 | mycroft.skills.skill_loader:_check_for_first_run:324 | First run of mycroft-support-helper.mycroftai
2022-12-20 23:07:59.525 | INFO     |  4485 | mycroft.skills.settings:save_settings:116 | Skill settings successfully saved to /home/runner/.config/mycroft/skills/mycroft-support-helper.mycroftai/settings.json
2022-12-20 23:07:59.529 | INFO     |  4485 | mycroft.skills.skill_loader:_communicate_load_status:344 | Skill mycroft-support-helper.mycroftai loaded successfully
2022-12-20 23:07:59.529 | INFO     |  4485 | mycroft.skills.skill_loader:load:185 | ATTEMPTING TO LOAD SKILL: mycroft-wiki.mycroftai
2022-12-20 23:07:59.536 | INFO     |  4485 | mycroft.skills.settings:get_local_settings:83 | /opt/mycroft/skills/mycroft-wiki.mycroftai/settings.json
2022-12-20 23:07:59.562 | INFO     |  4485 | mycroft.skills.skill_loader:_check_for_first_run:324 | First run of mycroft-wiki.mycroftai
2022-12-20 23:07:59.563 | INFO     |  4485 | mycroft.skills.settings:save_settings:116 | Skill settings successfully saved to /home/runner/.config/mycroft/skills/mycroft-wiki.mycroftai/settings.json
2022-12-20 23:07:59.573 | INFO     |  4485 | mycroft.skills.skill_loader:_communicate_load_status:344 | Skill mycroft-wiki.mycroftai loaded successfully
2022-12-20 23:07:59.574 | INFO     |  4485 | mycroft.skills.skill_loader:load:185 | ATTEMPTING TO LOAD SKILL: mycroft-weather.mycroftai
2022-12-20 23:07:59.604 | INFO     |  4485 | mycroft.skills.settings:get_local_settings:83 | /opt/mycroft/skills/mycroft-weather.mycroftai/settings.json
2022-12-20 23:07:59.739 | INFO     |  4485 | mycroft.skills.skill_loader:_check_for_first_run:324 | First run of mycroft-weather.mycroftai
2022-12-20 23:07:59.741 | INFO     |  4485 | mycroft.skills.settings:save_settings:116 | Skill settings successfully saved to /home/runner/.config/mycroft/skills/mycroft-weather.mycroftai/settings.json
2022-12-20 23:07:59.748 | INFO     |  4485 | mycroft.skills.skill_loader:_communicate_load_status:344 | Skill mycroft-weather.mycroftai loaded successfully
2022-12-20 23:07:59.749 | INFO     |  4485 | mycroft.skills.skill_loader:load:185 | ATTEMPTING TO LOAD SKILL: fallback-unknown.mycroftai
2022-12-20 23:07:59.769 | INFO     |  4485 | mycroft.skills.settings:get_local_settings:83 | /opt/mycroft/skills/fallback-unknown.mycroftai/settings.json
2022-12-20 23:07:59.792 | INFO     |  4485 | mycroft.skills.skill_loader:_check_for_first_run:324 | First run of fallback-unknown.mycroftai
2022-12-20 23:07:59.793 | INFO     |  4485 | mycroft.skills.settings:save_settings:116 | Skill settings successfully saved to /home/runner/.config/mycroft/skills/fallback-unknown.mycroftai/settings.json
2022-12-20 23:07:59.794 | INFO     |  4485 | mycroft.skills.skill_loader:_communicate_load_status:344 | Skill fallback-unknown.mycroftai loaded successfully
2022-12-20 23:07:59.800 | INFO     |  4485 | mycroft.skills.skill_loader:load:185 | ATTEMPTING TO LOAD SKILL: fallback-wolfram-alpha.mycroftai
2022-12-20 23:07:59.830 | INFO     |  4485 | mycroft.skills.settings:get_local_settings:83 | /opt/mycroft/skills/fallback-wolfram-alpha.mycroftai/settings.json
2022-12-20 23:07:59.866 | INFO     |  4485 | mycroft.skills.skill_loader:_check_for_first_run:324 | First run of fallback-wolfram-alpha.mycroftai
2022-12-20 23:07:59.880 | INFO     |  4485 | mycroft.skills.settings:save_settings:116 | Skill settings successfully saved to /home/runner/.config/mycroft/skills/fallback-wolfram-alpha.mycroftai/settings.json
2022-12-20 23:07:59.885 | INFO     |  4485 | mycroft.skills.skill_loader:_communicate_load_status:344 | Skill fallback-wolfram-alpha.mycroftai loaded successfully
2022-12-20 23:07:59.885 | INFO     |  4485 | mycroft.skills.skill_loader:load:185 | ATTEMPTING TO LOAD SKILL: mycroft-joke.mycroftai
2022-12-20 23:07:59.894 | INFO     |  4485 | mycroft.skills.settings:get_local_settings:83 | /opt/mycroft/skills/mycroft-joke.mycroftai/settings.json
2022-12-20 23:07:59.937 | INFO     |  4485 | mycroft.skills.skill_loader:_check_for_first_run:324 | First run of mycroft-joke.mycroftai
2022-12-20 23:07:59.938 | INFO     |  4485 | mycroft.skills.settings:save_settings:116 | Skill settings successfully saved to /home/runner/.config/mycroft/skills/mycroft-joke.mycroftai/settings.json
2022-12-20 23:07:59.939 | INFO     |  4485 | mycroft.skills.skill_loader:_communicate_load_status:344 | Skill mycroft-joke.mycroftai loaded successfully
2022-12-20 23:07:59.940 | INFO     |  4485 | mycroft.skills.skill_loader:load:185 | ATTEMPTING TO LOAD SKILL: mycroft-npr-news.mycroftai
2022-12-20 23:08:00.095 | INFO     |  4485 | mycroft.skills.settings:get_local_settings:83 | /opt/mycroft/skills/mycroft-npr-news.mycroftai/settings.json
2022-12-20 23:08:01.138 | INFO     |  4485 | mycroft.skills.skill_loader:_check_for_first_run:324 | First run of mycroft-npr-news.mycroftai
2022-12-20 23:08:01.139 | INFO     |  4485 | mycroft.skills.settings:save_settings:116 | Skill settings successfully saved to /home/runner/.config/mycroft/skills/mycroft-npr-news.mycroftai/settings.json
2022-12-20 23:08:01.140 | INFO     |  4485 | mycroft.skills.skill_loader:_communicate_load_status:344 | Skill mycroft-npr-news.mycroftai loaded successfully
2022-12-20 23:08:01.140 | INFO     |  4485 | mycroft.skills.skill_loader:load:185 | ATTEMPTING TO LOAD SKILL: mycroft-playback-control.mycroftai
2022-12-20 23:08:01.147 | INFO     |  4485 | mycroft.skills.settings:get_local_settings:83 | /opt/mycroft/skills/mycroft-playback-control.mycroftai/settings.json
2022-12-20 23:08:01.205 | INFO     |  4485 | mycroft.skills.skill_loader:_check_for_first_run:324 | First run of mycroft-playback-control.mycroftai
2022-12-20 23:08:01.205 | INFO     |  4485 | mycroft.skills.settings:save_settings:116 | Skill settings successfully saved to /home/runner/.config/mycroft/skills/mycroft-playback-control.mycroftai/settings.json
2022-12-20 23:08:01.213 | INFO     |  4485 | mycroft.skills.skill_loader:_communicate_load_status:344 | Skill mycroft-playback-control.mycroftai loaded successfully
2022-12-20 23:08:01.213 | INFO     |  4485 | mycroft.skills.skill_loader:load:185 | ATTEMPTING TO LOAD SKILL: mycroft-ip.mycroftai
2022-12-20 23:08:01.275 | INFO     |  4485 | mycroft.skills.settings:get_local_settings:83 | /opt/mycroft/skills/mycroft-ip.mycroftai/settings.json
2022-12-20 23:08:01.302 | INFO     |  4485 | mycroft.skills.skill_loader:_check_for_first_run:324 | First run of mycroft-ip.mycroftai
2022-12-20 23:08:01.307 | INFO     |  4485 | mycroft.skills.settings:save_settings:116 | Skill settings successfully saved to /home/runner/.config/mycroft/skills/mycroft-ip.mycroftai/settings.json
2022-12-20 23:08:01.308 | INFO     |  4485 | mycroft.skills.skill_loader:_communicate_load_status:344 | Skill mycroft-ip.mycroftai loaded successfully
2022-12-20 23:08:01.309 | INFO     |  4485 | mycroft.skills.skill_manager:_load_on_startup:275 | Skills all loaded!
2022-12-20 23:08:01.329 | INFO     |  4485 | __main__:on_ready:185 | Skills service is ready.
2022-12-20 23:08:01.424 | INFO     |  4485 | mycroft.skills.intent_services.padatious_service:train:151 | Training... (single_thread=False)
Regenerated mycroft-alarm.mycroftai:{daytype}.
Regenerated mycroft-installer.mycroftai:is.installed.intent.
Regenerated mycroft-installer.mycroftai:install.intent.
Regenerated mycroft-installer.mycroftai:install.custom.intent.
Regenerated mycroft-installer.mycroftai:list.skills.intent.
Regenerated mycroft-installer.mycroftai:remove.intent.
Regenerated mycroft-installer.mycroftai:install.beta.intent.
Regenerated mycroft-timer.mycroftai:start.timer.intent.
Regenerated mycroft-timer.mycroftai:timer.status.intent.
Regenerated mycroft-reminder.mycroftai:CancelActiveReminder.intent.
Regenerated mycroft-date-time.mycroftai:what.time.is.it.intent.
Regenerated mycroft-date-time.mycroftai:date.last.weekend.intent.
Regenerated mycroft-date-time.mycroftai:date.future.weekend.intent.
Regenerated mycroft-date-time.mycroftai:what.time.will.it.be.intent.
Regenerated homeassistant.mycroftai:stop.intent.
Regenerated homeassistant.mycroftai:toggle.intent.
Regenerated homeassistant.mycroftai:decrease.light.brightness.intent.
Regenerated homeassistant.mycroftai:tracker.intent.
Regenerated homeassistant.mycroftai:turn.on.intent.
Regenerated homeassistant.mycroftai:automation.intent.
Regenerated homeassistant.mycroftai:close.intent.
Regenerated mycroft-hello-world.mycroftai:HowAreYou.intent.
Regenerated mycroft-stop.mycroftai:ssh.enable.intent.
Regenerated mycroft-stop.mycroftai:ssh.disable.intent.
Regenerated mycroft-stop.mycroftai:shutdown.intent.
Regenerated mycroft-stop.mycroftai:wifi.setup.intent.
Regenerated mycroft-stop.mycroftai:reboot.intent.
Regenerated mycroft-personal.mycroftai:WhatAreYou.intent.
Regenerated mycroft-personal.mycroftai:WhereWereYouBorn.intent.
Regenerated mycroft-personal.mycroftai:WhoMadeYou.intent.
Regenerated mycroft-personal.mycroftai:DoYouRhyme.intent.
Regenerated mycroft-personal.mycroftai:WhenWereYouBorn.intent.
Regenerated mycroft-personal.mycroftai:WhoAreYou.intent.
Regenerated mycroft-personal.mycroftai:DoYouDream.intent.
Regenerated mycroft-support-helper.mycroftai:contact.support.intent.
Regenerated mycroft-wiki.mycroftai:Random.intent.
Regenerated mycroft-weather.mycroftai:do-i-need-an-umbrella.intent.
Regenerated mycroft-npr-news.mycroftai:PlayTheNews.intent.
Regenerated mycroft-audio-record.mycroftai:PlayRecording.intent.
Regenerated mycroft-audio-record.mycroftai:StartRecording.intent.
Regenerated mycroft-naptime.mycroftai:wake-up.intent.
Regenerated mycroft-alarm.mycroftai:change.alarm.sound.intent.
Regenerated mycroft-alarm.mycroftai:snooze.intent.
Regenerated mycroft-configuration.mycroftai:WhereAreYou.intent.
Regenerated mycroft-configuration.mycroftai:EnablePreciseDev.intent.
Regenerated mycroft-configuration.mycroftai:DisablePreciseDev.intent.
Regenerated mycroft-reminder.mycroftai:DeleteReminderForDay.intent.
Regenerated mycroft-reminder.mycroftai:SnoozeReminder.intent.
Regenerated mycroft-reminder.mycroftai:ClearReminders.intent.
Regenerated mycroft-reminder.mycroftai:GetNextReminders.intent.
Regenerated mycroft-reminder.mycroftai:Reminder.intent.
Regenerated mycroft-reminder.mycroftai:ReminderAt.intent.
Regenerated mycroft-reminder.mycroftai:GetRemindersForDay.intent.
Regenerated mycroft-reminder.mycroftai:UnspecifiedReminderAt.intent.
Regenerated homeassistant.mycroftai:set.light.brightness.intent.
Regenerated homeassistant.mycroftai:show.camera.image.intent.
Regenerated homeassistant.mycroftai:open.intent.
Regenerated homeassistant.mycroftai:add.item.shopping.list.intent.
Regenerated homeassistant.mycroftai:set.climate.intent.
Regenerated homeassistant.mycroftai:increase.light.brightness.intent.
Regenerated homeassistant.mycroftai:sensor.intent.
Regenerated homeassistant.mycroftai:turn.off.intent.
2022-12-20 23:08:05.671 | INFO     |  4485 | mycroft.skills.intent_services.padatious_service:train:153 | Training complete.
2022-12-20 23:08:56.608 | WARNING  |  4485 | ConfigurationSkill | Impossible to update configuration because device isn't paired
2022-12-20 23:09:17.867 | ERROR    |  4485 | WeatherSkill | Weather API failure
Traceback (most recent call last):
  File "/opt/mycroft/skills/mycroft-weather.mycroftai/__init__.py", line 1133, in _get_weather
    self.config_core.get("system_unit"), latitude, longitude, self.lang
  File "/opt/mycroft/skills/mycroft-weather.mycroftai/skill/api.py", line 127, in get_weather_for_coordinates
    response = self.request(api_request)
  File "/opt/mycroft-core/mycroft/api/__init__.py", line 64, in request
    return self.send(params)
  File "/opt/mycroft-core/mycroft/api/__init__.py", line 147, in send
    return self.get_response(response, no_refresh)
  File "/opt/mycroft-core/mycroft/api/__init__.py", line 170, in get_response
    raise HTTPError(data, response=response)
requests.exceptions.HTTPError: {'error': 'device not authorized'}
2022-12-20 23:09:17.868 | INFO     |  4485 | mycroft.skills.settings:save_settings:116 | Skill settings successfully saved to /home/runner/.config/mycroft/skills/mycroft-weather.mycroftai/settings.json
2022-12-20 23:09:17.871 | ERROR    |  4485 | mycroft.skills.mycroft_skill.mycroft_skill:on_error:923 | An error occurred while processing a request in Pairing Skill
Traceback (most recent call last):
  File "/opt/mycroft-core/mycroft/skills/mycroft_skill/event_container.py", line 73, in wrapper
    handler(message)
  File "/opt/mycroft/skills/mycroft-pairing.mycroftai/__init__.py", line 108, in not_paired
    self.handle_pairing()
TypeError: handle_pairing() missing 1 required positional argument: '_'
2022-12-20 23:09:39.111 | INFO     |  4485 | __main__:on_stopping:193 | Skills service is shutting down...
2022-12-20 23:09:39.111 | INFO     |  4485 | __main__:shutdown:284 | Shutting down Skills service
ALSA lib confmisc.c:855:(parse_card) cannot find card '0'
ALSA lib conf.c:5178:(_snd_config_evaluate) function snd_func_card_inum returned error: No such file or directory
ALSA lib confmisc.c:422:(snd_func_concat) error evaluating strings
ALSA lib conf.c:5178:(_snd_config_evaluate) function snd_func_concat returned error: No such file or directory
ALSA lib confmisc.c:1334:(snd_func_refer) error evaluating name
ALSA lib conf.c:5178:(_snd_config_evaluate) function snd_func_refer returned error: No such file or directory
ALSA lib conf.c:5701:(snd_config_expand) Evaluate error: No such file or directory
ALSA lib control.c:1528:(snd_ctl_open_noupdate) Invalid CTL default
ALSA lib confmisc.c:855:(parse_card) cannot find card '0'
ALSA lib conf.c:5178:(_snd_config_evaluate) function snd_func_card_inum returned error: No such file or directory
ALSA lib confmisc.c:422:(snd_func_concat) error evaluating strings
ALSA lib conf.c:5178:(_snd_config_evaluate) function snd_func_concat returned error: No such file or directory
ALSA lib confmisc.c:1334:(snd_func_refer) error evaluating name
ALSA lib conf.c:5178:(_snd_config_evaluate) function snd_func_refer returned error: No such file or directory
ALSA lib conf.c:5701:(snd_config_expand) Evaluate error: No such file or directory
ALSA lib control.c:1528:(snd_ctl_open_noupdate) Invalid CTL default
2022-12-20 23:09:39.239 | ERROR    |  4485 | VolumeSkill | Couldn't allocate mixer, ALSAAudioError('No such file or directory [default]')
2022-12-20 23:09:39.247 | INFO     |  4485 | mycroft.skills.settings:save_settings:116 | Skill settings successfully saved to /home/runner/.config/mycroft/skills/mycroft-volume.mycroftai/settings.json
2022-12-20 23:09:39.253 | INFO     |  4485 | mycroft.skills.settings:save_settings:116 | Skill settings successfully saved to /home/runner/.config/mycroft/skills/mycroft-installer.mycroftai/settings.json
2022-12-20 23:09:39.272 | INFO     |  4485 | mycroft.skills.settings:save_settings:116 | Skill settings successfully saved to /home/runner/.config/mycroft/skills/mycroft-version-checker.mycroftai/settings.json
2022-12-20 23:09:39.284 | INFO     |  4485 | mycroft.skills.settings:save_settings:116 | Skill settings successfully saved to /home/runner/.config/mycroft/skills/mycroft-singing.mycroftai/settings.json
2022-12-20 23:09:39.325 | INFO     |  4485 | mycroft.skills.settings:save_settings:116 | Skill settings successfully saved to /home/runner/.config/mycroft/skills/mycroft-audio-record.mycroftai/settings.json
2022-12-20 23:09:39.327 | INFO     |  4485 | mycroft.skills.settings:save_settings:116 | Skill settings successfully saved to /home/runner/.config/mycroft/skills/mycroft-spelling.mycroftai/settings.json
2022-12-20 23:09:39.328 | INFO     |  4485 | mycroft.skills.settings:save_settings:116 | Skill settings successfully saved to /home/runner/.config/mycroft/skills/mycroft-naptime.mycroftai/settings.json
2022-12-20 23:09:39.329 | INFO     |  4485 | mycroft.skills.settings:save_settings:116 | Skill settings successfully saved to /home/runner/.config/mycroft/skills/mycroft-alarm.mycroftai/settings.json
2022-12-20 23:09:39.329 | INFO     |  4485 | QuestionsAnswersSkill | Removing all handlers...
2022-12-20 23:09:39.330 | INFO     |  4485 | mycroft.skills.settings:save_settings:116 | Skill settings successfully saved to /home/runner/.config/mycroft/skills/fallback-query.mycroftai/settings.json
2022-12-20 23:09:39.337 | INFO     |  4485 | mycroft.skills.settings:save_settings:116 | Skill settings successfully saved to /home/runner/.config/mycroft/skills/mycroft-configuration.mycroftai/settings.json
2022-12-20 23:09:39.340 | INFO     |  4485 | mycroft.skills.settings:save_settings:116 | Skill settings successfully saved to /home/runner/.config/mycroft/skills/mycroft-reminder.mycroftai/settings.json
2022-12-20 23:09:39.348 | INFO     |  4485 | mycroft.skills.settings:save_settings:116 | Skill settings successfully saved to /home/runner/.config/mycroft/skills/mycroft-date-time.mycroftai/settings.json
2022-12-20 23:09:39.352 | INFO     |  4485 | mycroft.skills.settings:save_settings:116 | Skill settings successfully saved to /home/runner/.config/mycroft/skills/mycroft-speak.mycroftai/settings.json
2022-12-20 23:09:39.352 | INFO     |  4485 | HomeAssistantSkill | Removing all handlers...
2022-12-20 23:09:39.359 | WARNING  |  4485 | mycroft.skills.fallback_skill:remove_fallback:185 | Could not find matching fallback handler
2022-12-20 23:09:39.374 | INFO     |  4485 | mycroft.skills.settings:save_settings:116 | Skill settings successfully saved to /home/runner/.config/mycroft/skills/mycroft-hello-world.mycroftai/settings.json
2022-12-20 23:09:39.385 | INFO     |  4485 | mycroft.skills.settings:save_settings:116 | Skill settings successfully saved to /home/runner/.config/mycroft/skills/mycroft-fallback-duck-duck-go.mycroftai/settings.json
2022-12-20 23:09:39.393 | INFO     |  4485 | mycroft.skills.settings:save_settings:116 | Skill settings successfully saved to /home/runner/.config/mycroft/skills/mycroft-stop.mycroftai/settings.json
2022-12-20 23:09:39.395 | INFO     |  4485 | mycroft.skills.settings:save_settings:116 | Skill settings successfully saved to /home/runner/.config/mycroft/skills/mycroft-personal.mycroftai/settings.json
2022-12-20 23:09:39.396 | INFO     |  4485 | mycroft.skills.settings:save_settings:116 | Skill settings successfully saved to /home/runner/.config/mycroft/skills/mycroft-support-helper.mycroftai/settings.json
2022-12-20 23:09:39.398 | INFO     |  4485 | mycroft.skills.settings:save_settings:116 | Skill settings successfully saved to /home/runner/.config/mycroft/skills/mycroft-wiki.mycroftai/settings.json
2022-12-20 23:09:39.400 | INFO     |  4485 | UnknownSkill | Removing all handlers...
2022-12-20 23:09:39.402 | INFO     |  4485 | mycroft.skills.settings:save_settings:116 | Skill settings successfully saved to /home/runner/.config/mycroft/skills/fallback-unknown.mycroftai/settings.json
2022-12-20 23:09:39.409 | INFO     |  4485 | mycroft.skills.settings:save_settings:116 | Skill settings successfully saved to /home/runner/.config/mycroft/skills/fallback-wolfram-alpha.mycroftai/settings.json
2022-12-20 23:09:39.413 | INFO     |  4485 | mycroft.skills.settings:save_settings:116 | Skill settings successfully saved to /home/runner/.config/mycroft/skills/mycroft-joke.mycroftai/settings.json
2022-12-20 23:09:39.424 | INFO     |  4485 | mycroft.skills.settings:save_settings:116 | Skill settings successfully saved to /home/runner/.config/mycroft/skills/mycroft-npr-news.mycroftai/settings.json
2022-12-20 23:09:39.432 | INFO     |  4485 | mycroft.skills.settings:save_settings:116 | Skill settings successfully saved to /home/runner/.config/mycroft/skills/mycroft-playback-control.mycroftai/settings.json
2022-12-20 23:09:40.433 | INFO     |  4485 | Playback Control Skill | Audio service status: {}
2022-12-20 23:09:41.435 | WARNING  |  4485 | mycroft.skills.skill_manager:_shutdown_skill:106 | mycroft-playback-control.mycroftai shutdown took 2.008635351999999 seconds
2022-12-20 23:09:41.436 | INFO     |  4485 | mycroft.skills.settings:save_settings:116 | Skill settings successfully saved to /home/runner/.config/mycroft/skills/mycroft-ip.mycroftai/settings.json
2022-12-20 23:09:41.437 | INFO     |  4485 | __main__:shutdown:291 | Skills service shutdown complete!
2022-12-20 23:09:41.438 | ERROR    |  4485 | websocket | error from callback <bound method MessageBusClient.on_message of <mycroft.messagebus.client.client.MessageBusClient object at 0x7f45c48aa450>>: cannot schedule new futures after shutdown
2022-12-20 23:09:41.438 | ERROR    |  4485 | mycroft_bus_client.client.client | === RuntimeError('cannot schedule new futures after shutdown') ===
Traceback (most recent call last):
  File "/opt/mycroft-core/.venv/lib/python3.7/site-packages/websocket/_app.py", line 407, in _callback
    callback(self, *args)
  File "/opt/mycroft-core/.venv/lib/python3.7/site-packages/mycroft_bus_client/client/client.py", line 182, in on_message
    self.emitter.emit('message', message)
  File "/opt/mycroft-core/.venv/lib/python3.7/site-packages/pyee/_base.py", line 113, in emit
    handled = self._call_handlers(event, args, kwargs)
  File "/opt/mycroft-core/.venv/lib/python3.7/site-packages/pyee/_base.py", line 96, in _call_handlers
    self._emit_run(f, args, kwargs)
  File "/opt/mycroft-core/.venv/lib/python3.7/site-packages/pyee/_executor.py", line 50, in _emit_run
    future = self._executor.submit(f, *args, **kwargs)
  File "/opt/hostedtoolcache/Python/3.7.15/x64/lib/python3.7/concurrent/futures/thread.py", line 163, in submit
    raise RuntimeError('cannot schedule new futures after shutdown')
RuntimeError: cannot schedule new futures after shutdown
2022-12-20 23:09:41.440 | ERROR    |  4485 | mycroft_bus_client.client.client | Exception closing websocket: RuntimeError('cannot schedule new futures after shutdown')
2022-12-20 23:09:41.440 | WARNING  |  4485 | mycroft_bus_client.client.client | Message Bus Client will reconnect in 5.0 seconds.
