2023-01-13 22:27:00.410 | INFO     |  4363 | mycroft.messagebus.load_config:load_message_bus_config:33 | Loading message bus configs
2023-01-13 22:27:00.412 | INFO     |  4363 | mycroft_bus_client.client.client | Connected
2023-01-13 22:27:00.413 | INFO     |  4363 | mycroft.util.process_utils:start_message_bus_client:155 | Connected to messagebus
ALSA lib confmisc.c:855:(parse_card) cannot find card '0'
ALSA lib conf.c:5178:(_snd_config_evaluate) function snd_func_card_inum returned error: No such file or directory
ALSA lib confmisc.c:422:(snd_func_concat) error evaluating strings
ALSA lib conf.c:5178:(_snd_config_evaluate) function snd_func_concat returned error: No such file or directory
ALSA lib confmisc.c:1334:(snd_func_refer) error evaluating name
ALSA lib conf.c:5178:(_snd_config_evaluate) function snd_func_refer returned error: No such file or directory
ALSA lib conf.c:5701:(snd_config_expand) Evaluate error: No such file or directory
ALSA lib pcm.c:2664:(snd_pcm_open_noupdate) Unknown PCM sysdefault
ALSA lib confmisc.c:855:(parse_card) cannot find card '0'
ALSA lib conf.c:5178:(_snd_config_evaluate) function snd_func_card_inum returned error: No such file or directory
ALSA lib confmisc.c:422:(snd_func_concat) error evaluating strings
ALSA lib conf.c:5178:(_snd_config_evaluate) function snd_func_concat returned error: No such file or directory
ALSA lib confmisc.c:1334:(snd_func_refer) error evaluating name
ALSA lib conf.c:5178:(_snd_config_evaluate) function snd_func_refer returned error: No such file or directory
ALSA lib conf.c:5701:(snd_config_expand) Evaluate error: No such file or directory
ALSA lib pcm.c:2664:(snd_pcm_open_noupdate) Unknown PCM sysdefault
ALSA lib pcm.c:2664:(snd_pcm_open_noupdate) Unknown PCM cards.pcm.front
ALSA lib pcm.c:2664:(snd_pcm_open_noupdate) Unknown PCM cards.pcm.rear
ALSA lib pcm.c:2664:(snd_pcm_open_noupdate) Unknown PCM cards.pcm.center_lfe
ALSA lib pcm.c:2664:(snd_pcm_open_noupdate) Unknown PCM cards.pcm.side
ALSA lib pcm.c:2664:(snd_pcm_open_noupdate) Unknown PCM cards.pcm.surround21
ALSA lib pcm.c:2664:(snd_pcm_open_noupdate) Unknown PCM cards.pcm.surround21
ALSA lib pcm.c:2664:(snd_pcm_open_noupdate) Unknown PCM cards.pcm.surround40
ALSA lib pcm.c:2664:(snd_pcm_open_noupdate) Unknown PCM cards.pcm.surround41
ALSA lib pcm.c:2664:(snd_pcm_open_noupdate) Unknown PCM cards.pcm.surround50
ALSA lib pcm.c:2664:(snd_pcm_open_noupdate) Unknown PCM cards.pcm.surround51
ALSA lib pcm.c:2664:(snd_pcm_open_noupdate) Unknown PCM cards.pcm.surround71
ALSA lib pcm.c:2664:(snd_pcm_open_noupdate) Unknown PCM cards.pcm.iec958
ALSA lib pcm.c:2664:(snd_pcm_open_noupdate) Unknown PCM cards.pcm.iec958
ALSA lib pcm.c:2664:(snd_pcm_open_noupdate) Unknown PCM cards.pcm.iec958
ALSA lib pcm.c:2664:(snd_pcm_open_noupdate) Unknown PCM cards.pcm.hdmi
ALSA lib pcm.c:2664:(snd_pcm_open_noupdate) Unknown PCM cards.pcm.hdmi
ALSA lib pcm.c:2664:(snd_pcm_open_noupdate) Unknown PCM cards.pcm.modem
ALSA lib pcm.c:2664:(snd_pcm_open_noupdate) Unknown PCM cards.pcm.modem
ALSA lib pcm.c:2664:(snd_pcm_open_noupdate) Unknown PCM cards.pcm.phoneline
ALSA lib pcm.c:2664:(snd_pcm_open_noupdate) Unknown PCM cards.pcm.phoneline
ALSA lib confmisc.c:165:(snd_config_get_card) Cannot get card index for 0
ALSA lib confmisc.c:165:(snd_config_get_card) Cannot get card index for 0
ALSA lib confmisc.c:165:(snd_config_get_card) Cannot get card index for 0
ALSA lib confmisc.c:165:(snd_config_get_card) Cannot get card index for 0
ALSA lib pcm_oss.c:397:(_snd_pcm_oss_open) Cannot open device /dev/dsp
ALSA lib pcm_oss.c:397:(_snd_pcm_oss_open) Cannot open device /dev/dsp
ALSA lib pulse.c:242:(pulse_connect) PulseAudio: Unable to connect: Connection refused

ALSA lib pulse.c:242:(pulse_connect) PulseAudio: Unable to connect: Connection refused

ALSA lib confmisc.c:165:(snd_config_get_card) Cannot get card index for 0
ALSA lib confmisc.c:165:(snd_config_get_card) Cannot get card index for 0
ALSA lib confmisc.c:165:(snd_config_get_card) Cannot get card index for 0
ALSA lib confmisc.c:165:(snd_config_get_card) Cannot get card index for 0
ALSA lib confmisc.c:160:(snd_config_get_card) Invalid field card
ALSA lib pcm_usb_stream.c:482:(_snd_pcm_usb_stream_open) Invalid card 'card'
ALSA lib confmisc.c:160:(snd_config_get_card) Invalid field card
ALSA lib pcm_usb_stream.c:482:(_snd_pcm_usb_stream_open) Invalid card 'card'
ALSA lib confmisc.c:855:(parse_card) cannot find card '0'
ALSA lib conf.c:5178:(_snd_config_evaluate) function snd_func_card_inum returned error: No such file or directory
ALSA lib confmisc.c:422:(snd_func_concat) error evaluating strings
ALSA lib conf.c:5178:(_snd_config_evaluate) function snd_func_concat returned error: No such file or directory
ALSA lib confmisc.c:1334:(snd_func_refer) error evaluating name
ALSA lib conf.c:5178:(_snd_config_evaluate) function snd_func_refer returned error: No such file or directory
ALSA lib conf.c:5701:(snd_config_expand) Evaluate error: No such file or directory
ALSA lib pcm.c:2664:(snd_pcm_open_noupdate) Unknown PCM default
ALSA lib confmisc.c:855:(parse_card) cannot find card '0'
ALSA lib conf.c:5178:(_snd_config_evaluate) function snd_func_card_inum returned error: No such file or directory
ALSA lib confmisc.c:422:(snd_func_concat) error evaluating strings
ALSA lib conf.c:5178:(_snd_config_evaluate) function snd_func_concat returned error: No such file or directory
ALSA lib confmisc.c:1334:(snd_func_refer) error evaluating name
ALSA lib conf.c:5178:(_snd_config_evaluate) function snd_func_refer returned error: No such file or directory
ALSA lib conf.c:5701:(snd_config_expand) Evaluate error: No such file or directory
ALSA lib pcm.c:2664:(snd_pcm_open_noupdate) Unknown PCM default
ALSA lib confmisc.c:855:(parse_card) cannot find card '0'
ALSA lib conf.c:5178:(_snd_config_evaluate) function snd_func_card_id returned error: No such file or directory
ALSA lib confmisc.c:422:(snd_func_concat) error evaluating strings
ALSA lib conf.c:5178:(_snd_config_evaluate) function snd_func_concat returned error: No such file or directory
ALSA lib confmisc.c:1334:(snd_func_refer) error evaluating name
ALSA lib conf.c:5178:(_snd_config_evaluate) function snd_func_refer returned error: No such file or directory
ALSA lib conf.c:5701:(snd_config_expand) Evaluate error: No such file or directory
ALSA lib pcm.c:2664:(snd_pcm_open_noupdate) Unknown PCM dmix
2023-01-13 22:27:00.501 | INFO     |  4363 | mycroft.client.speech.listener:create_wake_word_recognizer:328 | Creating wake word engine
2023-01-13 22:27:00.501 | INFO     |  4363 | mycroft.client.speech.listener:create_wake_word_recognizer:351 | Using hotword entry for hey mycroft
2023-01-13 22:27:00.502 | INFO     |  4363 | mycroft.client.speech.hotword_factory:load_module:500 | Loading "hey mycroft" wake word via precise
2023-01-13 22:27:01.586 | INFO     |  4363 | mycroft.client.speech.hotword_factory:on_download:322 | Downloading Precise executable...
2023-01-13 22:27:06.590 | INFO     |  4363 | mycroft.client.speech.hotword_factory:during_download:334 | Still downloading executable...
2023-01-13 22:27:06.979 | INFO     |  4363 | mycroft.client.speech.hotword_factory:on_complete:342 | Precise download complete!
2023-01-13 22:27:07.132 | INFO     |  4363 | mycroft.client.speech.hotword_factory:load_module:500 | Loading "hey mycroft" wake word via pocketsphinx
2023-01-13 22:27:07.236 | INFO     |  4363 | mycroft.client.speech.listener:create_wakeup_recognizer:365 | creating stand up word engine
2023-01-13 22:27:07.236 | INFO     |  4363 | mycroft.client.speech.hotword_factory:load_module:500 | Loading "wake up" wake word via pocketsphinx
2023-01-13 22:27:07.338 | INFO     |  4363 | __main__:on_ready:179 | Speech client is ready.
2023-01-13 22:27:07.840 | INFO     |  4363 | mycroft.client.speech.listener:create_wake_word_recognizer:328 | Creating wake word engine
2023-01-13 22:27:07.840 | INFO     |  4363 | mycroft.client.speech.listener:create_wake_word_recognizer:351 | Using hotword entry for hey mycroft
2023-01-13 22:27:07.841 | INFO     |  4363 | mycroft.client.speech.hotword_factory:load_module:500 | Loading "hey mycroft" wake word via precise
2023-01-13 22:27:08.858 | INFO     |  4363 | mycroft.client.speech.hotword_factory:<lambda>:306 | Updated precise model
2023-01-13 22:27:09.082 | INFO     |  4363 | mycroft.client.speech.listener:create_wakeup_recognizer:365 | creating stand up word engine
2023-01-13 22:27:09.082 | INFO     |  4363 | mycroft.client.speech.hotword_factory:load_module:500 | Loading "wake up" wake word via pocketsphinx
2023-01-13 22:29:34.423 | INFO     |  4363 | __main__:on_stopping:183 | Speech service is shutting down...
Exception in thread Thread-10:
Traceback (most recent call last):
  File "/opt/hostedtoolcache/Python/3.7.15/x64/lib/python3.7/threading.py", line 926, in _bootstrap_inner
    self.run()
  File "/opt/mycroft-core/mycroft/client/speech/listener.py", line 79, in run
    with self.mic as source:
  File "/opt/mycroft-core/mycroft/client/speech/mic.py", line 140, in __enter__
    return self._start()
  File "/opt/mycroft-core/mycroft/client/speech/mic.py", line 151, in _start
    input=True,  # stream is an input stream
  File "/opt/mycroft-core/.venv/lib/python3.7/site-packages/pyaudio.py", line 750, in open
    stream = Stream(self, *args, **kwargs)
  File "/opt/mycroft-core/.venv/lib/python3.7/site-packages/pyaudio.py", line 441, in __init__
    self._stream = pa.open(**arguments)
OSError: [Errno -9996] Invalid input device (no default output device)

Exception in thread Thread-16:
Traceback (most recent call last):
  File "/opt/hostedtoolcache/Python/3.7.15/x64/lib/python3.7/threading.py", line 926, in _bootstrap_inner
    self.run()
  File "/opt/mycroft-core/mycroft/client/speech/listener.py", line 79, in run
    with self.mic as source:
  File "/opt/mycroft-core/mycroft/client/speech/mic.py", line 140, in __enter__
    return self._start()
  File "/opt/mycroft-core/mycroft/client/speech/mic.py", line 151, in _start
    input=True,  # stream is an input stream
  File "/opt/mycroft-core/.venv/lib/python3.7/site-packages/pyaudio.py", line 750, in open
    stream = Stream(self, *args, **kwargs)
  File "/opt/mycroft-core/.venv/lib/python3.7/site-packages/pyaudio.py", line 441, in __init__
    self._stream = pa.open(**arguments)
OSError: [Errno -9996] Invalid input device (no default output device)

